2017-07-04 14:57:22 [scrapy.utils.log] INFO: Scrapy 1.4.0 started (bot: kanzhun_search)
2017-07-04 14:57:22 [scrapy.utils.log] INFO: Overridden settings: {'BOT_NAME': 'kanzhun_search', 'FEED_EXPORT_FIELDS': ['positionName', 'salary', 'job_loc', 'job_suffer', 'job_edu', 'job_type', 'job_time', 'companyFullName', 'companySize', 'co_loc', 'industryField', 'co_des', 'description'], 'FEED_FORMAT': 'csv', 'FEED_URI': '%(name)s.csv', 'LOG_FILE': 'kanzhun_search.log', 'LOG_STDOUT': True, 'NEWSPIDER_MODULE': 'kanzhun_search.spiders', 'RETRY_HTTP_CODES': [400, 403, 408, 429, 500, 502, 503], 'RETRY_TIMES': 5, 'SPIDER_MODULES': ['kanzhun_search.spiders']}
2017-07-04 14:57:22 [scrapy.middleware] INFO: Enabled extensions:
['scrapy.extensions.corestats.CoreStats',
 'scrapy.extensions.telnet.TelnetConsole',
 'scrapy.extensions.memusage.MemoryUsage',
 'scrapy.extensions.feedexport.FeedExporter',
 'scrapy.extensions.logstats.LogStats']
2017-07-04 14:57:22 [py.warnings] WARNING: /Users/apple/anaconda/lib/python3.6/site-packages/scrapy/utils/deprecate.py:156: ScrapyDeprecationWarning: `scrapy.contrib.downloadermiddleware.useragent.UserAgentMiddleware` class is deprecated, use `scrapy.downloadermiddlewares.useragent.UserAgentMiddleware` instead
  ScrapyDeprecationWarning)

2017-07-04 14:57:22 [scrapy.middleware] INFO: Enabled downloader middlewares:
['scrapy.downloadermiddlewares.httpauth.HttpAuthMiddleware',
 'scrapy.downloadermiddlewares.downloadtimeout.DownloadTimeoutMiddleware',
 'scrapy.downloadermiddlewares.defaultheaders.DefaultHeadersMiddleware',
 'kanzhun_search.spiders.rotate_useragent.RotateUserAgentMiddleware',
 'scrapy.downloadermiddlewares.retry.RetryMiddleware',
 'scrapy.downloadermiddlewares.redirect.MetaRefreshMiddleware',
 'scrapy.downloadermiddlewares.httpcompression.HttpCompressionMiddleware',
 'scrapy.downloadermiddlewares.redirect.RedirectMiddleware',
 'scrapy.downloadermiddlewares.cookies.CookiesMiddleware',
 'scrapy.downloadermiddlewares.httpproxy.HttpProxyMiddleware',
 'scrapy.downloadermiddlewares.stats.DownloaderStats']
2017-07-04 14:57:22 [scrapy.middleware] INFO: Enabled spider middlewares:
['scrapy.spidermiddlewares.httperror.HttpErrorMiddleware',
 'scrapy.spidermiddlewares.offsite.OffsiteMiddleware',
 'scrapy.spidermiddlewares.referer.RefererMiddleware',
 'scrapy.spidermiddlewares.urllength.UrlLengthMiddleware',
 'scrapy.spidermiddlewares.depth.DepthMiddleware']
2017-07-04 14:57:22 [scrapy.middleware] INFO: Enabled item pipelines:
[]
2017-07-04 14:57:22 [scrapy.core.engine] INFO: Spider opened
2017-07-04 14:57:22 [scrapy.extensions.logstats] INFO: Crawled 0 pages (at 0 pages/min), scraped 0 items (at 0 items/min)
2017-07-04 14:57:22 [scrapy.extensions.telnet] DEBUG: Telnet console listening on 127.0.0.1:6023
2017-07-04 14:57:22 [scrapy.downloadermiddlewares.retry] DEBUG: Retrying <GET http://www.kanzhun.com/jobli_119-t_0-e_0-d_0-s_0-j_0-k_0/p1/?q=%E6%B5%B7%E5%A4%96&ka=paging1> (failed 1 times): 403 Forbidden
2017-07-04 14:57:22 [scrapy.downloadermiddlewares.redirect] DEBUG: Redirecting (302) to <GET http://www.kanzhun.com/captcha/popUpCaptcha?redirect=http%3A%2F%2Fwww.kanzhun.com%2Fjobli_54-t_0-e_0-d_0-s_0-j_0-k_0%2Fp1%2F%3Fq%3D%25E6%25B5%25B7%25E5%25A4%2596%26ka%3Dpaging1> from <GET http://www.kanzhun.com/jobli_54-t_0-e_0-d_0-s_0-j_0-k_0/p1/?q=%E6%B5%B7%E5%A4%96&ka=paging1>
2017-07-04 14:57:22 [scrapy.downloadermiddlewares.redirect] DEBUG: Redirecting (302) to <GET http://www.kanzhun.com/captcha/popUpCaptcha?redirect=http%3A%2F%2Fwww.kanzhun.com%2Fjobli_5-t_0-e_0-d_0-s_0-j_0-k_0%2Fp1%2F%3Fq%3D%25E6%25B5%25B7%25E5%25A4%2596%26ka%3Dpaging1> from <GET http://www.kanzhun.com/jobli_5-t_0-e_0-d_0-s_0-j_0-k_0/p1/?q=%E6%B5%B7%E5%A4%96&ka=paging1>
2017-07-04 14:57:22 [scrapy.downloadermiddlewares.redirect] DEBUG: Redirecting (302) to <GET http://www.kanzhun.com/captcha/popUpCaptcha?redirect=http%3A%2F%2Fwww.kanzhun.com%2Fjobli_116-t_0-e_0-d_0-s_0-j_0-k_0%2Fp1%2F%3Fq%3D%25E6%25B5%25B7%25E5%25A4%2596%26ka%3Dpaging1> from <GET http://www.kanzhun.com/jobli_116-t_0-e_0-d_0-s_0-j_0-k_0/p1/?q=%E6%B5%B7%E5%A4%96&ka=paging1>
2017-07-04 14:57:22 [scrapy.downloadermiddlewares.redirect] DEBUG: Redirecting (302) to <GET http://www.kanzhun.com/captcha/popUpCaptcha?redirect=http%3A%2F%2Fwww.kanzhun.com%2Fjobli_64-t_0-e_0-d_0-s_0-j_0-k_0%2Fp1%2F%3Fq%3D%25E6%25B5%25B7%25E5%25A4%2596%26ka%3Dpaging1> from <GET http://www.kanzhun.com/jobli_64-t_0-e_0-d_0-s_0-j_0-k_0/p1/?q=%E6%B5%B7%E5%A4%96&ka=paging1>
2017-07-04 14:57:22 [scrapy.downloadermiddlewares.retry] DEBUG: Retrying <GET http://www.kanzhun.com/jobli_4-t_0-e_0-d_0-s_0-j_0-k_0/p1/?q=%E6%B5%B7%E5%A4%96&ka=paging1> (failed 1 times): 403 Forbidden
2017-07-04 14:57:22 [scrapy.downloadermiddlewares.retry] DEBUG: Retrying <GET http://www.kanzhun.com/jobli_62-t_0-e_0-d_0-s_0-j_0-k_0/p1/?q=%E6%B5%B7%E5%A4%96&ka=paging1> (failed 1 times): 403 Forbidden
2017-07-04 14:57:22 [scrapy.downloadermiddlewares.redirect] DEBUG: Redirecting (302) to <GET http://www.kanzhun.com/captcha/popUpCaptcha?redirect=http%3A%2F%2Fwww.kanzhun.com%2Fjobli_65-t_0-e_0-d_0-s_0-j_0-k_0%2Fp1%2F%3Fq%3D%25E6%25B5%25B7%25E5%25A4%2596%26ka%3Dpaging1> from <GET http://www.kanzhun.com/jobli_65-t_0-e_0-d_0-s_0-j_0-k_0/p1/?q=%E6%B5%B7%E5%A4%96&ka=paging1>
2017-07-04 14:57:22 [scrapy.downloadermiddlewares.redirect] DEBUG: Redirecting (301) to <GET http://www.kanzhun.com/captcha/popUpCaptcha/?redirect=http%3A%2F%2Fwww.kanzhun.com%2Fjobli_54-t_0-e_0-d_0-s_0-j_0-k_0%2Fp1%2F%3Fq%3D%25E6%25B5%25B7%25E5%25A4%2596%26amp%3Bka%3Dpaging1> from <GET http://www.kanzhun.com/captcha/popUpCaptcha?redirect=http%3A%2F%2Fwww.kanzhun.com%2Fjobli_54-t_0-e_0-d_0-s_0-j_0-k_0%2Fp1%2F%3Fq%3D%25E6%25B5%25B7%25E5%25A4%2596%26ka%3Dpaging1>
2017-07-04 14:57:22 [scrapy.downloadermiddlewares.retry] DEBUG: Retrying <GET http://www.kanzhun.com/jobli_57-t_0-e_0-d_0-s_0-j_0-k_0/p1/?q=%E6%B5%B7%E5%A4%96&ka=paging1> (failed 1 times): 403 Forbidden
2017-07-04 14:57:22 [scrapy.downloadermiddlewares.redirect] DEBUG: Redirecting (301) to <GET http://www.kanzhun.com/captcha/popUpCaptcha/?redirect=http%3A%2F%2Fwww.kanzhun.com%2Fjobli_116-t_0-e_0-d_0-s_0-j_0-k_0%2Fp1%2F%3Fq%3D%25E6%25B5%25B7%25E5%25A4%2596%26amp%3Bka%3Dpaging1> from <GET http://www.kanzhun.com/captcha/popUpCaptcha?redirect=http%3A%2F%2Fwww.kanzhun.com%2Fjobli_116-t_0-e_0-d_0-s_0-j_0-k_0%2Fp1%2F%3Fq%3D%25E6%25B5%25B7%25E5%25A4%2596%26ka%3Dpaging1>
2017-07-04 14:57:22 [scrapy.downloadermiddlewares.retry] DEBUG: Retrying <GET http://www.kanzhun.com/jobli_60-t_0-e_0-d_0-s_0-j_0-k_0/p1/?q=%E6%B5%B7%E5%A4%96&ka=paging1> (failed 1 times): 403 Forbidden
2017-07-04 14:57:22 [scrapy.downloadermiddlewares.retry] DEBUG: Retrying <GET http://www.kanzhun.com/jobli_119-t_0-e_0-d_0-s_0-j_0-k_0/p1/?q=%E6%B5%B7%E5%A4%96&ka=paging1> (failed 2 times): 403 Forbidden
2017-07-04 14:57:22 [scrapy.downloadermiddlewares.retry] DEBUG: Retrying <GET http://www.kanzhun.com/jobli_55-t_0-e_0-d_0-s_0-j_0-k_0/p1/?q=%E6%B5%B7%E5%A4%96&ka=paging1> (failed 1 times): 403 Forbidden
2017-07-04 14:57:22 [scrapy.downloadermiddlewares.retry] DEBUG: Retrying <GET http://www.kanzhun.com/jobli_53-t_0-e_0-d_0-s_0-j_0-k_0/p1/?q=%E6%B5%B7%E5%A4%96&ka=paging1> (failed 1 times): 403 Forbidden
2017-07-04 14:57:22 [scrapy.downloadermiddlewares.retry] DEBUG: Retrying <GET http://www.kanzhun.com/jobli_56-t_0-e_0-d_0-s_0-j_0-k_0/p1/?q=%E6%B5%B7%E5%A4%96&ka=paging1> (failed 1 times): 403 Forbidden
2017-07-04 14:57:22 [scrapy.downloadermiddlewares.redirect] DEBUG: Redirecting (301) to <GET http://www.kanzhun.com/captcha/popUpCaptcha/?redirect=http%3A%2F%2Fwww.kanzhun.com%2Fjobli_64-t_0-e_0-d_0-s_0-j_0-k_0%2Fp1%2F%3Fq%3D%25E6%25B5%25B7%25E5%25A4%2596%26amp%3Bka%3Dpaging1> from <GET http://www.kanzhun.com/captcha/popUpCaptcha?redirect=http%3A%2F%2Fwww.kanzhun.com%2Fjobli_64-t_0-e_0-d_0-s_0-j_0-k_0%2Fp1%2F%3Fq%3D%25E6%25B5%25B7%25E5%25A4%2596%26ka%3Dpaging1>
2017-07-04 14:57:22 [scrapy.downloadermiddlewares.redirect] DEBUG: Redirecting (301) to <GET http://www.kanzhun.com/captcha/popUpCaptcha/?redirect=http%3A%2F%2Fwww.kanzhun.com%2Fjobli_65-t_0-e_0-d_0-s_0-j_0-k_0%2Fp1%2F%3Fq%3D%25E6%25B5%25B7%25E5%25A4%2596%26amp%3Bka%3Dpaging1> from <GET http://www.kanzhun.com/captcha/popUpCaptcha?redirect=http%3A%2F%2Fwww.kanzhun.com%2Fjobli_65-t_0-e_0-d_0-s_0-j_0-k_0%2Fp1%2F%3Fq%3D%25E6%25B5%25B7%25E5%25A4%2596%26ka%3Dpaging1>
2017-07-04 14:57:22 [scrapy.downloadermiddlewares.redirect] DEBUG: Redirecting (301) to <GET http://www.kanzhun.com/captcha/popUpCaptcha/?redirect=http%3A%2F%2Fwww.kanzhun.com%2Fjobli_5-t_0-e_0-d_0-s_0-j_0-k_0%2Fp1%2F%3Fq%3D%25E6%25B5%25B7%25E5%25A4%2596%26amp%3Bka%3Dpaging1> from <GET http://www.kanzhun.com/captcha/popUpCaptcha?redirect=http%3A%2F%2Fwww.kanzhun.com%2Fjobli_5-t_0-e_0-d_0-s_0-j_0-k_0%2Fp1%2F%3Fq%3D%25E6%25B5%25B7%25E5%25A4%2596%26ka%3Dpaging1>
2017-07-04 14:57:22 [scrapy.downloadermiddlewares.retry] DEBUG: Retrying <GET http://www.kanzhun.com/jobli_62-t_0-e_0-d_0-s_0-j_0-k_0/p1/?q=%E6%B5%B7%E5%A4%96&ka=paging1> (failed 2 times): 403 Forbidden
2017-07-04 14:57:22 [scrapy.downloadermiddlewares.retry] DEBUG: Retrying <GET http://www.kanzhun.com/jobli_4-t_0-e_0-d_0-s_0-j_0-k_0/p1/?q=%E6%B5%B7%E5%A4%96&ka=paging1> (failed 2 times): 403 Forbidden
2017-07-04 14:57:22 [scrapy.downloadermiddlewares.retry] DEBUG: Retrying <GET http://www.kanzhun.com/jobli_57-t_0-e_0-d_0-s_0-j_0-k_0/p1/?q=%E6%B5%B7%E5%A4%96&ka=paging1> (failed 2 times): 403 Forbidden
2017-07-04 14:57:22 [scrapy.downloadermiddlewares.retry] DEBUG: Retrying <GET http://www.kanzhun.com/jobli_53-t_0-e_0-d_0-s_0-j_0-k_0/p1/?q=%E6%B5%B7%E5%A4%96&ka=paging1> (failed 2 times): 403 Forbidden
2017-07-04 14:57:22 [scrapy.downloadermiddlewares.retry] DEBUG: Retrying <GET http://www.kanzhun.com/jobli_56-t_0-e_0-d_0-s_0-j_0-k_0/p1/?q=%E6%B5%B7%E5%A4%96&ka=paging1> (failed 2 times): 403 Forbidden
2017-07-04 14:57:22 [scrapy.downloadermiddlewares.retry] DEBUG: Retrying <GET http://www.kanzhun.com/jobli_119-t_0-e_0-d_0-s_0-j_0-k_0/p1/?q=%E6%B5%B7%E5%A4%96&ka=paging1> (failed 3 times): 403 Forbidden
2017-07-04 14:57:22 [scrapy.core.engine] DEBUG: Crawled (200) <GET http://www.kanzhun.com/captcha/popUpCaptcha/?redirect=http%3A%2F%2Fwww.kanzhun.com%2Fjobli_54-t_0-e_0-d_0-s_0-j_0-k_0%2Fp1%2F%3Fq%3D%25E6%25B5%25B7%25E5%25A4%2596%26amp%3Bka%3Dpaging1> (referer: None)
2017-07-04 14:57:22 [scrapy.downloadermiddlewares.retry] DEBUG: Retrying <GET http://www.kanzhun.com/jobli_55-t_0-e_0-d_0-s_0-j_0-k_0/p1/?q=%E6%B5%B7%E5%A4%96&ka=paging1> (failed 2 times): 403 Forbidden
2017-07-04 14:57:22 [scrapy.downloadermiddlewares.retry] DEBUG: Retrying <GET http://www.kanzhun.com/jobli_60-t_0-e_0-d_0-s_0-j_0-k_0/p1/?q=%E6%B5%B7%E5%A4%96&ka=paging1> (failed 2 times): 403 Forbidden
2017-07-04 14:57:22 [scrapy.core.engine] DEBUG: Crawled (200) <GET http://www.kanzhun.com/captcha/popUpCaptcha/?redirect=http%3A%2F%2Fwww.kanzhun.com%2Fjobli_116-t_0-e_0-d_0-s_0-j_0-k_0%2Fp1%2F%3Fq%3D%25E6%25B5%25B7%25E5%25A4%2596%26amp%3Bka%3Dpaging1> (referer: None)
2017-07-04 14:57:22 [scrapy.downloadermiddlewares.retry] DEBUG: Retrying <GET http://www.kanzhun.com/jobli_62-t_0-e_0-d_0-s_0-j_0-k_0/p1/?q=%E6%B5%B7%E5%A4%96&ka=paging1> (failed 3 times): 403 Forbidden
2017-07-04 14:57:22 [scrapy.core.engine] DEBUG: Crawled (200) <GET http://www.kanzhun.com/captcha/popUpCaptcha/?redirect=http%3A%2F%2Fwww.kanzhun.com%2Fjobli_64-t_0-e_0-d_0-s_0-j_0-k_0%2Fp1%2F%3Fq%3D%25E6%25B5%25B7%25E5%25A4%2596%26amp%3Bka%3Dpaging1> (referer: None)
2017-07-04 14:57:22 [scrapy.downloadermiddlewares.retry] DEBUG: Retrying <GET http://www.kanzhun.com/jobli_57-t_0-e_0-d_0-s_0-j_0-k_0/p1/?q=%E6%B5%B7%E5%A4%96&ka=paging1> (failed 3 times): 403 Forbidden
2017-07-04 14:57:22 [scrapy.downloadermiddlewares.retry] DEBUG: Retrying <GET http://www.kanzhun.com/jobli_4-t_0-e_0-d_0-s_0-j_0-k_0/p1/?q=%E6%B5%B7%E5%A4%96&ka=paging1> (failed 3 times): 403 Forbidden
2017-07-04 14:57:22 [scrapy.core.engine] DEBUG: Crawled (200) <GET http://www.kanzhun.com/captcha/popUpCaptcha/?redirect=http%3A%2F%2Fwww.kanzhun.com%2Fjobli_5-t_0-e_0-d_0-s_0-j_0-k_0%2Fp1%2F%3Fq%3D%25E6%25B5%25B7%25E5%25A4%2596%26amp%3Bka%3Dpaging1> (referer: None)
2017-07-04 14:57:22 [scrapy.core.engine] DEBUG: Crawled (200) <GET http://www.kanzhun.com/captcha/popUpCaptcha/?redirect=http%3A%2F%2Fwww.kanzhun.com%2Fjobli_65-t_0-e_0-d_0-s_0-j_0-k_0%2Fp1%2F%3Fq%3D%25E6%25B5%25B7%25E5%25A4%2596%26amp%3Bka%3Dpaging1> (referer: None)
2017-07-04 14:57:22 [stdout] INFO: No next pages, nigga!!
2017-07-04 14:57:22 [stdout] INFO: No next pages, nigga!!
2017-07-04 14:57:22 [scrapy.downloadermiddlewares.retry] DEBUG: Retrying <GET http://www.kanzhun.com/jobli_4-t_0-e_0-d_0-s_0-j_0-k_0/p1/?q=%E6%B5%B7%E5%A4%96&ka=paging1> (failed 4 times): 403 Forbidden
2017-07-04 14:57:22 [scrapy.downloadermiddlewares.retry] DEBUG: Retrying <GET http://www.kanzhun.com/jobli_62-t_0-e_0-d_0-s_0-j_0-k_0/p1/?q=%E6%B5%B7%E5%A4%96&ka=paging1> (failed 4 times): 403 Forbidden
2017-07-04 14:57:22 [scrapy.downloadermiddlewares.retry] DEBUG: Retrying <GET http://www.kanzhun.com/jobli_56-t_0-e_0-d_0-s_0-j_0-k_0/p1/?q=%E6%B5%B7%E5%A4%96&ka=paging1> (failed 3 times): 403 Forbidden
2017-07-04 14:57:22 [scrapy.downloadermiddlewares.retry] DEBUG: Retrying <GET http://www.kanzhun.com/jobli_53-t_0-e_0-d_0-s_0-j_0-k_0/p1/?q=%E6%B5%B7%E5%A4%96&ka=paging1> (failed 3 times): 403 Forbidden
2017-07-04 14:57:22 [scrapy.downloadermiddlewares.retry] DEBUG: Retrying <GET http://www.kanzhun.com/jobli_55-t_0-e_0-d_0-s_0-j_0-k_0/p1/?q=%E6%B5%B7%E5%A4%96&ka=paging1> (failed 3 times): 403 Forbidden
2017-07-04 14:57:22 [scrapy.downloadermiddlewares.retry] DEBUG: Retrying <GET http://www.kanzhun.com/jobli_119-t_0-e_0-d_0-s_0-j_0-k_0/p1/?q=%E6%B5%B7%E5%A4%96&ka=paging1> (failed 4 times): 403 Forbidden
2017-07-04 14:57:22 [scrapy.downloadermiddlewares.retry] DEBUG: Retrying <GET http://www.kanzhun.com/jobli_60-t_0-e_0-d_0-s_0-j_0-k_0/p1/?q=%E6%B5%B7%E5%A4%96&ka=paging1> (failed 3 times): 403 Forbidden
2017-07-04 14:57:22 [scrapy.downloadermiddlewares.retry] DEBUG: Retrying <GET http://www.kanzhun.com/jobli_57-t_0-e_0-d_0-s_0-j_0-k_0/p1/?q=%E6%B5%B7%E5%A4%96&ka=paging1> (failed 4 times): 403 Forbidden
2017-07-04 14:57:22 [stdout] INFO: No next pages, nigga!!
2017-07-04 14:57:23 [stdout] INFO: No next pages, nigga!!
2017-07-04 14:57:23 [stdout] INFO: No next pages, nigga!!
2017-07-04 14:57:23 [scrapy.downloadermiddlewares.retry] DEBUG: Retrying <GET http://www.kanzhun.com/jobli_56-t_0-e_0-d_0-s_0-j_0-k_0/p1/?q=%E6%B5%B7%E5%A4%96&ka=paging1> (failed 4 times): 403 Forbidden
2017-07-04 14:57:23 [scrapy.downloadermiddlewares.retry] DEBUG: Retrying <GET http://www.kanzhun.com/jobli_53-t_0-e_0-d_0-s_0-j_0-k_0/p1/?q=%E6%B5%B7%E5%A4%96&ka=paging1> (failed 4 times): 403 Forbidden
2017-07-04 14:57:23 [scrapy.downloadermiddlewares.retry] DEBUG: Retrying <GET http://www.kanzhun.com/jobli_119-t_0-e_0-d_0-s_0-j_0-k_0/p1/?q=%E6%B5%B7%E5%A4%96&ka=paging1> (failed 5 times): 403 Forbidden
2017-07-04 14:57:23 [scrapy.downloadermiddlewares.retry] DEBUG: Retrying <GET http://www.kanzhun.com/jobli_55-t_0-e_0-d_0-s_0-j_0-k_0/p1/?q=%E6%B5%B7%E5%A4%96&ka=paging1> (failed 4 times): 403 Forbidden
2017-07-04 14:57:23 [scrapy.downloadermiddlewares.retry] DEBUG: Retrying <GET http://www.kanzhun.com/jobli_62-t_0-e_0-d_0-s_0-j_0-k_0/p1/?q=%E6%B5%B7%E5%A4%96&ka=paging1> (failed 5 times): 403 Forbidden
2017-07-04 14:57:23 [scrapy.downloadermiddlewares.retry] DEBUG: Retrying <GET http://www.kanzhun.com/jobli_60-t_0-e_0-d_0-s_0-j_0-k_0/p1/?q=%E6%B5%B7%E5%A4%96&ka=paging1> (failed 4 times): 403 Forbidden
2017-07-04 14:57:23 [scrapy.downloadermiddlewares.retry] DEBUG: Retrying <GET http://www.kanzhun.com/jobli_57-t_0-e_0-d_0-s_0-j_0-k_0/p1/?q=%E6%B5%B7%E5%A4%96&ka=paging1> (failed 5 times): 403 Forbidden
2017-07-04 14:57:23 [scrapy.downloadermiddlewares.retry] DEBUG: Retrying <GET http://www.kanzhun.com/jobli_56-t_0-e_0-d_0-s_0-j_0-k_0/p1/?q=%E6%B5%B7%E5%A4%96&ka=paging1> (failed 5 times): 403 Forbidden
2017-07-04 14:57:23 [scrapy.downloadermiddlewares.retry] DEBUG: Retrying <GET http://www.kanzhun.com/jobli_55-t_0-e_0-d_0-s_0-j_0-k_0/p1/?q=%E6%B5%B7%E5%A4%96&ka=paging1> (failed 5 times): 403 Forbidden
2017-07-04 14:57:23 [scrapy.downloadermiddlewares.retry] DEBUG: Gave up retrying <GET http://www.kanzhun.com/jobli_119-t_0-e_0-d_0-s_0-j_0-k_0/p1/?q=%E6%B5%B7%E5%A4%96&ka=paging1> (failed 6 times): 403 Forbidden
2017-07-04 14:57:23 [scrapy.core.engine] DEBUG: Crawled (403) <GET http://www.kanzhun.com/jobli_119-t_0-e_0-d_0-s_0-j_0-k_0/p1/?q=%E6%B5%B7%E5%A4%96&ka=paging1> (referer: None)
2017-07-04 14:57:23 [scrapy.downloadermiddlewares.retry] DEBUG: Gave up retrying <GET http://www.kanzhun.com/jobli_62-t_0-e_0-d_0-s_0-j_0-k_0/p1/?q=%E6%B5%B7%E5%A4%96&ka=paging1> (failed 6 times): 403 Forbidden
2017-07-04 14:57:23 [scrapy.core.engine] DEBUG: Crawled (403) <GET http://www.kanzhun.com/jobli_62-t_0-e_0-d_0-s_0-j_0-k_0/p1/?q=%E6%B5%B7%E5%A4%96&ka=paging1> (referer: None)
2017-07-04 14:57:23 [scrapy.downloadermiddlewares.retry] DEBUG: Retrying <GET http://www.kanzhun.com/jobli_60-t_0-e_0-d_0-s_0-j_0-k_0/p1/?q=%E6%B5%B7%E5%A4%96&ka=paging1> (failed 5 times): 403 Forbidden
2017-07-04 14:57:23 [scrapy.downloadermiddlewares.retry] DEBUG: Gave up retrying <GET http://www.kanzhun.com/jobli_57-t_0-e_0-d_0-s_0-j_0-k_0/p1/?q=%E6%B5%B7%E5%A4%96&ka=paging1> (failed 6 times): 403 Forbidden
2017-07-04 14:57:23 [scrapy.core.engine] DEBUG: Crawled (403) <GET http://www.kanzhun.com/jobli_57-t_0-e_0-d_0-s_0-j_0-k_0/p1/?q=%E6%B5%B7%E5%A4%96&ka=paging1> (referer: None)
2017-07-04 14:57:23 [scrapy.downloadermiddlewares.retry] DEBUG: Gave up retrying <GET http://www.kanzhun.com/jobli_56-t_0-e_0-d_0-s_0-j_0-k_0/p1/?q=%E6%B5%B7%E5%A4%96&ka=paging1> (failed 6 times): 403 Forbidden
2017-07-04 14:57:23 [scrapy.core.engine] DEBUG: Crawled (403) <GET http://www.kanzhun.com/jobli_56-t_0-e_0-d_0-s_0-j_0-k_0/p1/?q=%E6%B5%B7%E5%A4%96&ka=paging1> (referer: None)
2017-07-04 14:57:23 [scrapy.downloadermiddlewares.retry] DEBUG: Gave up retrying <GET http://www.kanzhun.com/jobli_55-t_0-e_0-d_0-s_0-j_0-k_0/p1/?q=%E6%B5%B7%E5%A4%96&ka=paging1> (failed 6 times): 403 Forbidden
2017-07-04 14:57:23 [scrapy.core.engine] DEBUG: Crawled (403) <GET http://www.kanzhun.com/jobli_55-t_0-e_0-d_0-s_0-j_0-k_0/p1/?q=%E6%B5%B7%E5%A4%96&ka=paging1> (referer: None)
2017-07-04 14:57:23 [scrapy.downloadermiddlewares.retry] DEBUG: Gave up retrying <GET http://www.kanzhun.com/jobli_60-t_0-e_0-d_0-s_0-j_0-k_0/p1/?q=%E6%B5%B7%E5%A4%96&ka=paging1> (failed 6 times): 403 Forbidden
2017-07-04 14:57:23 [scrapy.core.engine] DEBUG: Crawled (403) <GET http://www.kanzhun.com/jobli_60-t_0-e_0-d_0-s_0-j_0-k_0/p1/?q=%E6%B5%B7%E5%A4%96&ka=paging1> (referer: None)
2017-07-04 14:57:23 [scrapy.spidermiddlewares.httperror] INFO: Ignoring response <403 http://www.kanzhun.com/jobli_119-t_0-e_0-d_0-s_0-j_0-k_0/p1/?q=%E6%B5%B7%E5%A4%96&ka=paging1>: HTTP status code is not handled or not allowed
2017-07-04 14:57:23 [scrapy.spidermiddlewares.httperror] INFO: Ignoring response <403 http://www.kanzhun.com/jobli_62-t_0-e_0-d_0-s_0-j_0-k_0/p1/?q=%E6%B5%B7%E5%A4%96&ka=paging1>: HTTP status code is not handled or not allowed
2017-07-04 14:57:23 [scrapy.spidermiddlewares.httperror] INFO: Ignoring response <403 http://www.kanzhun.com/jobli_57-t_0-e_0-d_0-s_0-j_0-k_0/p1/?q=%E6%B5%B7%E5%A4%96&ka=paging1>: HTTP status code is not handled or not allowed
2017-07-04 14:57:23 [scrapy.spidermiddlewares.httperror] INFO: Ignoring response <403 http://www.kanzhun.com/jobli_56-t_0-e_0-d_0-s_0-j_0-k_0/p1/?q=%E6%B5%B7%E5%A4%96&ka=paging1>: HTTP status code is not handled or not allowed
2017-07-04 14:57:23 [scrapy.spidermiddlewares.httperror] INFO: Ignoring response <403 http://www.kanzhun.com/jobli_55-t_0-e_0-d_0-s_0-j_0-k_0/p1/?q=%E6%B5%B7%E5%A4%96&ka=paging1>: HTTP status code is not handled or not allowed
2017-07-04 14:57:23 [scrapy.spidermiddlewares.httperror] INFO: Ignoring response <403 http://www.kanzhun.com/jobli_60-t_0-e_0-d_0-s_0-j_0-k_0/p1/?q=%E6%B5%B7%E5%A4%96&ka=paging1>: HTTP status code is not handled or not allowed
2017-07-04 14:57:23 [scrapy.downloadermiddlewares.retry] DEBUG: Retrying <GET http://www.kanzhun.com/jobli_53-t_0-e_0-d_0-s_0-j_0-k_0/p1/?q=%E6%B5%B7%E5%A4%96&ka=paging1> (failed 5 times): 403 Forbidden
2017-07-04 14:57:23 [scrapy.downloadermiddlewares.retry] DEBUG: Gave up retrying <GET http://www.kanzhun.com/jobli_53-t_0-e_0-d_0-s_0-j_0-k_0/p1/?q=%E6%B5%B7%E5%A4%96&ka=paging1> (failed 6 times): 403 Forbidden
2017-07-04 14:57:23 [scrapy.core.engine] DEBUG: Crawled (403) <GET http://www.kanzhun.com/jobli_53-t_0-e_0-d_0-s_0-j_0-k_0/p1/?q=%E6%B5%B7%E5%A4%96&ka=paging1> (referer: None)
2017-07-04 14:57:23 [scrapy.spidermiddlewares.httperror] INFO: Ignoring response <403 http://www.kanzhun.com/jobli_53-t_0-e_0-d_0-s_0-j_0-k_0/p1/?q=%E6%B5%B7%E5%A4%96&ka=paging1>: HTTP status code is not handled or not allowed
2017-07-04 14:57:25 [scrapy.downloadermiddlewares.retry] DEBUG: Retrying <GET http://www.kanzhun.com/jobli_4-t_0-e_0-d_0-s_0-j_0-k_0/p1/?q=%E6%B5%B7%E5%A4%96&ka=paging1> (failed 5 times): 403 Forbidden
2017-07-04 14:57:25 [scrapy.downloadermiddlewares.retry] DEBUG: Gave up retrying <GET http://www.kanzhun.com/jobli_4-t_0-e_0-d_0-s_0-j_0-k_0/p1/?q=%E6%B5%B7%E5%A4%96&ka=paging1> (failed 6 times): 403 Forbidden
2017-07-04 14:57:25 [scrapy.core.engine] DEBUG: Crawled (403) <GET http://www.kanzhun.com/jobli_4-t_0-e_0-d_0-s_0-j_0-k_0/p1/?q=%E6%B5%B7%E5%A4%96&ka=paging1> (referer: None)
2017-07-04 14:57:25 [scrapy.spidermiddlewares.httperror] INFO: Ignoring response <403 http://www.kanzhun.com/jobli_4-t_0-e_0-d_0-s_0-j_0-k_0/p1/?q=%E6%B5%B7%E5%A4%96&ka=paging1>: HTTP status code is not handled or not allowed
2017-07-04 14:57:25 [scrapy.core.engine] INFO: Closing spider (finished)
2017-07-04 14:57:25 [scrapy.statscollectors] INFO: Dumping Scrapy stats:
{'downloader/request_bytes': 35219,
 'downloader/request_count': 63,
 'downloader/request_method_count/GET': 63,
 'downloader/response_bytes': 18202,
 'downloader/response_count': 63,
 'downloader/response_status_count/200': 5,
 'downloader/response_status_count/301': 5,
 'downloader/response_status_count/302': 5,
 'downloader/response_status_count/403': 48,
 'finish_reason': 'finished',
 'finish_time': datetime.datetime(2017, 7, 4, 6, 57, 25, 970577),
 'httperror/response_ignored_count': 8,
 'httperror/response_ignored_status_count/403': 8,
 'log_count/DEBUG': 72,
 'log_count/INFO': 20,
 'log_count/WARNING': 1,
 'memusage/max': 51191808,
 'memusage/startup': 51191808,
 'response_received_count': 13,
 'retry/count': 40,
 'retry/max_reached': 8,
 'retry/reason_count/403 Forbidden': 40,
 'scheduler/dequeued': 63,
 'scheduler/dequeued/memory': 63,
 'scheduler/enqueued': 63,
 'scheduler/enqueued/memory': 63,
 'start_time': datetime.datetime(2017, 7, 4, 6, 57, 22, 482323)}
2017-07-04 14:57:25 [scrapy.core.engine] INFO: Spider closed (finished)
2017-07-04 15:01:08 [scrapy.utils.log] INFO: Scrapy 1.4.0 started (bot: kanzhun_search)
2017-07-04 15:01:08 [scrapy.utils.log] INFO: Overridden settings: {'AUTOTHROTTLE_ENABLED': True, 'BOT_NAME': 'kanzhun_search', 'FEED_EXPORT_FIELDS': ['positionName', 'salary', 'job_loc', 'job_suffer', 'job_edu', 'job_type', 'job_time', 'companyFullName', 'companySize', 'co_loc', 'industryField', 'co_des', 'description'], 'FEED_FORMAT': 'csv', 'FEED_URI': '%(name)s.csv', 'LOG_FILE': 'kanzhun_search.log', 'LOG_STDOUT': True, 'NEWSPIDER_MODULE': 'kanzhun_search.spiders', 'RETRY_HTTP_CODES': [400, 403, 408, 429, 500, 502, 503], 'RETRY_TIMES': 5, 'SPIDER_MODULES': ['kanzhun_search.spiders']}
2017-07-04 15:01:08 [scrapy.middleware] INFO: Enabled extensions:
['scrapy.extensions.corestats.CoreStats',
 'scrapy.extensions.telnet.TelnetConsole',
 'scrapy.extensions.memusage.MemoryUsage',
 'scrapy.extensions.feedexport.FeedExporter',
 'scrapy.extensions.logstats.LogStats',
 'scrapy.extensions.throttle.AutoThrottle']
2017-07-04 15:01:08 [py.warnings] WARNING: /Users/apple/anaconda/lib/python3.6/site-packages/scrapy/utils/deprecate.py:156: ScrapyDeprecationWarning: `scrapy.contrib.downloadermiddleware.useragent.UserAgentMiddleware` class is deprecated, use `scrapy.downloadermiddlewares.useragent.UserAgentMiddleware` instead
  ScrapyDeprecationWarning)

2017-07-04 15:01:08 [scrapy.middleware] INFO: Enabled downloader middlewares:
['scrapy.downloadermiddlewares.httpauth.HttpAuthMiddleware',
 'scrapy.downloadermiddlewares.downloadtimeout.DownloadTimeoutMiddleware',
 'scrapy.downloadermiddlewares.defaultheaders.DefaultHeadersMiddleware',
 'kanzhun_search.spiders.rotate_useragent.RotateUserAgentMiddleware',
 'scrapy.downloadermiddlewares.retry.RetryMiddleware',
 'scrapy.downloadermiddlewares.redirect.MetaRefreshMiddleware',
 'scrapy.downloadermiddlewares.httpcompression.HttpCompressionMiddleware',
 'scrapy.downloadermiddlewares.redirect.RedirectMiddleware',
 'scrapy.downloadermiddlewares.cookies.CookiesMiddleware',
 'scrapy.downloadermiddlewares.httpproxy.HttpProxyMiddleware',
 'scrapy.downloadermiddlewares.stats.DownloaderStats']
2017-07-04 15:01:08 [scrapy.middleware] INFO: Enabled spider middlewares:
['scrapy.spidermiddlewares.httperror.HttpErrorMiddleware',
 'scrapy.spidermiddlewares.offsite.OffsiteMiddleware',
 'scrapy.spidermiddlewares.referer.RefererMiddleware',
 'scrapy.spidermiddlewares.urllength.UrlLengthMiddleware',
 'scrapy.spidermiddlewares.depth.DepthMiddleware']
2017-07-04 15:01:08 [scrapy.middleware] INFO: Enabled item pipelines:
[]
2017-07-04 15:01:08 [scrapy.core.engine] INFO: Spider opened
2017-07-04 15:01:08 [scrapy.extensions.logstats] INFO: Crawled 0 pages (at 0 pages/min), scraped 0 items (at 0 items/min)
2017-07-04 15:01:08 [scrapy.extensions.telnet] DEBUG: Telnet console listening on 127.0.0.1:6023
2017-07-04 15:01:08 [scrapy.downloadermiddlewares.retry] DEBUG: Retrying <GET http://www.kanzhun.com/jobli_116-t_0-e_0-d_0-s_0-j_0-k_0/p1/?q=%E6%B5%B7%E5%A4%96&ka=paging1> (failed 1 times): 403 Forbidden
2017-07-04 15:01:12 [scrapy.downloadermiddlewares.retry] DEBUG: Retrying <GET http://www.kanzhun.com/jobli_119-t_0-e_0-d_0-s_0-j_0-k_0/p1/?q=%E6%B5%B7%E5%A4%96&ka=paging1> (failed 1 times): 403 Forbidden
2017-07-04 15:01:19 [scrapy.downloadermiddlewares.retry] DEBUG: Retrying <GET http://www.kanzhun.com/jobli_5-t_0-e_0-d_0-s_0-j_0-k_0/p1/?q=%E6%B5%B7%E5%A4%96&ka=paging1> (failed 1 times): 403 Forbidden
2017-07-04 15:01:25 [scrapy.downloadermiddlewares.retry] DEBUG: Retrying <GET http://www.kanzhun.com/jobli_4-t_0-e_0-d_0-s_0-j_0-k_0/p1/?q=%E6%B5%B7%E5%A4%96&ka=paging1> (failed 1 times): 403 Forbidden
2017-07-04 15:01:32 [scrapy.downloadermiddlewares.retry] DEBUG: Retrying <GET http://www.kanzhun.com/jobli_65-t_0-e_0-d_0-s_0-j_0-k_0/p1/?q=%E6%B5%B7%E5%A4%96&ka=paging1> (failed 1 times): 403 Forbidden
2017-07-04 15:01:39 [scrapy.downloadermiddlewares.retry] DEBUG: Retrying <GET http://www.kanzhun.com/jobli_64-t_0-e_0-d_0-s_0-j_0-k_0/p1/?q=%E6%B5%B7%E5%A4%96&ka=paging1> (failed 1 times): 403 Forbidden
2017-07-04 15:01:44 [scrapy.downloadermiddlewares.retry] DEBUG: Retrying <GET http://www.kanzhun.com/jobli_62-t_0-e_0-d_0-s_0-j_0-k_0/p1/?q=%E6%B5%B7%E5%A4%96&ka=paging1> (failed 1 times): 403 Forbidden
2017-07-04 15:01:51 [scrapy.downloadermiddlewares.retry] DEBUG: Retrying <GET http://www.kanzhun.com/jobli_54-t_0-e_0-d_0-s_0-j_0-k_0/p1/?q=%E6%B5%B7%E5%A4%96&ka=paging1> (failed 1 times): 403 Forbidden
2017-07-04 15:01:58 [scrapy.downloadermiddlewares.retry] DEBUG: Retrying <GET http://www.kanzhun.com/jobli_53-t_0-e_0-d_0-s_0-j_0-k_0/p1/?q=%E6%B5%B7%E5%A4%96&ka=paging1> (failed 1 times): 403 Forbidden
2017-07-04 15:02:05 [scrapy.crawler] INFO: Received SIG_UNBLOCK, shutting down gracefully. Send again to force 
2017-07-04 15:02:05 [scrapy.core.engine] INFO: Closing spider (shutdown)
2017-07-04 15:02:05 [scrapy.downloadermiddlewares.retry] DEBUG: Retrying <GET http://www.kanzhun.com/jobli_57-t_0-e_0-d_0-s_0-j_0-k_0/p1/?q=%E6%B5%B7%E5%A4%96&ka=paging1> (failed 1 times): 403 Forbidden
2017-07-04 15:02:05 [scrapy.crawler] INFO: Received SIG_UNBLOCK twice, forcing unclean shutdown
