2017-04-17 23:31:03 [scrapy.utils.log] INFO: Scrapy 1.3.2 started (bot: lagou_search)
2017-04-17 23:31:03 [scrapy.utils.log] INFO: Overridden settings: {'LOG_STDOUT': True, 'RETRY_HTTP_CODES': [400, 403, 404, 408, 429, 500, 502, 503], 'FEED_FORMAT': 'csv', 'AUTOTHROTTLE_START_DELAY': 1, 'AUTOTHROTTLE_MAX_DELAY': 2, 'BOT_NAME': 'lagou_search', 'FEED_EXPORT_FIELDS': ['companyID', 'companyFullName', 'companyShortName', 'companySize', 'financeStage', 'industryField', 'positionID', 'positionName', 'jobNature', 'positionLables', 'city', 'education', 'salary', 'workYear', 'firstType', 'secondType', 'formatCreatedTime', 'scrapeTime', 'description'], 'LOG_LEVEL': 'INFO', 'AUTOTHROTTLE_ENABLED': True, 'SPIDER_MODULES': ['lagou_search.spiders'], 'FEED_URI': '/Users/Han/Desktop/Code/company_info_gleaner/lagou_search/%(name)s_20170417.txt', 'RETRY_TIMES': 5, 'LOG_FILE': 'lagou_search.log', 'NEWSPIDER_MODULE': 'lagou_search.spiders'}
2017-04-17 23:31:03 [scrapy.middleware] INFO: Enabled extensions:
['scrapy.extensions.telnet.TelnetConsole',
 'scrapy.extensions.throttle.AutoThrottle',
 'scrapy.extensions.logstats.LogStats',
 'scrapy.extensions.corestats.CoreStats',
 'scrapy.extensions.feedexport.FeedExporter']
2017-04-17 23:31:03 [scrapy.middleware] INFO: Enabled downloader middlewares:
['lagou_search.middlewares.RandomUserAgentMiddleware',
 'scrapy.downloadermiddlewares.httpauth.HttpAuthMiddleware',
 'scrapy.downloadermiddlewares.downloadtimeout.DownloadTimeoutMiddleware',
 'scrapy.downloadermiddlewares.defaultheaders.DefaultHeadersMiddleware',
 'scrapy.downloadermiddlewares.useragent.UserAgentMiddleware',
 'scrapy.downloadermiddlewares.retry.RetryMiddleware',
 'scrapy.downloadermiddlewares.redirect.MetaRefreshMiddleware',
 'scrapy.downloadermiddlewares.redirect.RedirectMiddleware',
 'scrapy.downloadermiddlewares.cookies.CookiesMiddleware',
 'scrapy.downloadermiddlewares.httpcompression.HttpCompressionMiddleware',
 'scrapy.downloadermiddlewares.stats.DownloaderStats']
2017-04-17 23:31:03 [scrapy.middleware] INFO: Enabled spider middlewares:
['scrapy.spidermiddlewares.httperror.HttpErrorMiddleware',
 'scrapy.spidermiddlewares.offsite.OffsiteMiddleware',
 'scrapy.spidermiddlewares.referer.RefererMiddleware',
 'scrapy.spidermiddlewares.urllength.UrlLengthMiddleware',
 'scrapy.spidermiddlewares.depth.DepthMiddleware']
2017-04-17 23:31:03 [scrapy.middleware] INFO: Enabled item pipelines:
[]
2017-04-17 23:31:03 [scrapy.core.engine] INFO: Spider opened
2017-04-17 23:31:03 [scrapy.extensions.logstats] INFO: Crawled 0 pages (at 0 pages/min), scraped 0 items (at 0 items/min)
2017-04-17 23:31:04 [stdout] INFO: Scraping Page Number 1
2017-04-17 23:31:04 [requests.packages.urllib3.connectionpool] INFO: Starting new HTTPS connection (1): www.lagou.com
2017-04-17 23:31:05 [stdout] INFO: the pos parsing result is 200
2017-04-17 23:31:05 [requests.packages.urllib3.connectionpool] INFO: Starting new HTTPS connection (1): www.lagou.com
2017-04-17 23:31:05 [stdout] INFO: the pos parsing result is 200
2017-04-17 23:31:05 [requests.packages.urllib3.connectionpool] INFO: Starting new HTTPS connection (1): www.lagou.com
2017-04-17 23:31:06 [stdout] INFO: the pos parsing result is 200
2017-04-17 23:31:06 [requests.packages.urllib3.connectionpool] INFO: Starting new HTTPS connection (1): www.lagou.com
2017-04-17 23:31:06 [stdout] INFO: the pos parsing result is 200
2017-04-17 23:31:06 [requests.packages.urllib3.connectionpool] INFO: Starting new HTTPS connection (1): www.lagou.com
2017-04-17 23:31:07 [stdout] INFO: the pos parsing result is 200
2017-04-17 23:31:07 [requests.packages.urllib3.connectionpool] INFO: Starting new HTTPS connection (1): www.lagou.com
2017-04-17 23:31:07 [stdout] INFO: the pos parsing result is 200
2017-04-17 23:31:07 [requests.packages.urllib3.connectionpool] INFO: Starting new HTTPS connection (1): www.lagou.com
2017-04-17 23:31:07 [stdout] INFO: the pos parsing result is 200
2017-04-17 23:31:07 [requests.packages.urllib3.connectionpool] INFO: Starting new HTTPS connection (1): www.lagou.com
2017-04-17 23:31:08 [stdout] INFO: the pos parsing result is 200
2017-04-17 23:31:08 [requests.packages.urllib3.connectionpool] INFO: Starting new HTTPS connection (1): www.lagou.com
2017-04-17 23:31:09 [stdout] INFO: the pos parsing result is 200
2017-04-17 23:31:09 [requests.packages.urllib3.connectionpool] INFO: Starting new HTTPS connection (1): www.lagou.com
2017-04-17 23:31:09 [stdout] INFO: the pos parsing result is 200
2017-04-17 23:31:09 [requests.packages.urllib3.connectionpool] INFO: Starting new HTTPS connection (1): www.lagou.com
2017-04-17 23:31:10 [stdout] INFO: the pos parsing result is 200
2017-04-17 23:31:10 [requests.packages.urllib3.connectionpool] INFO: Starting new HTTPS connection (1): www.lagou.com
2017-04-17 23:31:10 [stdout] INFO: the pos parsing result is 200
2017-04-17 23:31:10 [requests.packages.urllib3.connectionpool] INFO: Starting new HTTPS connection (1): www.lagou.com
2017-04-17 23:31:10 [stdout] INFO: the pos parsing result is 200
2017-04-17 23:31:10 [requests.packages.urllib3.connectionpool] INFO: Starting new HTTPS connection (1): www.lagou.com
2017-04-17 23:31:11 [stdout] INFO: the pos parsing result is 200
2017-04-17 23:31:11 [requests.packages.urllib3.connectionpool] INFO: Starting new HTTPS connection (1): www.lagou.com
2017-04-17 23:31:11 [stdout] INFO: the pos parsing result is 200
2017-04-17 23:31:11 [stdout] INFO: Scraping Page Number 2
2017-04-17 23:31:11 [requests.packages.urllib3.connectionpool] INFO: Starting new HTTPS connection (1): www.lagou.com
2017-04-17 23:31:12 [stdout] INFO: the pos parsing result is 200
2017-04-17 23:31:12 [requests.packages.urllib3.connectionpool] INFO: Starting new HTTPS connection (1): www.lagou.com
2017-04-17 23:31:12 [stdout] INFO: the pos parsing result is 200
2017-04-17 23:31:12 [requests.packages.urllib3.connectionpool] INFO: Starting new HTTPS connection (1): www.lagou.com
2017-04-17 23:31:12 [stdout] INFO: the pos parsing result is 200
2017-04-17 23:31:12 [requests.packages.urllib3.connectionpool] INFO: Starting new HTTPS connection (1): www.lagou.com
2017-04-17 23:31:13 [stdout] INFO: the pos parsing result is 200
2017-04-17 23:31:13 [requests.packages.urllib3.connectionpool] INFO: Starting new HTTPS connection (1): www.lagou.com
2017-04-17 23:31:13 [stdout] INFO: the pos parsing result is 200
2017-04-17 23:31:13 [requests.packages.urllib3.connectionpool] INFO: Starting new HTTPS connection (1): www.lagou.com
2017-04-17 23:31:14 [stdout] INFO: the pos parsing result is 200
2017-04-17 23:31:14 [requests.packages.urllib3.connectionpool] INFO: Starting new HTTPS connection (1): www.lagou.com
2017-04-17 23:31:14 [stdout] INFO: the pos parsing result is 200
2017-04-17 23:31:14 [requests.packages.urllib3.connectionpool] INFO: Starting new HTTPS connection (1): www.lagou.com
2017-04-17 23:31:14 [stdout] INFO: the pos parsing result is 200
2017-04-17 23:31:14 [requests.packages.urllib3.connectionpool] INFO: Starting new HTTPS connection (1): www.lagou.com
2017-04-17 23:31:15 [stdout] INFO: the pos parsing result is 200
2017-04-17 23:31:15 [requests.packages.urllib3.connectionpool] INFO: Starting new HTTPS connection (1): www.lagou.com
2017-04-17 23:31:15 [stdout] INFO: the pos parsing result is 200
2017-04-17 23:31:15 [requests.packages.urllib3.connectionpool] INFO: Starting new HTTPS connection (1): www.lagou.com
2017-04-17 23:31:15 [stdout] INFO: the pos parsing result is 200
2017-04-17 23:31:15 [requests.packages.urllib3.connectionpool] INFO: Starting new HTTPS connection (1): www.lagou.com
2017-04-17 23:31:16 [stdout] INFO: the pos parsing result is 200
2017-04-17 23:31:16 [requests.packages.urllib3.connectionpool] INFO: Starting new HTTPS connection (1): www.lagou.com
2017-04-17 23:31:16 [stdout] INFO: the pos parsing result is 200
2017-04-17 23:31:16 [requests.packages.urllib3.connectionpool] INFO: Starting new HTTPS connection (1): www.lagou.com
2017-04-17 23:31:17 [stdout] INFO: the pos parsing result is 200
2017-04-17 23:31:17 [requests.packages.urllib3.connectionpool] INFO: Starting new HTTPS connection (1): www.lagou.com
2017-04-17 23:31:17 [stdout] INFO: the pos parsing result is 200
2017-04-17 23:31:17 [stdout] INFO: Scraping Page Number 3
2017-04-17 23:31:17 [requests.packages.urllib3.connectionpool] INFO: Starting new HTTPS connection (1): www.lagou.com
2017-04-17 23:31:18 [stdout] INFO: the pos parsing result is 200
2017-04-17 23:31:18 [requests.packages.urllib3.connectionpool] INFO: Starting new HTTPS connection (1): www.lagou.com
2017-04-17 23:31:18 [stdout] INFO: the pos parsing result is 200
2017-04-17 23:31:18 [requests.packages.urllib3.connectionpool] INFO: Starting new HTTPS connection (1): www.lagou.com
2017-04-17 23:31:18 [stdout] INFO: the pos parsing result is 200
2017-04-17 23:31:18 [requests.packages.urllib3.connectionpool] INFO: Starting new HTTPS connection (1): www.lagou.com
2017-04-17 23:31:19 [stdout] INFO: the pos parsing result is 200
2017-04-17 23:31:19 [requests.packages.urllib3.connectionpool] INFO: Starting new HTTPS connection (1): www.lagou.com
2017-04-17 23:31:19 [stdout] INFO: the pos parsing result is 200
2017-04-17 23:31:19 [requests.packages.urllib3.connectionpool] INFO: Starting new HTTPS connection (1): www.lagou.com
2017-04-17 23:31:20 [stdout] INFO: the pos parsing result is 200
2017-04-17 23:31:20 [requests.packages.urllib3.connectionpool] INFO: Starting new HTTPS connection (1): www.lagou.com
2017-04-17 23:31:20 [stdout] INFO: the pos parsing result is 200
2017-04-17 23:31:20 [requests.packages.urllib3.connectionpool] INFO: Starting new HTTPS connection (1): www.lagou.com
2017-04-17 23:31:20 [stdout] INFO: the pos parsing result is 200
2017-04-17 23:31:20 [requests.packages.urllib3.connectionpool] INFO: Starting new HTTPS connection (1): www.lagou.com
2017-04-17 23:31:21 [stdout] INFO: the pos parsing result is 200
2017-04-17 23:31:21 [requests.packages.urllib3.connectionpool] INFO: Starting new HTTPS connection (1): www.lagou.com
2017-04-17 23:31:21 [stdout] INFO: the pos parsing result is 200
2017-04-17 23:31:21 [requests.packages.urllib3.connectionpool] INFO: Starting new HTTPS connection (1): www.lagou.com
2017-04-17 23:31:21 [stdout] INFO: the pos parsing result is 200
2017-04-17 23:31:21 [requests.packages.urllib3.connectionpool] INFO: Starting new HTTPS connection (1): www.lagou.com
2017-04-17 23:31:22 [stdout] INFO: the pos parsing result is 200
2017-04-17 23:31:22 [requests.packages.urllib3.connectionpool] INFO: Starting new HTTPS connection (1): www.lagou.com
2017-04-17 23:31:22 [stdout] INFO: the pos parsing result is 200
2017-04-17 23:31:22 [requests.packages.urllib3.connectionpool] INFO: Starting new HTTPS connection (1): www.lagou.com
2017-04-17 23:31:23 [stdout] INFO: the pos parsing result is 200
2017-04-17 23:31:23 [requests.packages.urllib3.connectionpool] INFO: Starting new HTTPS connection (1): www.lagou.com
2017-04-17 23:31:23 [stdout] INFO: the pos parsing result is 200
2017-04-17 23:31:24 [stdout] INFO: Scraping Page Number 4
2017-04-17 23:31:24 [requests.packages.urllib3.connectionpool] INFO: Starting new HTTPS connection (1): www.lagou.com
2017-04-17 23:31:24 [stdout] INFO: the pos parsing result is 200
2017-04-17 23:31:24 [requests.packages.urllib3.connectionpool] INFO: Starting new HTTPS connection (1): www.lagou.com
2017-04-17 23:31:24 [stdout] INFO: the pos parsing result is 200
2017-04-17 23:31:24 [requests.packages.urllib3.connectionpool] INFO: Starting new HTTPS connection (1): www.lagou.com
2017-04-17 23:31:24 [stdout] INFO: the pos parsing result is 200
2017-04-17 23:31:25 [requests.packages.urllib3.connectionpool] INFO: Starting new HTTPS connection (1): www.lagou.com
2017-04-17 23:31:25 [stdout] INFO: the pos parsing result is 200
2017-04-17 23:31:25 [requests.packages.urllib3.connectionpool] INFO: Starting new HTTPS connection (1): www.lagou.com
2017-04-17 23:31:25 [stdout] INFO: the pos parsing result is 200
2017-04-17 23:31:25 [requests.packages.urllib3.connectionpool] INFO: Starting new HTTPS connection (1): www.lagou.com
2017-04-17 23:31:26 [stdout] INFO: the pos parsing result is 200
2017-04-17 23:31:26 [requests.packages.urllib3.connectionpool] INFO: Starting new HTTPS connection (1): www.lagou.com
2017-04-17 23:31:26 [stdout] INFO: the pos parsing result is 200
2017-04-17 23:31:26 [requests.packages.urllib3.connectionpool] INFO: Starting new HTTPS connection (1): www.lagou.com
2017-04-17 23:31:27 [stdout] INFO: the pos parsing result is 200
2017-04-17 23:31:27 [requests.packages.urllib3.connectionpool] INFO: Starting new HTTPS connection (1): www.lagou.com
2017-04-17 23:31:27 [stdout] INFO: the pos parsing result is 200
2017-04-17 23:31:27 [requests.packages.urllib3.connectionpool] INFO: Starting new HTTPS connection (1): www.lagou.com
2017-04-17 23:31:28 [stdout] INFO: the pos parsing result is 200
2017-04-17 23:31:28 [requests.packages.urllib3.connectionpool] INFO: Starting new HTTPS connection (1): www.lagou.com
2017-04-17 23:31:28 [stdout] INFO: the pos parsing result is 200
2017-04-17 23:31:28 [requests.packages.urllib3.connectionpool] INFO: Starting new HTTPS connection (1): www.lagou.com
2017-04-17 23:31:28 [stdout] INFO: the pos parsing result is 200
2017-04-17 23:31:28 [requests.packages.urllib3.connectionpool] INFO: Starting new HTTPS connection (1): www.lagou.com
2017-04-17 23:31:29 [stdout] INFO: the pos parsing result is 200
2017-04-17 23:31:29 [requests.packages.urllib3.connectionpool] INFO: Starting new HTTPS connection (1): www.lagou.com
2017-04-17 23:31:29 [stdout] INFO: the pos parsing result is 200
2017-04-17 23:31:29 [requests.packages.urllib3.connectionpool] INFO: Starting new HTTPS connection (1): www.lagou.com
2017-04-17 23:31:30 [stdout] INFO: the pos parsing result is 200
2017-04-17 23:31:30 [stdout] INFO: Scraping Page Number 5
2017-04-17 23:31:30 [requests.packages.urllib3.connectionpool] INFO: Starting new HTTPS connection (1): www.lagou.com
2017-04-17 23:31:30 [requests.packages.urllib3.connectionpool] INFO: Starting new HTTP connection (1): forbidden.lagou.com
2017-04-17 23:31:31 [stdout] INFO: the pos parsing result is 200
2017-04-17 23:31:31 [requests.packages.urllib3.connectionpool] INFO: Starting new HTTPS connection (1): www.lagou.com
2017-04-17 23:31:31 [requests.packages.urllib3.connectionpool] INFO: Starting new HTTP connection (1): forbidden.lagou.com
2017-04-17 23:31:31 [stdout] INFO: the pos parsing result is 200
2017-04-17 23:31:31 [requests.packages.urllib3.connectionpool] INFO: Starting new HTTPS connection (1): www.lagou.com
2017-04-17 23:31:31 [requests.packages.urllib3.connectionpool] INFO: Starting new HTTP connection (1): forbidden.lagou.com
2017-04-17 23:31:31 [stdout] INFO: the pos parsing result is 200
2017-04-17 23:31:31 [requests.packages.urllib3.connectionpool] INFO: Starting new HTTPS connection (1): www.lagou.com
2017-04-17 23:31:32 [requests.packages.urllib3.connectionpool] INFO: Starting new HTTP connection (1): forbidden.lagou.com
2017-04-17 23:31:32 [stdout] INFO: the pos parsing result is 200
2017-04-17 23:31:32 [requests.packages.urllib3.connectionpool] INFO: Starting new HTTPS connection (1): www.lagou.com
2017-04-17 23:31:32 [requests.packages.urllib3.connectionpool] INFO: Starting new HTTP connection (1): forbidden.lagou.com
2017-04-17 23:31:32 [stdout] INFO: the pos parsing result is 200
2017-04-17 23:31:32 [requests.packages.urllib3.connectionpool] INFO: Starting new HTTPS connection (1): www.lagou.com
2017-04-17 23:31:32 [requests.packages.urllib3.connectionpool] INFO: Starting new HTTP connection (1): forbidden.lagou.com
2017-04-17 23:31:32 [stdout] INFO: the pos parsing result is 200
2017-04-17 23:31:32 [requests.packages.urllib3.connectionpool] INFO: Starting new HTTPS connection (1): www.lagou.com
2017-04-17 23:31:33 [requests.packages.urllib3.connectionpool] INFO: Starting new HTTP connection (1): forbidden.lagou.com
2017-04-17 23:31:33 [stdout] INFO: the pos parsing result is 200
2017-04-17 23:31:33 [requests.packages.urllib3.connectionpool] INFO: Starting new HTTPS connection (1): www.lagou.com
2017-04-17 23:31:33 [stdout] INFO: the pos parsing result is 200
2017-04-17 23:31:33 [requests.packages.urllib3.connectionpool] INFO: Starting new HTTPS connection (1): www.lagou.com
2017-04-17 23:31:34 [stdout] INFO: the pos parsing result is 200
2017-04-17 23:31:34 [requests.packages.urllib3.connectionpool] INFO: Starting new HTTPS connection (1): www.lagou.com
2017-04-17 23:31:34 [stdout] INFO: the pos parsing result is 200
2017-04-17 23:31:34 [requests.packages.urllib3.connectionpool] INFO: Starting new HTTPS connection (1): www.lagou.com
2017-04-17 23:31:35 [stdout] INFO: the pos parsing result is 200
2017-04-17 23:31:35 [requests.packages.urllib3.connectionpool] INFO: Starting new HTTPS connection (1): www.lagou.com
2017-04-17 23:31:35 [stdout] INFO: the pos parsing result is 200
2017-04-17 23:31:35 [requests.packages.urllib3.connectionpool] INFO: Starting new HTTPS connection (1): www.lagou.com
2017-04-17 23:31:35 [stdout] INFO: the pos parsing result is 200
2017-04-17 23:31:35 [requests.packages.urllib3.connectionpool] INFO: Starting new HTTPS connection (1): www.lagou.com
2017-04-17 23:31:36 [stdout] INFO: the pos parsing result is 200
2017-04-17 23:31:36 [requests.packages.urllib3.connectionpool] INFO: Starting new HTTPS connection (1): www.lagou.com
2017-04-17 23:31:36 [stdout] INFO: the pos parsing result is 200
2017-04-17 23:31:36 [stdout] INFO: Scraping Page Number 6
2017-04-17 23:31:36 [requests.packages.urllib3.connectionpool] INFO: Starting new HTTPS connection (1): www.lagou.com
2017-04-17 23:31:37 [stdout] INFO: the pos parsing result is 200
2017-04-17 23:31:37 [requests.packages.urllib3.connectionpool] INFO: Starting new HTTPS connection (1): www.lagou.com
2017-04-17 23:31:37 [stdout] INFO: the pos parsing result is 200
2017-04-17 23:31:37 [requests.packages.urllib3.connectionpool] INFO: Starting new HTTPS connection (1): www.lagou.com
2017-04-17 23:31:38 [stdout] INFO: the pos parsing result is 200
2017-04-17 23:31:38 [requests.packages.urllib3.connectionpool] INFO: Starting new HTTPS connection (1): www.lagou.com
2017-04-17 23:31:38 [stdout] INFO: the pos parsing result is 200
2017-04-17 23:31:38 [requests.packages.urllib3.connectionpool] INFO: Starting new HTTPS connection (1): www.lagou.com
2017-04-17 23:31:39 [stdout] INFO: the pos parsing result is 200
2017-04-17 23:31:39 [requests.packages.urllib3.connectionpool] INFO: Starting new HTTPS connection (1): www.lagou.com
2017-04-17 23:31:39 [stdout] INFO: the pos parsing result is 200
2017-04-17 23:31:39 [requests.packages.urllib3.connectionpool] INFO: Starting new HTTPS connection (1): www.lagou.com
2017-04-17 23:31:40 [stdout] INFO: the pos parsing result is 200
2017-04-17 23:31:40 [requests.packages.urllib3.connectionpool] INFO: Starting new HTTPS connection (1): www.lagou.com
2017-04-17 23:31:40 [stdout] INFO: the pos parsing result is 200
2017-04-17 23:31:40 [requests.packages.urllib3.connectionpool] INFO: Starting new HTTPS connection (1): www.lagou.com
2017-04-17 23:31:40 [stdout] INFO: the pos parsing result is 200
2017-04-17 23:31:40 [requests.packages.urllib3.connectionpool] INFO: Starting new HTTPS connection (1): www.lagou.com
2017-04-17 23:31:41 [stdout] INFO: the pos parsing result is 200
2017-04-17 23:31:41 [requests.packages.urllib3.connectionpool] INFO: Starting new HTTPS connection (1): www.lagou.com
2017-04-17 23:31:41 [stdout] INFO: the pos parsing result is 200
2017-04-17 23:31:41 [requests.packages.urllib3.connectionpool] INFO: Starting new HTTPS connection (1): www.lagou.com
2017-04-17 23:31:41 [stdout] INFO: the pos parsing result is 200
2017-04-17 23:31:41 [requests.packages.urllib3.connectionpool] INFO: Starting new HTTPS connection (1): www.lagou.com
2017-04-17 23:31:42 [stdout] INFO: the pos parsing result is 200
2017-04-17 23:31:42 [requests.packages.urllib3.connectionpool] INFO: Starting new HTTPS connection (1): www.lagou.com
2017-04-17 23:31:42 [stdout] INFO: the pos parsing result is 200
2017-04-17 23:31:42 [requests.packages.urllib3.connectionpool] INFO: Starting new HTTPS connection (1): www.lagou.com
2017-04-17 23:31:42 [stdout] INFO: the pos parsing result is 200
2017-04-17 23:31:43 [stdout] INFO: Scraping Page Number 7
2017-04-17 23:31:43 [requests.packages.urllib3.connectionpool] INFO: Starting new HTTPS connection (1): www.lagou.com
2017-04-17 23:31:43 [stdout] INFO: the pos parsing result is 200
2017-04-17 23:31:43 [requests.packages.urllib3.connectionpool] INFO: Starting new HTTPS connection (1): www.lagou.com
2017-04-17 23:31:44 [stdout] INFO: the pos parsing result is 200
2017-04-17 23:31:44 [requests.packages.urllib3.connectionpool] INFO: Starting new HTTPS connection (1): www.lagou.com
2017-04-17 23:31:44 [stdout] INFO: the pos parsing result is 200
2017-04-17 23:31:44 [requests.packages.urllib3.connectionpool] INFO: Starting new HTTPS connection (1): www.lagou.com
2017-04-17 23:31:44 [stdout] INFO: the pos parsing result is 200
2017-04-17 23:31:44 [requests.packages.urllib3.connectionpool] INFO: Starting new HTTPS connection (1): www.lagou.com
2017-04-17 23:31:45 [stdout] INFO: the pos parsing result is 200
2017-04-17 23:31:45 [requests.packages.urllib3.connectionpool] INFO: Starting new HTTPS connection (1): www.lagou.com
2017-04-17 23:31:45 [stdout] INFO: the pos parsing result is 200
2017-04-17 23:31:45 [requests.packages.urllib3.connectionpool] INFO: Starting new HTTPS connection (1): www.lagou.com
2017-04-17 23:31:46 [stdout] INFO: the pos parsing result is 200
2017-04-17 23:31:46 [requests.packages.urllib3.connectionpool] INFO: Starting new HTTPS connection (1): www.lagou.com
2017-04-17 23:31:46 [stdout] INFO: the pos parsing result is 200
2017-04-17 23:31:46 [requests.packages.urllib3.connectionpool] INFO: Starting new HTTPS connection (1): www.lagou.com
2017-04-17 23:31:48 [stdout] INFO: the pos parsing result is 200
2017-04-17 23:31:48 [requests.packages.urllib3.connectionpool] INFO: Starting new HTTPS connection (1): www.lagou.com
2017-04-17 23:31:48 [stdout] INFO: the pos parsing result is 200
2017-04-17 23:31:48 [requests.packages.urllib3.connectionpool] INFO: Starting new HTTPS connection (1): www.lagou.com
2017-04-17 23:31:48 [stdout] INFO: the pos parsing result is 200
2017-04-17 23:31:48 [requests.packages.urllib3.connectionpool] INFO: Starting new HTTPS connection (1): www.lagou.com
2017-04-17 23:31:49 [stdout] INFO: the pos parsing result is 200
2017-04-17 23:31:49 [requests.packages.urllib3.connectionpool] INFO: Starting new HTTPS connection (1): www.lagou.com
2017-04-17 23:31:49 [stdout] INFO: the pos parsing result is 200
2017-04-17 23:31:49 [requests.packages.urllib3.connectionpool] INFO: Starting new HTTPS connection (1): www.lagou.com
2017-04-17 23:31:50 [stdout] INFO: the pos parsing result is 200
2017-04-17 23:31:50 [requests.packages.urllib3.connectionpool] INFO: Starting new HTTPS connection (1): www.lagou.com
2017-04-17 23:31:50 [stdout] INFO: the pos parsing result is 200
2017-04-17 23:31:51 [stdout] INFO: Scraping Page Number 8
2017-04-17 23:31:51 [requests.packages.urllib3.connectionpool] INFO: Starting new HTTPS connection (1): www.lagou.com
2017-04-17 23:31:51 [stdout] INFO: the pos parsing result is 200
2017-04-17 23:31:51 [requests.packages.urllib3.connectionpool] INFO: Starting new HTTPS connection (1): www.lagou.com
2017-04-17 23:31:51 [stdout] INFO: the pos parsing result is 200
2017-04-17 23:31:51 [requests.packages.urllib3.connectionpool] INFO: Starting new HTTPS connection (1): www.lagou.com
2017-04-17 23:31:52 [stdout] INFO: the pos parsing result is 200
2017-04-17 23:31:52 [requests.packages.urllib3.connectionpool] INFO: Starting new HTTPS connection (1): www.lagou.com
2017-04-17 23:31:52 [stdout] INFO: the pos parsing result is 200
2017-04-17 23:31:52 [requests.packages.urllib3.connectionpool] INFO: Starting new HTTPS connection (1): www.lagou.com
2017-04-17 23:31:52 [stdout] INFO: the pos parsing result is 200
2017-04-17 23:31:52 [requests.packages.urllib3.connectionpool] INFO: Starting new HTTPS connection (1): www.lagou.com
2017-04-17 23:31:53 [stdout] INFO: the pos parsing result is 200
2017-04-17 23:31:53 [requests.packages.urllib3.connectionpool] INFO: Starting new HTTPS connection (1): www.lagou.com
2017-04-17 23:31:53 [stdout] INFO: the pos parsing result is 200
2017-04-17 23:31:53 [requests.packages.urllib3.connectionpool] INFO: Starting new HTTPS connection (1): www.lagou.com
2017-04-17 23:31:54 [stdout] INFO: the pos parsing result is 200
2017-04-17 23:31:54 [requests.packages.urllib3.connectionpool] INFO: Starting new HTTPS connection (1): www.lagou.com
2017-04-17 23:31:54 [stdout] INFO: the pos parsing result is 200
2017-04-17 23:31:54 [requests.packages.urllib3.connectionpool] INFO: Starting new HTTPS connection (1): www.lagou.com
2017-04-17 23:31:54 [stdout] INFO: the pos parsing result is 200
2017-04-17 23:31:54 [requests.packages.urllib3.connectionpool] INFO: Starting new HTTPS connection (1): www.lagou.com
2017-04-17 23:31:55 [stdout] INFO: the pos parsing result is 200
2017-04-17 23:31:55 [requests.packages.urllib3.connectionpool] INFO: Starting new HTTPS connection (1): www.lagou.com
2017-04-17 23:31:55 [stdout] INFO: the pos parsing result is 200
2017-04-17 23:31:55 [requests.packages.urllib3.connectionpool] INFO: Starting new HTTPS connection (1): www.lagou.com
2017-04-17 23:31:55 [stdout] INFO: the pos parsing result is 200
2017-04-17 23:31:55 [requests.packages.urllib3.connectionpool] INFO: Starting new HTTPS connection (1): www.lagou.com
2017-04-17 23:31:56 [stdout] INFO: the pos parsing result is 200
2017-04-17 23:31:56 [requests.packages.urllib3.connectionpool] INFO: Starting new HTTPS connection (1): www.lagou.com
2017-04-17 23:31:56 [stdout] INFO: the pos parsing result is 200
2017-04-17 23:31:57 [stdout] INFO: Scraping Page Number 9
2017-04-17 23:31:57 [requests.packages.urllib3.connectionpool] INFO: Starting new HTTPS connection (1): www.lagou.com
2017-04-17 23:31:57 [stdout] INFO: the pos parsing result is 200
2017-04-17 23:31:57 [requests.packages.urllib3.connectionpool] INFO: Starting new HTTPS connection (1): www.lagou.com
2017-04-17 23:31:57 [stdout] INFO: the pos parsing result is 200
2017-04-17 23:31:57 [requests.packages.urllib3.connectionpool] INFO: Starting new HTTPS connection (1): www.lagou.com
2017-04-17 23:31:58 [stdout] INFO: the pos parsing result is 200
2017-04-17 23:31:58 [requests.packages.urllib3.connectionpool] INFO: Starting new HTTPS connection (1): www.lagou.com
2017-04-17 23:31:58 [stdout] INFO: the pos parsing result is 200
2017-04-17 23:31:58 [requests.packages.urllib3.connectionpool] INFO: Starting new HTTPS connection (1): www.lagou.com
2017-04-17 23:31:58 [stdout] INFO: the pos parsing result is 200
2017-04-17 23:31:59 [requests.packages.urllib3.connectionpool] INFO: Starting new HTTPS connection (1): www.lagou.com
2017-04-17 23:31:59 [stdout] INFO: the pos parsing result is 200
2017-04-17 23:31:59 [requests.packages.urllib3.connectionpool] INFO: Starting new HTTPS connection (1): www.lagou.com
2017-04-17 23:32:00 [stdout] INFO: the pos parsing result is 200
2017-04-17 23:32:00 [requests.packages.urllib3.connectionpool] INFO: Starting new HTTPS connection (1): www.lagou.com
2017-04-17 23:32:00 [requests.packages.urllib3.connectionpool] INFO: Starting new HTTP connection (1): forbidden.lagou.com
2017-04-17 23:32:00 [stdout] INFO: the pos parsing result is 200
2017-04-17 23:32:00 [requests.packages.urllib3.connectionpool] INFO: Starting new HTTPS connection (1): www.lagou.com
2017-04-17 23:32:00 [requests.packages.urllib3.connectionpool] INFO: Starting new HTTP connection (1): forbidden.lagou.com
2017-04-17 23:32:00 [stdout] INFO: the pos parsing result is 200
2017-04-17 23:32:00 [requests.packages.urllib3.connectionpool] INFO: Starting new HTTPS connection (1): www.lagou.com
2017-04-17 23:32:00 [requests.packages.urllib3.connectionpool] INFO: Starting new HTTP connection (1): forbidden.lagou.com
2017-04-17 23:32:00 [stdout] INFO: the pos parsing result is 200
2017-04-17 23:32:00 [requests.packages.urllib3.connectionpool] INFO: Starting new HTTPS connection (1): www.lagou.com
2017-04-17 23:32:00 [requests.packages.urllib3.connectionpool] INFO: Starting new HTTP connection (1): forbidden.lagou.com
2017-04-17 23:32:01 [stdout] INFO: the pos parsing result is 200
2017-04-17 23:32:01 [requests.packages.urllib3.connectionpool] INFO: Starting new HTTPS connection (1): www.lagou.com
2017-04-17 23:32:01 [requests.packages.urllib3.connectionpool] INFO: Starting new HTTP connection (1): forbidden.lagou.com
2017-04-17 23:32:01 [stdout] INFO: the pos parsing result is 200
2017-04-17 23:32:01 [requests.packages.urllib3.connectionpool] INFO: Starting new HTTPS connection (1): www.lagou.com
2017-04-17 23:32:01 [requests.packages.urllib3.connectionpool] INFO: Starting new HTTP connection (1): forbidden.lagou.com
2017-04-17 23:32:01 [stdout] INFO: the pos parsing result is 200
2017-04-17 23:32:01 [requests.packages.urllib3.connectionpool] INFO: Starting new HTTPS connection (1): www.lagou.com
2017-04-17 23:32:01 [requests.packages.urllib3.connectionpool] INFO: Starting new HTTP connection (1): forbidden.lagou.com
2017-04-17 23:32:01 [stdout] INFO: the pos parsing result is 200
2017-04-17 23:32:01 [requests.packages.urllib3.connectionpool] INFO: Starting new HTTPS connection (1): www.lagou.com
2017-04-17 23:32:02 [requests.packages.urllib3.connectionpool] INFO: Starting new HTTP connection (1): forbidden.lagou.com
2017-04-17 23:32:02 [stdout] INFO: the pos parsing result is 200
2017-04-17 23:32:02 [stdout] INFO: Scraping Page Number 10
2017-04-17 23:32:02 [requests.packages.urllib3.connectionpool] INFO: Starting new HTTPS connection (1): www.lagou.com
2017-04-17 23:32:03 [stdout] INFO: the pos parsing result is 200
2017-04-17 23:32:03 [requests.packages.urllib3.connectionpool] INFO: Starting new HTTPS connection (1): www.lagou.com
2017-04-17 23:32:03 [stdout] INFO: the pos parsing result is 200
2017-04-17 23:32:03 [scrapy.extensions.logstats] INFO: Crawled 10 pages (at 10 pages/min), scraped 137 items (at 137 items/min)
2017-04-17 23:32:03 [requests.packages.urllib3.connectionpool] INFO: Starting new HTTPS connection (1): www.lagou.com
2017-04-17 23:32:04 [stdout] INFO: the pos parsing result is 200
2017-04-17 23:32:04 [requests.packages.urllib3.connectionpool] INFO: Starting new HTTPS connection (1): www.lagou.com
2017-04-17 23:32:04 [stdout] INFO: the pos parsing result is 200
2017-04-17 23:32:04 [requests.packages.urllib3.connectionpool] INFO: Starting new HTTPS connection (1): www.lagou.com
2017-04-17 23:32:05 [stdout] INFO: the pos parsing result is 200
2017-04-17 23:32:05 [requests.packages.urllib3.connectionpool] INFO: Starting new HTTPS connection (1): www.lagou.com
2017-04-17 23:32:05 [requests.packages.urllib3.connectionpool] INFO: Starting new HTTP connection (1): forbidden.lagou.com
2017-04-17 23:32:06 [stdout] INFO: the pos parsing result is 200
2017-04-17 23:32:06 [requests.packages.urllib3.connectionpool] INFO: Starting new HTTPS connection (1): www.lagou.com
2017-04-17 23:32:06 [requests.packages.urllib3.connectionpool] INFO: Starting new HTTP connection (1): forbidden.lagou.com
2017-04-17 23:32:06 [stdout] INFO: the pos parsing result is 200
2017-04-17 23:32:06 [requests.packages.urllib3.connectionpool] INFO: Starting new HTTPS connection (1): www.lagou.com
2017-04-17 23:32:06 [requests.packages.urllib3.connectionpool] INFO: Starting new HTTP connection (1): forbidden.lagou.com
2017-04-17 23:32:06 [stdout] INFO: the pos parsing result is 200
2017-04-17 23:32:06 [requests.packages.urllib3.connectionpool] INFO: Starting new HTTPS connection (1): www.lagou.com
2017-04-17 23:32:07 [requests.packages.urllib3.connectionpool] INFO: Starting new HTTP connection (1): forbidden.lagou.com
2017-04-17 23:32:07 [stdout] INFO: the pos parsing result is 200
2017-04-17 23:32:07 [requests.packages.urllib3.connectionpool] INFO: Starting new HTTPS connection (1): www.lagou.com
2017-04-17 23:32:07 [requests.packages.urllib3.connectionpool] INFO: Starting new HTTP connection (1): forbidden.lagou.com
2017-04-17 23:32:07 [stdout] INFO: the pos parsing result is 200
2017-04-17 23:32:07 [requests.packages.urllib3.connectionpool] INFO: Starting new HTTPS connection (1): www.lagou.com
2017-04-17 23:32:07 [requests.packages.urllib3.connectionpool] INFO: Starting new HTTP connection (1): forbidden.lagou.com
2017-04-17 23:32:07 [stdout] INFO: the pos parsing result is 200
2017-04-17 23:32:07 [requests.packages.urllib3.connectionpool] INFO: Starting new HTTPS connection (1): www.lagou.com
2017-04-17 23:32:07 [requests.packages.urllib3.connectionpool] INFO: Starting new HTTP connection (1): forbidden.lagou.com
2017-04-17 23:32:07 [stdout] INFO: the pos parsing result is 200
2017-04-17 23:32:07 [requests.packages.urllib3.connectionpool] INFO: Starting new HTTPS connection (1): www.lagou.com
2017-04-17 23:32:08 [requests.packages.urllib3.connectionpool] INFO: Starting new HTTP connection (1): forbidden.lagou.com
2017-04-17 23:32:08 [stdout] INFO: the pos parsing result is 200
2017-04-17 23:32:08 [requests.packages.urllib3.connectionpool] INFO: Starting new HTTPS connection (1): www.lagou.com
2017-04-17 23:32:08 [requests.packages.urllib3.connectionpool] INFO: Starting new HTTP connection (1): forbidden.lagou.com
2017-04-17 23:32:08 [stdout] INFO: the pos parsing result is 200
2017-04-17 23:32:08 [requests.packages.urllib3.connectionpool] INFO: Starting new HTTPS connection (1): www.lagou.com
2017-04-17 23:32:08 [requests.packages.urllib3.connectionpool] INFO: Starting new HTTP connection (1): forbidden.lagou.com
2017-04-17 23:32:08 [stdout] INFO: the pos parsing result is 200
2017-04-17 23:32:09 [stdout] INFO: Scraping Page Number 11
2017-04-17 23:32:09 [requests.packages.urllib3.connectionpool] INFO: Starting new HTTPS connection (1): www.lagou.com
2017-04-17 23:32:09 [requests.packages.urllib3.connectionpool] INFO: Starting new HTTP connection (1): forbidden.lagou.com
2017-04-17 23:32:09 [stdout] INFO: the pos parsing result is 200
2017-04-17 23:32:09 [requests.packages.urllib3.connectionpool] INFO: Starting new HTTPS connection (1): www.lagou.com
2017-04-17 23:32:09 [requests.packages.urllib3.connectionpool] INFO: Starting new HTTP connection (1): forbidden.lagou.com
2017-04-17 23:32:09 [stdout] INFO: the pos parsing result is 200
2017-04-17 23:32:09 [requests.packages.urllib3.connectionpool] INFO: Starting new HTTPS connection (1): www.lagou.com
2017-04-17 23:32:10 [requests.packages.urllib3.connectionpool] INFO: Starting new HTTP connection (1): forbidden.lagou.com
2017-04-17 23:32:10 [stdout] INFO: the pos parsing result is 200
2017-04-17 23:32:10 [requests.packages.urllib3.connectionpool] INFO: Starting new HTTPS connection (1): www.lagou.com
2017-04-17 23:32:10 [requests.packages.urllib3.connectionpool] INFO: Starting new HTTP connection (1): forbidden.lagou.com
2017-04-17 23:32:10 [stdout] INFO: the pos parsing result is 200
2017-04-17 23:32:10 [requests.packages.urllib3.connectionpool] INFO: Starting new HTTPS connection (1): www.lagou.com
2017-04-17 23:32:11 [requests.packages.urllib3.connectionpool] INFO: Starting new HTTP connection (1): forbidden.lagou.com
2017-04-17 23:32:11 [stdout] INFO: the pos parsing result is 200
2017-04-17 23:32:11 [requests.packages.urllib3.connectionpool] INFO: Starting new HTTPS connection (1): www.lagou.com
2017-04-17 23:32:11 [requests.packages.urllib3.connectionpool] INFO: Starting new HTTP connection (1): forbidden.lagou.com
2017-04-17 23:32:11 [stdout] INFO: the pos parsing result is 200
2017-04-17 23:32:11 [requests.packages.urllib3.connectionpool] INFO: Starting new HTTPS connection (1): www.lagou.com
2017-04-17 23:32:13 [requests.packages.urllib3.connectionpool] INFO: Starting new HTTP connection (1): forbidden.lagou.com
2017-04-17 23:32:13 [stdout] INFO: the pos parsing result is 200
2017-04-17 23:32:13 [requests.packages.urllib3.connectionpool] INFO: Starting new HTTPS connection (1): www.lagou.com
2017-04-17 23:32:13 [requests.packages.urllib3.connectionpool] INFO: Starting new HTTP connection (1): forbidden.lagou.com
2017-04-17 23:32:13 [stdout] INFO: the pos parsing result is 200
2017-04-17 23:32:13 [requests.packages.urllib3.connectionpool] INFO: Starting new HTTPS connection (1): www.lagou.com
2017-04-17 23:32:13 [requests.packages.urllib3.connectionpool] INFO: Starting new HTTP connection (1): forbidden.lagou.com
2017-04-17 23:32:14 [stdout] INFO: the pos parsing result is 200
2017-04-17 23:32:14 [requests.packages.urllib3.connectionpool] INFO: Starting new HTTPS connection (1): www.lagou.com
2017-04-17 23:32:14 [requests.packages.urllib3.connectionpool] INFO: Starting new HTTP connection (1): forbidden.lagou.com
2017-04-17 23:32:14 [stdout] INFO: the pos parsing result is 200
2017-04-17 23:32:14 [requests.packages.urllib3.connectionpool] INFO: Starting new HTTPS connection (1): www.lagou.com
2017-04-17 23:32:14 [requests.packages.urllib3.connectionpool] INFO: Starting new HTTP connection (1): forbidden.lagou.com
2017-04-17 23:32:14 [stdout] INFO: the pos parsing result is 200
2017-04-17 23:32:14 [requests.packages.urllib3.connectionpool] INFO: Starting new HTTPS connection (1): www.lagou.com
2017-04-17 23:32:14 [requests.packages.urllib3.connectionpool] INFO: Starting new HTTP connection (1): forbidden.lagou.com
2017-04-17 23:32:14 [stdout] INFO: the pos parsing result is 200
2017-04-17 23:32:14 [requests.packages.urllib3.connectionpool] INFO: Starting new HTTPS connection (1): www.lagou.com
2017-04-17 23:32:15 [requests.packages.urllib3.connectionpool] INFO: Starting new HTTP connection (1): forbidden.lagou.com
2017-04-17 23:32:15 [stdout] INFO: the pos parsing result is 200
2017-04-17 23:32:15 [requests.packages.urllib3.connectionpool] INFO: Starting new HTTPS connection (1): www.lagou.com
2017-04-17 23:32:15 [requests.packages.urllib3.connectionpool] INFO: Starting new HTTP connection (1): forbidden.lagou.com
2017-04-17 23:32:15 [stdout] INFO: the pos parsing result is 200
2017-04-17 23:32:15 [requests.packages.urllib3.connectionpool] INFO: Starting new HTTPS connection (1): www.lagou.com
2017-04-17 23:32:16 [requests.packages.urllib3.connectionpool] INFO: Starting new HTTP connection (1): forbidden.lagou.com
2017-04-17 23:32:16 [stdout] INFO: the pos parsing result is 200
2017-04-17 23:32:16 [stdout] INFO: Scraping Page Number 12
2017-04-17 23:32:16 [requests.packages.urllib3.connectionpool] INFO: Starting new HTTPS connection (1): www.lagou.com
2017-04-17 23:32:16 [requests.packages.urllib3.connectionpool] INFO: Starting new HTTP connection (1): forbidden.lagou.com
2017-04-17 23:32:16 [stdout] INFO: the pos parsing result is 200
2017-04-17 23:32:16 [requests.packages.urllib3.connectionpool] INFO: Starting new HTTPS connection (1): www.lagou.com
2017-04-17 23:32:17 [requests.packages.urllib3.connectionpool] INFO: Starting new HTTP connection (1): forbidden.lagou.com
2017-04-17 23:32:17 [stdout] INFO: the pos parsing result is 200
2017-04-17 23:32:17 [requests.packages.urllib3.connectionpool] INFO: Starting new HTTPS connection (1): www.lagou.com
2017-04-17 23:32:17 [requests.packages.urllib3.connectionpool] INFO: Starting new HTTP connection (1): forbidden.lagou.com
2017-04-17 23:32:18 [stdout] INFO: the pos parsing result is 200
2017-04-17 23:32:18 [requests.packages.urllib3.connectionpool] INFO: Starting new HTTPS connection (1): www.lagou.com
2017-04-17 23:32:18 [requests.packages.urllib3.connectionpool] INFO: Starting new HTTP connection (1): forbidden.lagou.com
2017-04-17 23:32:18 [stdout] INFO: the pos parsing result is 200
2017-04-17 23:32:18 [requests.packages.urllib3.connectionpool] INFO: Starting new HTTPS connection (1): www.lagou.com
2017-04-17 23:32:18 [requests.packages.urllib3.connectionpool] INFO: Starting new HTTP connection (1): forbidden.lagou.com
2017-04-17 23:32:18 [stdout] INFO: the pos parsing result is 200
2017-04-17 23:32:18 [requests.packages.urllib3.connectionpool] INFO: Starting new HTTPS connection (1): www.lagou.com
2017-04-17 23:32:19 [requests.packages.urllib3.connectionpool] INFO: Starting new HTTP connection (1): forbidden.lagou.com
2017-04-17 23:32:22 [stdout] INFO: the pos parsing result is 200
2017-04-17 23:32:22 [requests.packages.urllib3.connectionpool] INFO: Starting new HTTPS connection (1): www.lagou.com
2017-04-17 23:32:22 [requests.packages.urllib3.connectionpool] INFO: Starting new HTTP connection (1): forbidden.lagou.com
2017-04-17 23:32:22 [stdout] INFO: the pos parsing result is 200
2017-04-17 23:32:22 [requests.packages.urllib3.connectionpool] INFO: Starting new HTTPS connection (1): www.lagou.com
2017-04-17 23:32:22 [requests.packages.urllib3.connectionpool] INFO: Starting new HTTP connection (1): forbidden.lagou.com
2017-04-17 23:32:23 [stdout] INFO: the pos parsing result is 200
2017-04-17 23:32:23 [requests.packages.urllib3.connectionpool] INFO: Starting new HTTPS connection (1): www.lagou.com
2017-04-17 23:32:23 [requests.packages.urllib3.connectionpool] INFO: Starting new HTTP connection (1): forbidden.lagou.com
2017-04-17 23:32:23 [stdout] INFO: the pos parsing result is 200
2017-04-17 23:32:23 [requests.packages.urllib3.connectionpool] INFO: Starting new HTTPS connection (1): www.lagou.com
2017-04-17 23:32:24 [requests.packages.urllib3.connectionpool] INFO: Starting new HTTP connection (1): forbidden.lagou.com
2017-04-17 23:32:24 [stdout] INFO: the pos parsing result is 200
2017-04-17 23:32:24 [requests.packages.urllib3.connectionpool] INFO: Starting new HTTPS connection (1): www.lagou.com
2017-04-17 23:32:24 [requests.packages.urllib3.connectionpool] INFO: Starting new HTTP connection (1): forbidden.lagou.com
2017-04-17 23:32:24 [stdout] INFO: the pos parsing result is 200
2017-04-17 23:32:24 [requests.packages.urllib3.connectionpool] INFO: Starting new HTTPS connection (1): www.lagou.com
2017-04-17 23:32:24 [requests.packages.urllib3.connectionpool] INFO: Starting new HTTP connection (1): forbidden.lagou.com
2017-04-17 23:32:25 [stdout] INFO: the pos parsing result is 200
2017-04-17 23:32:25 [requests.packages.urllib3.connectionpool] INFO: Starting new HTTPS connection (1): www.lagou.com
2017-04-17 23:32:25 [requests.packages.urllib3.connectionpool] INFO: Starting new HTTP connection (1): forbidden.lagou.com
2017-04-17 23:32:25 [stdout] INFO: the pos parsing result is 200
2017-04-17 23:32:25 [requests.packages.urllib3.connectionpool] INFO: Starting new HTTPS connection (1): www.lagou.com
2017-04-17 23:32:25 [requests.packages.urllib3.connectionpool] INFO: Starting new HTTP connection (1): forbidden.lagou.com
2017-04-17 23:32:25 [stdout] INFO: the pos parsing result is 200
2017-04-17 23:32:25 [requests.packages.urllib3.connectionpool] INFO: Starting new HTTPS connection (1): www.lagou.com
2017-04-17 23:32:26 [requests.packages.urllib3.connectionpool] INFO: Starting new HTTP connection (1): forbidden.lagou.com
2017-04-17 23:32:26 [stdout] INFO: the pos parsing result is 200
2017-04-17 23:32:26 [stdout] INFO: Scraping Page Number 13
2017-04-17 23:32:26 [requests.packages.urllib3.connectionpool] INFO: Starting new HTTPS connection (1): www.lagou.com
2017-04-17 23:32:26 [requests.packages.urllib3.connectionpool] INFO: Starting new HTTP connection (1): forbidden.lagou.com
2017-04-17 23:32:26 [stdout] INFO: the pos parsing result is 200
2017-04-17 23:32:26 [requests.packages.urllib3.connectionpool] INFO: Starting new HTTPS connection (1): www.lagou.com
2017-04-17 23:32:27 [requests.packages.urllib3.connectionpool] INFO: Starting new HTTP connection (1): forbidden.lagou.com
2017-04-17 23:32:27 [stdout] INFO: the pos parsing result is 200
2017-04-17 23:32:27 [requests.packages.urllib3.connectionpool] INFO: Starting new HTTPS connection (1): www.lagou.com
2017-04-17 23:32:27 [requests.packages.urllib3.connectionpool] INFO: Starting new HTTP connection (1): forbidden.lagou.com
2017-04-17 23:32:27 [stdout] INFO: the pos parsing result is 200
2017-04-17 23:32:27 [requests.packages.urllib3.connectionpool] INFO: Starting new HTTPS connection (1): www.lagou.com
2017-04-17 23:32:27 [requests.packages.urllib3.connectionpool] INFO: Starting new HTTP connection (1): forbidden.lagou.com
2017-04-17 23:32:27 [stdout] INFO: the pos parsing result is 200
2017-04-17 23:32:27 [requests.packages.urllib3.connectionpool] INFO: Starting new HTTPS connection (1): www.lagou.com
2017-04-17 23:32:28 [requests.packages.urllib3.connectionpool] INFO: Starting new HTTP connection (1): forbidden.lagou.com
2017-04-17 23:32:29 [stdout] INFO: the pos parsing result is 200
2017-04-17 23:32:29 [requests.packages.urllib3.connectionpool] INFO: Starting new HTTPS connection (1): www.lagou.com
2017-04-17 23:32:29 [requests.packages.urllib3.connectionpool] INFO: Starting new HTTP connection (1): forbidden.lagou.com
2017-04-17 23:32:29 [stdout] INFO: the pos parsing result is 200
2017-04-17 23:32:29 [requests.packages.urllib3.connectionpool] INFO: Starting new HTTPS connection (1): www.lagou.com
2017-04-17 23:32:29 [requests.packages.urllib3.connectionpool] INFO: Starting new HTTP connection (1): forbidden.lagou.com
2017-04-17 23:32:29 [stdout] INFO: the pos parsing result is 200
2017-04-17 23:32:29 [requests.packages.urllib3.connectionpool] INFO: Starting new HTTPS connection (1): www.lagou.com
2017-04-17 23:32:29 [requests.packages.urllib3.connectionpool] INFO: Starting new HTTP connection (1): forbidden.lagou.com
2017-04-17 23:32:29 [stdout] INFO: the pos parsing result is 200
2017-04-17 23:32:29 [requests.packages.urllib3.connectionpool] INFO: Starting new HTTPS connection (1): www.lagou.com
2017-04-17 23:32:30 [requests.packages.urllib3.connectionpool] INFO: Starting new HTTP connection (1): forbidden.lagou.com
2017-04-17 23:32:30 [stdout] INFO: the pos parsing result is 200
2017-04-17 23:32:30 [requests.packages.urllib3.connectionpool] INFO: Starting new HTTPS connection (1): www.lagou.com
2017-04-17 23:32:30 [requests.packages.urllib3.connectionpool] INFO: Starting new HTTP connection (1): forbidden.lagou.com
2017-04-17 23:32:30 [stdout] INFO: the pos parsing result is 200
2017-04-17 23:32:30 [requests.packages.urllib3.connectionpool] INFO: Starting new HTTPS connection (1): www.lagou.com
2017-04-17 23:32:31 [requests.packages.urllib3.connectionpool] INFO: Starting new HTTP connection (1): forbidden.lagou.com
2017-04-17 23:32:31 [stdout] INFO: the pos parsing result is 200
2017-04-17 23:32:31 [requests.packages.urllib3.connectionpool] INFO: Starting new HTTPS connection (1): www.lagou.com
2017-04-17 23:32:31 [requests.packages.urllib3.connectionpool] INFO: Starting new HTTP connection (1): forbidden.lagou.com
2017-04-17 23:32:31 [stdout] INFO: the pos parsing result is 200
2017-04-17 23:32:31 [requests.packages.urllib3.connectionpool] INFO: Starting new HTTPS connection (1): www.lagou.com
2017-04-17 23:32:32 [requests.packages.urllib3.connectionpool] INFO: Starting new HTTP connection (1): forbidden.lagou.com
2017-04-17 23:32:32 [stdout] INFO: the pos parsing result is 200
2017-04-17 23:32:32 [requests.packages.urllib3.connectionpool] INFO: Starting new HTTPS connection (1): www.lagou.com
2017-04-17 23:32:32 [requests.packages.urllib3.connectionpool] INFO: Starting new HTTP connection (1): forbidden.lagou.com
2017-04-17 23:32:32 [stdout] INFO: the pos parsing result is 200
2017-04-17 23:32:32 [requests.packages.urllib3.connectionpool] INFO: Starting new HTTPS connection (1): www.lagou.com
2017-04-17 23:32:32 [requests.packages.urllib3.connectionpool] INFO: Starting new HTTP connection (1): forbidden.lagou.com
2017-04-17 23:32:32 [stdout] INFO: the pos parsing result is 200
2017-04-17 23:32:33 [stdout] INFO: Scraping Page Number 14
2017-04-17 23:32:33 [requests.packages.urllib3.connectionpool] INFO: Starting new HTTPS connection (1): www.lagou.com
2017-04-17 23:32:33 [stdout] INFO: the pos parsing result is 200
2017-04-17 23:32:33 [requests.packages.urllib3.connectionpool] INFO: Starting new HTTPS connection (1): www.lagou.com
2017-04-17 23:32:34 [stdout] INFO: the pos parsing result is 200
2017-04-17 23:32:34 [requests.packages.urllib3.connectionpool] INFO: Starting new HTTPS connection (1): www.lagou.com
2017-04-17 23:32:34 [stdout] INFO: the pos parsing result is 200
2017-04-17 23:32:34 [requests.packages.urllib3.connectionpool] INFO: Starting new HTTPS connection (1): www.lagou.com
2017-04-17 23:32:35 [stdout] INFO: the pos parsing result is 200
2017-04-17 23:32:35 [requests.packages.urllib3.connectionpool] INFO: Starting new HTTPS connection (1): www.lagou.com
2017-04-17 23:32:35 [stdout] INFO: the pos parsing result is 200
2017-04-17 23:32:35 [requests.packages.urllib3.connectionpool] INFO: Starting new HTTPS connection (1): www.lagou.com
2017-04-17 23:32:36 [stdout] INFO: the pos parsing result is 200
2017-04-17 23:32:36 [requests.packages.urllib3.connectionpool] INFO: Starting new HTTPS connection (1): www.lagou.com
2017-04-17 23:32:36 [stdout] INFO: the pos parsing result is 200
2017-04-17 23:32:36 [requests.packages.urllib3.connectionpool] INFO: Starting new HTTPS connection (1): www.lagou.com
2017-04-17 23:32:37 [stdout] INFO: the pos parsing result is 200
2017-04-17 23:32:37 [requests.packages.urllib3.connectionpool] INFO: Starting new HTTPS connection (1): www.lagou.com
2017-04-17 23:32:37 [stdout] INFO: the pos parsing result is 200
2017-04-17 23:32:37 [requests.packages.urllib3.connectionpool] INFO: Starting new HTTPS connection (1): www.lagou.com
2017-04-17 23:32:37 [stdout] INFO: the pos parsing result is 200
2017-04-17 23:32:37 [requests.packages.urllib3.connectionpool] INFO: Starting new HTTPS connection (1): www.lagou.com
2017-04-17 23:32:38 [stdout] INFO: the pos parsing result is 200
2017-04-17 23:32:38 [requests.packages.urllib3.connectionpool] INFO: Starting new HTTPS connection (1): www.lagou.com
2017-04-17 23:32:38 [stdout] INFO: the pos parsing result is 200
2017-04-17 23:32:38 [requests.packages.urllib3.connectionpool] INFO: Starting new HTTPS connection (1): www.lagou.com
2017-04-17 23:32:38 [stdout] INFO: the pos parsing result is 200
2017-04-17 23:32:38 [requests.packages.urllib3.connectionpool] INFO: Starting new HTTPS connection (1): www.lagou.com
2017-04-17 23:32:39 [stdout] INFO: the pos parsing result is 200
2017-04-17 23:32:39 [requests.packages.urllib3.connectionpool] INFO: Starting new HTTPS connection (1): www.lagou.com
2017-04-17 23:32:39 [stdout] INFO: the pos parsing result is 200
2017-04-17 23:32:40 [stdout] INFO: Scraping Page Number 15
2017-04-17 23:32:40 [requests.packages.urllib3.connectionpool] INFO: Starting new HTTPS connection (1): www.lagou.com
2017-04-17 23:32:40 [stdout] INFO: the pos parsing result is 200
2017-04-17 23:32:40 [requests.packages.urllib3.connectionpool] INFO: Starting new HTTPS connection (1): www.lagou.com
2017-04-17 23:32:40 [stdout] INFO: the pos parsing result is 200
2017-04-17 23:32:40 [requests.packages.urllib3.connectionpool] INFO: Starting new HTTPS connection (1): www.lagou.com
2017-04-17 23:32:41 [stdout] INFO: the pos parsing result is 200
2017-04-17 23:32:41 [requests.packages.urllib3.connectionpool] INFO: Starting new HTTPS connection (1): www.lagou.com
2017-04-17 23:32:41 [stdout] INFO: the pos parsing result is 200
2017-04-17 23:32:41 [requests.packages.urllib3.connectionpool] INFO: Starting new HTTPS connection (1): www.lagou.com
2017-04-17 23:32:41 [stdout] INFO: the pos parsing result is 200
2017-04-17 23:32:41 [requests.packages.urllib3.connectionpool] INFO: Starting new HTTPS connection (1): www.lagou.com
2017-04-17 23:32:42 [stdout] INFO: the pos parsing result is 200
2017-04-17 23:32:42 [requests.packages.urllib3.connectionpool] INFO: Starting new HTTPS connection (1): www.lagou.com
2017-04-17 23:32:42 [stdout] INFO: the pos parsing result is 200
2017-04-17 23:32:42 [requests.packages.urllib3.connectionpool] INFO: Starting new HTTPS connection (1): www.lagou.com
2017-04-17 23:32:43 [stdout] INFO: the pos parsing result is 200
2017-04-17 23:32:43 [requests.packages.urllib3.connectionpool] INFO: Starting new HTTPS connection (1): www.lagou.com
2017-04-17 23:32:43 [stdout] INFO: the pos parsing result is 200
2017-04-17 23:32:43 [requests.packages.urllib3.connectionpool] INFO: Starting new HTTPS connection (1): www.lagou.com
2017-04-17 23:32:44 [stdout] INFO: the pos parsing result is 200
2017-04-17 23:32:44 [requests.packages.urllib3.connectionpool] INFO: Starting new HTTPS connection (1): www.lagou.com
2017-04-17 23:32:44 [stdout] INFO: the pos parsing result is 200
2017-04-17 23:32:44 [requests.packages.urllib3.connectionpool] INFO: Starting new HTTPS connection (1): www.lagou.com
2017-04-17 23:32:44 [stdout] INFO: the pos parsing result is 200
2017-04-17 23:32:44 [requests.packages.urllib3.connectionpool] INFO: Starting new HTTPS connection (1): www.lagou.com
2017-04-17 23:32:45 [stdout] INFO: the pos parsing result is 200
2017-04-17 23:32:45 [requests.packages.urllib3.connectionpool] INFO: Starting new HTTPS connection (1): www.lagou.com
2017-04-17 23:32:45 [stdout] INFO: the pos parsing result is 200
2017-04-17 23:32:45 [requests.packages.urllib3.connectionpool] INFO: Starting new HTTPS connection (1): www.lagou.com
2017-04-17 23:32:45 [stdout] INFO: the pos parsing result is 200
2017-04-17 23:32:46 [stdout] INFO: Scraping Page Number 16
2017-04-17 23:32:46 [requests.packages.urllib3.connectionpool] INFO: Starting new HTTPS connection (1): www.lagou.com
2017-04-17 23:32:46 [stdout] INFO: the pos parsing result is 200
2017-04-17 23:32:46 [requests.packages.urllib3.connectionpool] INFO: Starting new HTTPS connection (1): www.lagou.com
2017-04-17 23:32:47 [stdout] INFO: the pos parsing result is 200
2017-04-17 23:32:47 [requests.packages.urllib3.connectionpool] INFO: Starting new HTTPS connection (1): www.lagou.com
2017-04-17 23:32:47 [stdout] INFO: the pos parsing result is 200
2017-04-17 23:32:47 [requests.packages.urllib3.connectionpool] INFO: Starting new HTTPS connection (1): www.lagou.com
2017-04-17 23:32:47 [stdout] INFO: the pos parsing result is 200
2017-04-17 23:32:47 [requests.packages.urllib3.connectionpool] INFO: Starting new HTTPS connection (1): www.lagou.com
2017-04-17 23:32:48 [stdout] INFO: the pos parsing result is 200
2017-04-17 23:32:48 [requests.packages.urllib3.connectionpool] INFO: Starting new HTTPS connection (1): www.lagou.com
2017-04-17 23:32:48 [stdout] INFO: the pos parsing result is 200
2017-04-17 23:32:48 [requests.packages.urllib3.connectionpool] INFO: Starting new HTTPS connection (1): www.lagou.com
2017-04-17 23:32:49 [stdout] INFO: the pos parsing result is 200
2017-04-17 23:32:49 [requests.packages.urllib3.connectionpool] INFO: Starting new HTTPS connection (1): www.lagou.com
2017-04-17 23:32:49 [stdout] INFO: the pos parsing result is 200
2017-04-17 23:32:49 [requests.packages.urllib3.connectionpool] INFO: Starting new HTTPS connection (1): www.lagou.com
2017-04-17 23:32:49 [stdout] INFO: the pos parsing result is 200
2017-04-17 23:32:49 [requests.packages.urllib3.connectionpool] INFO: Starting new HTTPS connection (1): www.lagou.com
2017-04-17 23:32:50 [stdout] INFO: the pos parsing result is 200
2017-04-17 23:32:50 [requests.packages.urllib3.connectionpool] INFO: Starting new HTTPS connection (1): www.lagou.com
2017-04-17 23:32:50 [stdout] INFO: the pos parsing result is 200
2017-04-17 23:32:50 [requests.packages.urllib3.connectionpool] INFO: Starting new HTTPS connection (1): www.lagou.com
2017-04-17 23:32:51 [stdout] INFO: the pos parsing result is 200
2017-04-17 23:32:51 [requests.packages.urllib3.connectionpool] INFO: Starting new HTTPS connection (1): www.lagou.com
2017-04-17 23:32:51 [stdout] INFO: the pos parsing result is 200
2017-04-17 23:32:51 [requests.packages.urllib3.connectionpool] INFO: Starting new HTTPS connection (1): www.lagou.com
2017-04-17 23:32:52 [stdout] INFO: the pos parsing result is 200
2017-04-17 23:32:52 [requests.packages.urllib3.connectionpool] INFO: Starting new HTTPS connection (1): www.lagou.com
2017-04-17 23:32:52 [stdout] INFO: the pos parsing result is 200
2017-04-17 23:32:53 [stdout] INFO: Scraping Page Number 17
2017-04-17 23:32:53 [requests.packages.urllib3.connectionpool] INFO: Starting new HTTPS connection (1): www.lagou.com
2017-04-17 23:32:53 [stdout] INFO: the pos parsing result is 200
2017-04-17 23:32:53 [requests.packages.urllib3.connectionpool] INFO: Starting new HTTPS connection (1): www.lagou.com
2017-04-17 23:32:53 [stdout] INFO: the pos parsing result is 200
2017-04-17 23:32:53 [requests.packages.urllib3.connectionpool] INFO: Starting new HTTPS connection (1): www.lagou.com
2017-04-17 23:32:54 [stdout] INFO: the pos parsing result is 200
2017-04-17 23:32:54 [requests.packages.urllib3.connectionpool] INFO: Starting new HTTPS connection (1): www.lagou.com
2017-04-17 23:32:54 [stdout] INFO: the pos parsing result is 200
2017-04-17 23:32:54 [requests.packages.urllib3.connectionpool] INFO: Starting new HTTPS connection (1): www.lagou.com
2017-04-17 23:32:55 [stdout] INFO: the pos parsing result is 200
2017-04-17 23:32:55 [requests.packages.urllib3.connectionpool] INFO: Starting new HTTPS connection (1): www.lagou.com
2017-04-17 23:32:55 [stdout] INFO: the pos parsing result is 200
2017-04-17 23:32:55 [requests.packages.urllib3.connectionpool] INFO: Starting new HTTPS connection (1): www.lagou.com
2017-04-17 23:32:55 [stdout] INFO: the pos parsing result is 200
2017-04-17 23:32:55 [requests.packages.urllib3.connectionpool] INFO: Starting new HTTPS connection (1): www.lagou.com
2017-04-17 23:32:56 [stdout] INFO: the pos parsing result is 200
2017-04-17 23:32:56 [requests.packages.urllib3.connectionpool] INFO: Starting new HTTPS connection (1): www.lagou.com
2017-04-17 23:32:56 [stdout] INFO: the pos parsing result is 200
2017-04-17 23:32:56 [requests.packages.urllib3.connectionpool] INFO: Starting new HTTPS connection (1): www.lagou.com
2017-04-17 23:32:57 [stdout] INFO: the pos parsing result is 200
2017-04-17 23:32:57 [requests.packages.urllib3.connectionpool] INFO: Starting new HTTPS connection (1): www.lagou.com
2017-04-17 23:32:57 [stdout] INFO: the pos parsing result is 200
2017-04-17 23:32:57 [requests.packages.urllib3.connectionpool] INFO: Starting new HTTPS connection (1): www.lagou.com
2017-04-17 23:32:58 [stdout] INFO: the pos parsing result is 200
2017-04-17 23:32:58 [requests.packages.urllib3.connectionpool] INFO: Starting new HTTPS connection (1): www.lagou.com
2017-04-17 23:32:58 [stdout] INFO: the pos parsing result is 200
2017-04-17 23:32:58 [requests.packages.urllib3.connectionpool] INFO: Starting new HTTPS connection (1): www.lagou.com
2017-04-17 23:32:59 [stdout] INFO: the pos parsing result is 200
2017-04-17 23:32:59 [requests.packages.urllib3.connectionpool] INFO: Starting new HTTPS connection (1): www.lagou.com
2017-04-17 23:32:59 [stdout] INFO: the pos parsing result is 200
2017-04-17 23:32:59 [stdout] INFO: Scraping Page Number 18
2017-04-17 23:32:59 [requests.packages.urllib3.connectionpool] INFO: Starting new HTTPS connection (1): www.lagou.com
2017-04-17 23:33:00 [stdout] INFO: the pos parsing result is 200
2017-04-17 23:33:00 [requests.packages.urllib3.connectionpool] INFO: Starting new HTTPS connection (1): www.lagou.com
2017-04-17 23:33:00 [stdout] INFO: the pos parsing result is 200
2017-04-17 23:33:00 [requests.packages.urllib3.connectionpool] INFO: Starting new HTTPS connection (1): www.lagou.com
2017-04-17 23:33:01 [stdout] INFO: the pos parsing result is 200
2017-04-17 23:33:01 [requests.packages.urllib3.connectionpool] INFO: Starting new HTTPS connection (1): www.lagou.com
2017-04-17 23:33:01 [stdout] INFO: the pos parsing result is 200
2017-04-17 23:33:01 [requests.packages.urllib3.connectionpool] INFO: Starting new HTTPS connection (1): www.lagou.com
2017-04-17 23:33:01 [requests.packages.urllib3.connectionpool] INFO: Starting new HTTP connection (1): forbidden.lagou.com
2017-04-17 23:33:01 [stdout] INFO: the pos parsing result is 200
2017-04-17 23:33:01 [requests.packages.urllib3.connectionpool] INFO: Starting new HTTPS connection (1): www.lagou.com
2017-04-17 23:33:01 [requests.packages.urllib3.connectionpool] INFO: Starting new HTTP connection (1): forbidden.lagou.com
2017-04-17 23:33:01 [stdout] INFO: the pos parsing result is 200
2017-04-17 23:33:01 [requests.packages.urllib3.connectionpool] INFO: Starting new HTTPS connection (1): www.lagou.com
2017-04-17 23:33:02 [requests.packages.urllib3.connectionpool] INFO: Starting new HTTP connection (1): forbidden.lagou.com
2017-04-17 23:33:02 [stdout] INFO: the pos parsing result is 200
2017-04-17 23:33:02 [requests.packages.urllib3.connectionpool] INFO: Starting new HTTPS connection (1): www.lagou.com
2017-04-17 23:33:02 [requests.packages.urllib3.connectionpool] INFO: Starting new HTTP connection (1): forbidden.lagou.com
2017-04-17 23:33:02 [stdout] INFO: the pos parsing result is 200
2017-04-17 23:33:02 [requests.packages.urllib3.connectionpool] INFO: Starting new HTTPS connection (1): www.lagou.com
2017-04-17 23:33:02 [requests.packages.urllib3.connectionpool] INFO: Starting new HTTP connection (1): forbidden.lagou.com
2017-04-17 23:33:02 [stdout] INFO: the pos parsing result is 200
2017-04-17 23:33:02 [requests.packages.urllib3.connectionpool] INFO: Starting new HTTPS connection (1): www.lagou.com
2017-04-17 23:33:03 [requests.packages.urllib3.connectionpool] INFO: Starting new HTTP connection (1): forbidden.lagou.com
2017-04-17 23:33:03 [stdout] INFO: the pos parsing result is 200
2017-04-17 23:33:03 [requests.packages.urllib3.connectionpool] INFO: Starting new HTTPS connection (1): www.lagou.com
2017-04-17 23:33:03 [requests.packages.urllib3.connectionpool] INFO: Starting new HTTP connection (1): forbidden.lagou.com
2017-04-17 23:33:03 [stdout] INFO: the pos parsing result is 200
2017-04-17 23:33:03 [requests.packages.urllib3.connectionpool] INFO: Starting new HTTPS connection (1): www.lagou.com
2017-04-17 23:33:03 [requests.packages.urllib3.connectionpool] INFO: Starting new HTTP connection (1): forbidden.lagou.com
2017-04-17 23:33:03 [stdout] INFO: the pos parsing result is 200
2017-04-17 23:33:03 [requests.packages.urllib3.connectionpool] INFO: Starting new HTTPS connection (1): www.lagou.com
2017-04-17 23:33:03 [requests.packages.urllib3.connectionpool] INFO: Starting new HTTP connection (1): forbidden.lagou.com
2017-04-17 23:33:04 [stdout] INFO: the pos parsing result is 200
2017-04-17 23:33:04 [scrapy.extensions.logstats] INFO: Crawled 18 pages (at 8 pages/min), scraped 268 items (at 131 items/min)
2017-04-17 23:33:04 [requests.packages.urllib3.connectionpool] INFO: Starting new HTTPS connection (1): www.lagou.com
2017-04-17 23:33:04 [requests.packages.urllib3.connectionpool] INFO: Starting new HTTP connection (1): forbidden.lagou.com
2017-04-17 23:33:04 [stdout] INFO: the pos parsing result is 200
2017-04-17 23:33:04 [requests.packages.urllib3.connectionpool] INFO: Starting new HTTPS connection (1): www.lagou.com
2017-04-17 23:33:04 [requests.packages.urllib3.connectionpool] INFO: Starting new HTTP connection (1): forbidden.lagou.com
2017-04-17 23:33:04 [stdout] INFO: the pos parsing result is 200
2017-04-17 23:33:05 [stdout] INFO: Scraping Page Number 19
2017-04-17 23:33:05 [requests.packages.urllib3.connectionpool] INFO: Starting new HTTPS connection (1): www.lagou.com
2017-04-17 23:33:05 [stdout] INFO: the pos parsing result is 200
2017-04-17 23:33:05 [requests.packages.urllib3.connectionpool] INFO: Starting new HTTPS connection (1): www.lagou.com
2017-04-17 23:33:06 [stdout] INFO: the pos parsing result is 200
2017-04-17 23:33:06 [requests.packages.urllib3.connectionpool] INFO: Starting new HTTPS connection (1): www.lagou.com
2017-04-17 23:33:07 [stdout] INFO: the pos parsing result is 200
2017-04-17 23:33:07 [requests.packages.urllib3.connectionpool] INFO: Starting new HTTPS connection (1): www.lagou.com
2017-04-17 23:33:07 [stdout] INFO: the pos parsing result is 200
2017-04-17 23:33:07 [requests.packages.urllib3.connectionpool] INFO: Starting new HTTPS connection (1): www.lagou.com
2017-04-17 23:33:07 [stdout] INFO: the pos parsing result is 200
2017-04-17 23:33:07 [requests.packages.urllib3.connectionpool] INFO: Starting new HTTPS connection (1): www.lagou.com
2017-04-17 23:33:08 [stdout] INFO: the pos parsing result is 200
2017-04-17 23:33:08 [requests.packages.urllib3.connectionpool] INFO: Starting new HTTPS connection (1): www.lagou.com
2017-04-17 23:33:08 [stdout] INFO: the pos parsing result is 200
2017-04-17 23:33:08 [requests.packages.urllib3.connectionpool] INFO: Starting new HTTPS connection (1): www.lagou.com
2017-04-17 23:33:09 [stdout] INFO: the pos parsing result is 200
2017-04-17 23:33:09 [requests.packages.urllib3.connectionpool] INFO: Starting new HTTPS connection (1): www.lagou.com
2017-04-17 23:33:10 [stdout] INFO: the pos parsing result is 200
2017-04-17 23:33:10 [requests.packages.urllib3.connectionpool] INFO: Starting new HTTPS connection (1): www.lagou.com
2017-04-17 23:33:10 [stdout] INFO: the pos parsing result is 200
2017-04-17 23:33:10 [requests.packages.urllib3.connectionpool] INFO: Starting new HTTPS connection (1): www.lagou.com
2017-04-17 23:33:10 [stdout] INFO: the pos parsing result is 200
2017-04-17 23:33:10 [requests.packages.urllib3.connectionpool] INFO: Starting new HTTPS connection (1): www.lagou.com
2017-04-17 23:33:11 [stdout] INFO: the pos parsing result is 200
2017-04-17 23:33:11 [requests.packages.urllib3.connectionpool] INFO: Starting new HTTPS connection (1): www.lagou.com
2017-04-17 23:33:11 [stdout] INFO: the pos parsing result is 200
2017-04-17 23:33:11 [requests.packages.urllib3.connectionpool] INFO: Starting new HTTPS connection (1): www.lagou.com
2017-04-17 23:33:11 [stdout] INFO: the pos parsing result is 200
2017-04-17 23:33:12 [requests.packages.urllib3.connectionpool] INFO: Starting new HTTPS connection (1): www.lagou.com
2017-04-17 23:33:12 [stdout] INFO: the pos parsing result is 200
2017-04-17 23:33:12 [stdout] INFO: Scraping Page Number 20
2017-04-17 23:33:12 [requests.packages.urllib3.connectionpool] INFO: Starting new HTTPS connection (1): www.lagou.com
2017-04-17 23:33:13 [stdout] INFO: the pos parsing result is 200
2017-04-17 23:33:13 [requests.packages.urllib3.connectionpool] INFO: Starting new HTTPS connection (1): www.lagou.com
2017-04-17 23:33:13 [stdout] INFO: the pos parsing result is 200
2017-04-17 23:33:13 [requests.packages.urllib3.connectionpool] INFO: Starting new HTTPS connection (1): www.lagou.com
2017-04-17 23:33:14 [stdout] INFO: the pos parsing result is 200
2017-04-17 23:33:14 [requests.packages.urllib3.connectionpool] INFO: Starting new HTTPS connection (1): www.lagou.com
2017-04-17 23:33:14 [stdout] INFO: the pos parsing result is 200
2017-04-17 23:33:14 [requests.packages.urllib3.connectionpool] INFO: Starting new HTTPS connection (1): www.lagou.com
2017-04-17 23:33:14 [stdout] INFO: the pos parsing result is 200
2017-04-17 23:33:14 [requests.packages.urllib3.connectionpool] INFO: Starting new HTTPS connection (1): www.lagou.com
2017-04-17 23:33:14 [stdout] INFO: the pos parsing result is 200
2017-04-17 23:33:14 [requests.packages.urllib3.connectionpool] INFO: Starting new HTTPS connection (1): www.lagou.com
2017-04-17 23:33:15 [stdout] INFO: the pos parsing result is 200
2017-04-17 23:33:15 [requests.packages.urllib3.connectionpool] INFO: Starting new HTTPS connection (1): www.lagou.com
2017-04-17 23:33:15 [stdout] INFO: the pos parsing result is 200
2017-04-17 23:33:15 [requests.packages.urllib3.connectionpool] INFO: Starting new HTTPS connection (1): www.lagou.com
2017-04-17 23:33:16 [stdout] INFO: the pos parsing result is 200
2017-04-17 23:33:16 [requests.packages.urllib3.connectionpool] INFO: Starting new HTTPS connection (1): www.lagou.com
2017-04-17 23:33:16 [stdout] INFO: the pos parsing result is 200
2017-04-17 23:33:16 [requests.packages.urllib3.connectionpool] INFO: Starting new HTTPS connection (1): www.lagou.com
2017-04-17 23:33:16 [stdout] INFO: the pos parsing result is 200
2017-04-17 23:33:16 [requests.packages.urllib3.connectionpool] INFO: Starting new HTTPS connection (1): www.lagou.com
2017-04-17 23:33:17 [stdout] INFO: the pos parsing result is 200
2017-04-17 23:33:17 [requests.packages.urllib3.connectionpool] INFO: Starting new HTTPS connection (1): www.lagou.com
2017-04-17 23:33:17 [stdout] INFO: the pos parsing result is 200
2017-04-17 23:33:17 [requests.packages.urllib3.connectionpool] INFO: Starting new HTTPS connection (1): www.lagou.com
2017-04-17 23:33:18 [stdout] INFO: the pos parsing result is 200
2017-04-17 23:33:18 [requests.packages.urllib3.connectionpool] INFO: Starting new HTTPS connection (1): www.lagou.com
2017-04-17 23:33:18 [stdout] INFO: the pos parsing result is 200
2017-04-17 23:33:19 [stdout] INFO: Scraping Page Number 21
2017-04-17 23:33:19 [requests.packages.urllib3.connectionpool] INFO: Starting new HTTPS connection (1): www.lagou.com
2017-04-17 23:33:19 [stdout] INFO: the pos parsing result is 200
2017-04-17 23:33:19 [requests.packages.urllib3.connectionpool] INFO: Starting new HTTPS connection (1): www.lagou.com
2017-04-17 23:33:20 [stdout] INFO: the pos parsing result is 200
2017-04-17 23:33:20 [requests.packages.urllib3.connectionpool] INFO: Starting new HTTPS connection (1): www.lagou.com
2017-04-17 23:33:20 [stdout] INFO: the pos parsing result is 200
2017-04-17 23:33:20 [requests.packages.urllib3.connectionpool] INFO: Starting new HTTPS connection (1): www.lagou.com
2017-04-17 23:33:21 [stdout] INFO: the pos parsing result is 200
2017-04-17 23:33:21 [requests.packages.urllib3.connectionpool] INFO: Starting new HTTPS connection (1): www.lagou.com
2017-04-17 23:33:21 [stdout] INFO: the pos parsing result is 200
2017-04-17 23:33:21 [requests.packages.urllib3.connectionpool] INFO: Starting new HTTPS connection (1): www.lagou.com
2017-04-17 23:33:21 [stdout] INFO: the pos parsing result is 200
2017-04-17 23:33:21 [requests.packages.urllib3.connectionpool] INFO: Starting new HTTPS connection (1): www.lagou.com
2017-04-17 23:33:22 [stdout] INFO: the pos parsing result is 200
2017-04-17 23:33:22 [requests.packages.urllib3.connectionpool] INFO: Starting new HTTPS connection (1): www.lagou.com
2017-04-17 23:33:22 [stdout] INFO: the pos parsing result is 200
2017-04-17 23:33:22 [requests.packages.urllib3.connectionpool] INFO: Starting new HTTPS connection (1): www.lagou.com
2017-04-17 23:33:22 [stdout] INFO: the pos parsing result is 200
2017-04-17 23:33:22 [requests.packages.urllib3.connectionpool] INFO: Starting new HTTPS connection (1): www.lagou.com
2017-04-17 23:33:23 [stdout] INFO: the pos parsing result is 200
2017-04-17 23:33:23 [requests.packages.urllib3.connectionpool] INFO: Starting new HTTPS connection (1): www.lagou.com
2017-04-17 23:33:24 [stdout] INFO: the pos parsing result is 200
2017-04-17 23:33:24 [requests.packages.urllib3.connectionpool] INFO: Starting new HTTPS connection (1): www.lagou.com
2017-04-17 23:33:25 [stdout] INFO: the pos parsing result is 200
2017-04-17 23:33:25 [requests.packages.urllib3.connectionpool] INFO: Starting new HTTPS connection (1): www.lagou.com
2017-04-17 23:33:25 [stdout] INFO: the pos parsing result is 200
2017-04-17 23:33:25 [requests.packages.urllib3.connectionpool] INFO: Starting new HTTPS connection (1): www.lagou.com
2017-04-17 23:33:26 [stdout] INFO: the pos parsing result is 200
2017-04-17 23:33:26 [requests.packages.urllib3.connectionpool] INFO: Starting new HTTPS connection (1): www.lagou.com
2017-04-17 23:33:26 [stdout] INFO: the pos parsing result is 200
2017-04-17 23:33:27 [stdout] INFO: Scraping Page Number 22
2017-04-17 23:33:27 [requests.packages.urllib3.connectionpool] INFO: Starting new HTTPS connection (1): www.lagou.com
2017-04-17 23:33:27 [stdout] INFO: the pos parsing result is 200
2017-04-17 23:33:27 [requests.packages.urllib3.connectionpool] INFO: Starting new HTTPS connection (1): www.lagou.com
2017-04-17 23:33:27 [stdout] INFO: the pos parsing result is 200
2017-04-17 23:33:27 [requests.packages.urllib3.connectionpool] INFO: Starting new HTTPS connection (1): www.lagou.com
2017-04-17 23:33:28 [stdout] INFO: the pos parsing result is 200
2017-04-17 23:33:28 [requests.packages.urllib3.connectionpool] INFO: Starting new HTTPS connection (1): www.lagou.com
2017-04-17 23:33:28 [stdout] INFO: the pos parsing result is 200
2017-04-17 23:33:28 [requests.packages.urllib3.connectionpool] INFO: Starting new HTTPS connection (1): www.lagou.com
2017-04-17 23:33:29 [stdout] INFO: the pos parsing result is 200
2017-04-17 23:33:29 [requests.packages.urllib3.connectionpool] INFO: Starting new HTTPS connection (1): www.lagou.com
2017-04-17 23:33:29 [stdout] INFO: the pos parsing result is 200
2017-04-17 23:33:29 [requests.packages.urllib3.connectionpool] INFO: Starting new HTTPS connection (1): www.lagou.com
2017-04-17 23:33:30 [stdout] INFO: the pos parsing result is 200
2017-04-17 23:33:30 [requests.packages.urllib3.connectionpool] INFO: Starting new HTTPS connection (1): www.lagou.com
2017-04-17 23:33:30 [stdout] INFO: the pos parsing result is 200
2017-04-17 23:33:30 [requests.packages.urllib3.connectionpool] INFO: Starting new HTTPS connection (1): www.lagou.com
2017-04-17 23:33:31 [stdout] INFO: the pos parsing result is 200
2017-04-17 23:33:31 [requests.packages.urllib3.connectionpool] INFO: Starting new HTTPS connection (1): www.lagou.com
2017-04-17 23:33:31 [stdout] INFO: the pos parsing result is 200
2017-04-17 23:33:31 [requests.packages.urllib3.connectionpool] INFO: Starting new HTTPS connection (1): www.lagou.com
2017-04-17 23:33:32 [stdout] INFO: the pos parsing result is 200
2017-04-17 23:33:32 [requests.packages.urllib3.connectionpool] INFO: Starting new HTTPS connection (1): www.lagou.com
2017-04-17 23:33:33 [stdout] INFO: the pos parsing result is 200
2017-04-17 23:33:33 [requests.packages.urllib3.connectionpool] INFO: Starting new HTTPS connection (1): www.lagou.com
2017-04-17 23:33:34 [stdout] INFO: the pos parsing result is 200
2017-04-17 23:33:34 [requests.packages.urllib3.connectionpool] INFO: Starting new HTTPS connection (1): www.lagou.com
2017-04-17 23:33:34 [stdout] INFO: the pos parsing result is 200
2017-04-17 23:33:34 [requests.packages.urllib3.connectionpool] INFO: Starting new HTTPS connection (1): www.lagou.com
2017-04-17 23:33:34 [stdout] INFO: the pos parsing result is 200
2017-04-17 23:33:35 [stdout] INFO: Scraping Page Number 23
2017-04-17 23:33:35 [requests.packages.urllib3.connectionpool] INFO: Starting new HTTPS connection (1): www.lagou.com
2017-04-17 23:33:35 [stdout] INFO: the pos parsing result is 200
2017-04-17 23:33:35 [requests.packages.urllib3.connectionpool] INFO: Starting new HTTPS connection (1): www.lagou.com
2017-04-17 23:33:36 [stdout] INFO: the pos parsing result is 200
2017-04-17 23:33:36 [requests.packages.urllib3.connectionpool] INFO: Starting new HTTPS connection (1): www.lagou.com
2017-04-17 23:33:36 [stdout] INFO: the pos parsing result is 200
2017-04-17 23:33:36 [requests.packages.urllib3.connectionpool] INFO: Starting new HTTPS connection (1): www.lagou.com
2017-04-17 23:33:37 [stdout] INFO: the pos parsing result is 200
2017-04-17 23:33:37 [requests.packages.urllib3.connectionpool] INFO: Starting new HTTPS connection (1): www.lagou.com
2017-04-17 23:33:37 [stdout] INFO: the pos parsing result is 200
2017-04-17 23:33:37 [requests.packages.urllib3.connectionpool] INFO: Starting new HTTPS connection (1): www.lagou.com
2017-04-17 23:33:38 [stdout] INFO: the pos parsing result is 200
2017-04-17 23:33:38 [requests.packages.urllib3.connectionpool] INFO: Starting new HTTPS connection (1): www.lagou.com
2017-04-17 23:33:38 [stdout] INFO: the pos parsing result is 200
2017-04-17 23:33:38 [requests.packages.urllib3.connectionpool] INFO: Starting new HTTPS connection (1): www.lagou.com
2017-04-17 23:33:38 [stdout] INFO: the pos parsing result is 200
2017-04-17 23:33:38 [requests.packages.urllib3.connectionpool] INFO: Starting new HTTPS connection (1): www.lagou.com
2017-04-17 23:33:39 [stdout] INFO: the pos parsing result is 200
2017-04-17 23:33:39 [requests.packages.urllib3.connectionpool] INFO: Starting new HTTPS connection (1): www.lagou.com
2017-04-17 23:33:39 [stdout] INFO: the pos parsing result is 200
2017-04-17 23:33:39 [requests.packages.urllib3.connectionpool] INFO: Starting new HTTPS connection (1): www.lagou.com
2017-04-17 23:33:40 [stdout] INFO: the pos parsing result is 200
2017-04-17 23:33:40 [requests.packages.urllib3.connectionpool] INFO: Starting new HTTPS connection (1): www.lagou.com
2017-04-17 23:33:40 [stdout] INFO: the pos parsing result is 200
2017-04-17 23:33:40 [requests.packages.urllib3.connectionpool] INFO: Starting new HTTPS connection (1): www.lagou.com
2017-04-17 23:33:41 [stdout] INFO: the pos parsing result is 200
2017-04-17 23:33:41 [requests.packages.urllib3.connectionpool] INFO: Starting new HTTPS connection (1): www.lagou.com
2017-04-17 23:33:41 [stdout] INFO: the pos parsing result is 200
2017-04-17 23:33:41 [requests.packages.urllib3.connectionpool] INFO: Starting new HTTPS connection (1): www.lagou.com
2017-04-17 23:33:41 [stdout] INFO: the pos parsing result is 200
2017-04-17 23:33:42 [stdout] INFO: Scraping Page Number 24
2017-04-17 23:33:42 [requests.packages.urllib3.connectionpool] INFO: Starting new HTTPS connection (1): www.lagou.com
2017-04-17 23:33:42 [stdout] INFO: the pos parsing result is 200
2017-04-17 23:33:42 [requests.packages.urllib3.connectionpool] INFO: Starting new HTTPS connection (1): www.lagou.com
2017-04-17 23:33:42 [stdout] INFO: the pos parsing result is 200
2017-04-17 23:33:42 [requests.packages.urllib3.connectionpool] INFO: Starting new HTTPS connection (1): www.lagou.com
2017-04-17 23:33:43 [stdout] INFO: the pos parsing result is 200
2017-04-17 23:33:43 [requests.packages.urllib3.connectionpool] INFO: Starting new HTTPS connection (1): www.lagou.com
2017-04-17 23:33:43 [stdout] INFO: the pos parsing result is 200
2017-04-17 23:33:43 [requests.packages.urllib3.connectionpool] INFO: Starting new HTTPS connection (1): www.lagou.com
2017-04-17 23:33:44 [stdout] INFO: the pos parsing result is 200
2017-04-17 23:33:44 [stdout] INFO: Scraping Page Number 25
2017-04-17 23:33:44 [stdout] INFO: shit's finished nigga
2017-04-17 23:33:44 [scrapy.core.engine] INFO: Closing spider (finished)
2017-04-17 23:33:44 [scrapy.extensions.feedexport] INFO: Stored csv feed (350 items) in: /Users/Han/Desktop/Code/company_info_gleaner/lagou_search/lagou_search_20170417.txt
2017-04-17 23:33:44 [scrapy.statscollectors] INFO: Dumping Scrapy stats:
{'downloader/request_bytes': 28097,
 'downloader/request_count': 25,
 'downloader/request_method_count/POST': 25,
 'downloader/response_bytes': 446688,
 'downloader/response_count': 25,
 'downloader/response_status_count/200': 25,
 'finish_reason': 'finished',
 'finish_time': datetime.datetime(2017, 4, 17, 15, 33, 44, 474405),
 'item_scraped_count': 350,
 'log_count/INFO': 817,
 'request_depth_max': 24,
 'response_received_count': 25,
 'scheduler/dequeued': 25,
 'scheduler/dequeued/memory': 25,
 'scheduler/enqueued': 25,
 'scheduler/enqueued/memory': 25,
 'start_time': datetime.datetime(2017, 4, 17, 15, 31, 3, 853343)}
2017-04-17 23:33:44 [scrapy.core.engine] INFO: Spider closed (finished)
