2017-06-08 13:28:23 Using socket: 127.0.0.1:5550
2017-06-08 13:28:23 Distributed Frontera ZeroMQ broker is started.
2017-06-08 13:28:23 {'sw_in_recvd': 0, 'spiders_out_recvd': 0, 'spiders_in_recvd': 0, 'db_out_recvd': 0, 'sw_out_recvd': 0, 'started': 1496899703.945039, 'db_in_recvd': 0}
2017-06-08 13:28:33 {'sw_in_recvd': 0, 'spiders_out_recvd': 0, 'spiders_in_recvd': 5, 'db_out_recvd': 0, 'sw_out_recvd': 0, 'started': 1496899703.945039, 'db_in_recvd': 0}
2017-06-08 13:28:43 {'sw_in_recvd': 0, 'spiders_out_recvd': 4, 'spiders_in_recvd': 5, 'db_out_recvd': 0, 'sw_out_recvd': 0, 'started': 1496899703.945039, 'db_in_recvd': 1}
2017-06-08 13:28:53 {'sw_in_recvd': 0, 'spiders_out_recvd': 8, 'spiders_in_recvd': 5, 'db_out_recvd': 0, 'sw_out_recvd': 0, 'started': 1496899703.945039, 'db_in_recvd': 1}
2017-06-08 13:29:03 {'sw_in_recvd': 0, 'spiders_out_recvd': 5011, 'spiders_in_recvd': 5, 'db_out_recvd': 0, 'sw_out_recvd': 0, 'started': 1496899703.945039, 'db_in_recvd': 1}
2017-06-08 13:29:13 {'sw_in_recvd': 0, 'spiders_out_recvd': 5016, 'spiders_in_recvd': 5, 'db_out_recvd': 0, 'sw_out_recvd': 0, 'started': 1496899703.945039, 'db_in_recvd': 1}
 2017-06-08 13:29:18,261 WARNING  frontera.contrib.backends.remote.codecs.msgpack unable to serialize object: None
 2017-06-08 13:29:18,261 WARNING  frontera.contrib.backends.remote.codecs.msgpack unable to serialize object: None
 2017-06-08 13:29:18,262 WARNING  frontera.contrib.backends.remote.codecs.msgpack unable to serialize object: None
 2017-06-08 13:29:18,262 WARNING  frontera.contrib.backends.remote.codecs.msgpack unable to serialize object: None
 2017-06-08 13:29:18,262 WARNING  frontera.contrib.backends.remote.codecs.msgpack unable to serialize object: None
 2017-06-08 13:29:18,262 WARNING  frontera.contrib.backends.remote.codecs.msgpack unable to serialize object: None
 2017-06-08 13:29:18,262 WARNING  frontera.contrib.backends.remote.codecs.msgpack unable to serialize object: None
 2017-06-08 13:29:18,262 WARNING  frontera.contrib.backends.remote.codecs.msgpack unable to serialize object: None
 2017-06-08 13:29:18,263 WARNING  frontera.contrib.backends.remote.codecs.msgpack unable to serialize object: None
 2017-06-08 13:29:18,263 WARNING  frontera.contrib.backends.remote.codecs.msgpack unable to serialize object: None
 2017-06-08 13:29:18,263 WARNING  frontera.contrib.backends.remote.codecs.msgpack unable to serialize object: None
 2017-06-08 13:29:18,263 WARNING  frontera.contrib.backends.remote.codecs.msgpack unable to serialize object: None
 2017-06-08 13:29:18,263 WARNING  frontera.contrib.backends.remote.codecs.msgpack unable to serialize object: None
 2017-06-08 13:29:18,263 WARNING  frontera.contrib.backends.remote.codecs.msgpack unable to serialize object: None
 2017-06-08 13:29:18,263 WARNING  frontera.contrib.backends.remote.codecs.msgpack unable to serialize object: None
 2017-06-08 13:29:18,264 WARNING  frontera.contrib.backends.remote.codecs.msgpack unable to serialize object: None
 2017-06-08 13:29:18,264 WARNING  frontera.contrib.backends.remote.codecs.msgpack unable to serialize object: None
 2017-06-08 13:29:18,264 WARNING  frontera.contrib.backends.remote.codecs.msgpack unable to serialize object: None
 2017-06-08 13:29:18,264 WARNING  frontera.contrib.backends.remote.codecs.msgpack unable to serialize object: None
 2017-06-08 13:29:18,264 WARNING  frontera.contrib.backends.remote.codecs.msgpack unable to serialize object: None
 2017-06-08 13:29:18,264 WARNING  frontera.contrib.backends.remote.codecs.msgpack unable to serialize object: None
 2017-06-08 13:29:18,264 WARNING  frontera.contrib.backends.remote.codecs.msgpack unable to serialize object: None
 2017-06-08 13:29:18,265 WARNING  frontera.contrib.backends.remote.codecs.msgpack unable to serialize object: None
 2017-06-08 13:29:18,265 WARNING  frontera.contrib.backends.remote.codecs.msgpack unable to serialize object: None
 2017-06-08 13:29:18,265 WARNING  frontera.contrib.backends.remote.codecs.msgpack unable to serialize object: None
 2017-06-08 13:29:18,265 WARNING  frontera.contrib.backends.remote.codecs.msgpack unable to serialize object: None
 2017-06-08 13:29:18,265 WARNING  frontera.contrib.backends.remote.codecs.msgpack unable to serialize object: None
 2017-06-08 13:29:18,265 WARNING  frontera.contrib.backends.remote.codecs.msgpack unable to serialize object: None
 2017-06-08 13:29:18,266 WARNING  frontera.contrib.backends.remote.codecs.msgpack unable to serialize object: None
 2017-06-08 13:29:18,266 WARNING  frontera.contrib.backends.remote.codecs.msgpack unable to serialize object: None
 2017-06-08 13:29:18,266 WARNING  frontera.contrib.backends.remote.codecs.msgpack unable to serialize object: None
 2017-06-08 13:29:18,266 WARNING  frontera.contrib.backends.remote.codecs.msgpack unable to serialize object: None
 2017-06-08 13:29:18,266 WARNING  frontera.contrib.backends.remote.codecs.msgpack unable to serialize object: None
 2017-06-08 13:29:18,266 WARNING  frontera.contrib.backends.remote.codecs.msgpack unable to serialize object: None
 2017-06-08 13:29:18,267 WARNING  frontera.contrib.backends.remote.codecs.msgpack unable to serialize object: None
 2017-06-08 13:29:18,267 WARNING  frontera.contrib.backends.remote.codecs.msgpack unable to serialize object: None
 2017-06-08 13:29:18,267 WARNING  frontera.contrib.backends.remote.codecs.msgpack unable to serialize object: None
 2017-06-08 13:29:18,267 WARNING  frontera.contrib.backends.remote.codecs.msgpack unable to serialize object: None
 2017-06-08 13:29:18,267 WARNING  frontera.contrib.backends.remote.codecs.msgpack unable to serialize object: None
 2017-06-08 13:29:18,267 WARNING  frontera.contrib.backends.remote.codecs.msgpack unable to serialize object: None
 2017-06-08 13:29:18,268 WARNING  frontera.contrib.backends.remote.codecs.msgpack unable to serialize object: None
 2017-06-08 13:29:18,268 WARNING  frontera.contrib.backends.remote.codecs.msgpack unable to serialize object: None
 2017-06-08 13:29:18,268 WARNING  frontera.contrib.backends.remote.codecs.msgpack unable to serialize object: None
 2017-06-08 13:29:18,268 WARNING  frontera.contrib.backends.remote.codecs.msgpack unable to serialize object: None
 2017-06-08 13:29:18,268 WARNING  frontera.contrib.backends.remote.codecs.msgpack unable to serialize object: None
 2017-06-08 13:29:18,268 WARNING  frontera.contrib.backends.remote.codecs.msgpack unable to serialize object: None
 2017-06-08 13:29:18,268 WARNING  frontera.contrib.backends.remote.codecs.msgpack unable to serialize object: None
 2017-06-08 13:29:18,269 WARNING  frontera.contrib.backends.remote.codecs.msgpack unable to serialize object: None
 2017-06-08 13:29:18,269 WARNING  frontera.contrib.backends.remote.codecs.msgpack unable to serialize object: None
 2017-06-08 13:29:18,269 WARNING  frontera.contrib.backends.remote.codecs.msgpack unable to serialize object: None
 2017-06-08 13:29:18,269 WARNING  frontera.contrib.backends.remote.codecs.msgpack unable to serialize object: None
 2017-06-08 13:29:18,269 WARNING  frontera.contrib.backends.remote.codecs.msgpack unable to serialize object: None
 2017-06-08 13:29:18,269 WARNING  frontera.contrib.backends.remote.codecs.msgpack unable to serialize object: None
 2017-06-08 13:29:18,269 WARNING  frontera.contrib.backends.remote.codecs.msgpack unable to serialize object: None
 2017-06-08 13:29:18,270 WARNING  frontera.contrib.backends.remote.codecs.msgpack unable to serialize object: None
 2017-06-08 13:29:18,270 WARNING  frontera.contrib.backends.remote.codecs.msgpack unable to serialize object: None
 2017-06-08 13:29:18,270 WARNING  frontera.contrib.backends.remote.codecs.msgpack unable to serialize object: None
 2017-06-08 13:29:18,270 WARNING  frontera.contrib.backends.remote.codecs.msgpack unable to serialize object: None
 2017-06-08 13:29:18,270 WARNING  frontera.contrib.backends.remote.codecs.msgpack unable to serialize object: None
 2017-06-08 13:29:18,270 WARNING  frontera.contrib.backends.remote.codecs.msgpack unable to serialize object: None
 2017-06-08 13:29:18,271 WARNING  frontera.contrib.backends.remote.codecs.msgpack unable to serialize object: None
 2017-06-08 13:29:18,271 WARNING  frontera.contrib.backends.remote.codecs.msgpack unable to serialize object: None
 2017-06-08 13:29:18,271 WARNING  frontera.contrib.backends.remote.codecs.msgpack unable to serialize object: None
 2017-06-08 13:29:18,271 WARNING  frontera.contrib.backends.remote.codecs.msgpack unable to serialize object: None
 2017-06-08 13:29:18,271 WARNING  frontera.contrib.backends.remote.codecs.msgpack unable to serialize object: None
 2017-06-08 13:29:18,271 WARNING  frontera.contrib.backends.remote.codecs.msgpack unable to serialize object: None
 2017-06-08 13:29:18,271 WARNING  frontera.contrib.backends.remote.codecs.msgpack unable to serialize object: None
 2017-06-08 13:29:18,272 WARNING  frontera.contrib.backends.remote.codecs.msgpack unable to serialize object: None
 2017-06-08 13:29:18,272 WARNING  frontera.contrib.backends.remote.codecs.msgpack unable to serialize object: None
 2017-06-08 13:29:18,272 WARNING  frontera.contrib.backends.remote.codecs.msgpack unable to serialize object: None
 2017-06-08 13:29:18,272 WARNING  frontera.contrib.backends.remote.codecs.msgpack unable to serialize object: None
 2017-06-08 13:29:18,272 WARNING  frontera.contrib.backends.remote.codecs.msgpack unable to serialize object: None
 2017-06-08 13:29:18,272 WARNING  frontera.contrib.backends.remote.codecs.msgpack unable to serialize object: None
 2017-06-08 13:29:18,272 WARNING  frontera.contrib.backends.remote.codecs.msgpack unable to serialize object: None
 2017-06-08 13:29:18,273 WARNING  frontera.contrib.backends.remote.codecs.msgpack unable to serialize object: None
 2017-06-08 13:29:18,273 WARNING  frontera.contrib.backends.remote.codecs.msgpack unable to serialize object: None
 2017-06-08 13:29:18,273 WARNING  frontera.contrib.backends.remote.codecs.msgpack unable to serialize object: None
 2017-06-08 13:29:18,273 WARNING  frontera.contrib.backends.remote.codecs.msgpack unable to serialize object: None
 2017-06-08 13:29:18,273 WARNING  frontera.contrib.backends.remote.codecs.msgpack unable to serialize object: None
 2017-06-08 13:29:18,273 WARNING  frontera.contrib.backends.remote.codecs.msgpack unable to serialize object: None
 2017-06-08 13:29:18,274 WARNING  frontera.contrib.backends.remote.codecs.msgpack unable to serialize object: None
 2017-06-08 13:29:18,274 WARNING  frontera.contrib.backends.remote.codecs.msgpack unable to serialize object: None
 2017-06-08 13:29:18,274 WARNING  frontera.contrib.backends.remote.codecs.msgpack unable to serialize object: None
 2017-06-08 13:29:18,274 WARNING  frontera.contrib.backends.remote.codecs.msgpack unable to serialize object: None
 2017-06-08 13:29:18,274 WARNING  frontera.contrib.backends.remote.codecs.msgpack unable to serialize object: None
 2017-06-08 13:29:18,274 WARNING  frontera.contrib.backends.remote.codecs.msgpack unable to serialize object: None
 2017-06-08 13:29:18,274 WARNING  frontera.contrib.backends.remote.codecs.msgpack unable to serialize object: None
 2017-06-08 13:29:18,275 WARNING  frontera.contrib.backends.remote.codecs.msgpack unable to serialize object: None
 2017-06-08 13:29:18,275 WARNING  frontera.contrib.backends.remote.codecs.msgpack unable to serialize object: None
 2017-06-08 13:29:18,275 WARNING  frontera.contrib.backends.remote.codecs.msgpack unable to serialize object: None
 2017-06-08 13:29:18,275 WARNING  frontera.contrib.backends.remote.codecs.msgpack unable to serialize object: None
 2017-06-08 13:29:18,275 WARNING  frontera.contrib.backends.remote.codecs.msgpack unable to serialize object: None
 2017-06-08 13:29:18,275 WARNING  frontera.contrib.backends.remote.codecs.msgpack unable to serialize object: None
 2017-06-08 13:29:18,275 WARNING  frontera.contrib.backends.remote.codecs.msgpack unable to serialize object: None
 2017-06-08 13:29:18,276 WARNING  frontera.contrib.backends.remote.codecs.msgpack unable to serialize object: None
 2017-06-08 13:29:18,276 WARNING  frontera.contrib.backends.remote.codecs.msgpack unable to serialize object: None
 2017-06-08 13:29:18,276 WARNING  frontera.contrib.backends.remote.codecs.msgpack unable to serialize object: None
 2017-06-08 13:29:18,276 WARNING  frontera.contrib.backends.remote.codecs.msgpack unable to serialize object: None
 2017-06-08 13:29:18,276 WARNING  frontera.contrib.backends.remote.codecs.msgpack unable to serialize object: None
 2017-06-08 13:29:18,276 WARNING  frontera.contrib.backends.remote.codecs.msgpack unable to serialize object: None
 2017-06-08 13:29:18,277 WARNING  frontera.contrib.backends.remote.codecs.msgpack unable to serialize object: None
 2017-06-08 13:29:18,277 WARNING  frontera.contrib.backends.remote.codecs.msgpack unable to serialize object: None
 2017-06-08 13:29:18,277 WARNING  frontera.contrib.backends.remote.codecs.msgpack unable to serialize object: None
 2017-06-08 13:29:18,277 WARNING  frontera.contrib.backends.remote.codecs.msgpack unable to serialize object: None
 2017-06-08 13:29:18,277 WARNING  frontera.contrib.backends.remote.codecs.msgpack unable to serialize object: None
 2017-06-08 13:29:18,277 WARNING  frontera.contrib.backends.remote.codecs.msgpack unable to serialize object: None
 2017-06-08 13:29:18,277 WARNING  frontera.contrib.backends.remote.codecs.msgpack unable to serialize object: None
 2017-06-08 13:29:18,278 WARNING  frontera.contrib.backends.remote.codecs.msgpack unable to serialize object: None
 2017-06-08 13:29:18,278 WARNING  frontera.contrib.backends.remote.codecs.msgpack unable to serialize object: None
 2017-06-08 13:29:18,278 WARNING  frontera.contrib.backends.remote.codecs.msgpack unable to serialize object: None
 2017-06-08 13:29:18,278 WARNING  frontera.contrib.backends.remote.codecs.msgpack unable to serialize object: None
 2017-06-08 13:29:18,278 WARNING  frontera.contrib.backends.remote.codecs.msgpack unable to serialize object: None
 2017-06-08 13:29:18,278 WARNING  frontera.contrib.backends.remote.codecs.msgpack unable to serialize object: None
 2017-06-08 13:29:18,279 WARNING  frontera.contrib.backends.remote.codecs.msgpack unable to serialize object: None
 2017-06-08 13:29:18,279 WARNING  frontera.contrib.backends.remote.codecs.msgpack unable to serialize object: None
 2017-06-08 13:29:18,279 WARNING  frontera.contrib.backends.remote.codecs.msgpack unable to serialize object: None
 2017-06-08 13:29:18,279 WARNING  frontera.contrib.backends.remote.codecs.msgpack unable to serialize object: None
 2017-06-08 13:29:18,279 WARNING  frontera.contrib.backends.remote.codecs.msgpack unable to serialize object: None
 2017-06-08 13:29:18,279 WARNING  frontera.contrib.backends.remote.codecs.msgpack unable to serialize object: None
 2017-06-08 13:29:18,279 WARNING  frontera.contrib.backends.remote.codecs.msgpack unable to serialize object: None
 2017-06-08 13:29:18,280 WARNING  frontera.contrib.backends.remote.codecs.msgpack unable to serialize object: None
 2017-06-08 13:29:18,280 WARNING  frontera.contrib.backends.remote.codecs.msgpack unable to serialize object: None
 2017-06-08 13:29:18,280 WARNING  frontera.contrib.backends.remote.codecs.msgpack unable to serialize object: None
 2017-06-08 13:29:18,280 WARNING  frontera.contrib.backends.remote.codecs.msgpack unable to serialize object: None
 2017-06-08 13:29:18,280 WARNING  frontera.contrib.backends.remote.codecs.msgpack unable to serialize object: None
 2017-06-08 13:29:18,280 WARNING  frontera.contrib.backends.remote.codecs.msgpack unable to serialize object: None
 2017-06-08 13:29:18,280 WARNING  frontera.contrib.backends.remote.codecs.msgpack unable to serialize object: None
 2017-06-08 13:29:18,281 WARNING  frontera.contrib.backends.remote.codecs.msgpack unable to serialize object: None
 2017-06-08 13:29:18,281 WARNING  frontera.contrib.backends.remote.codecs.msgpack unable to serialize object: None
 2017-06-08 13:29:18,281 WARNING  frontera.contrib.backends.remote.codecs.msgpack unable to serialize object: None
 2017-06-08 13:29:18,281 WARNING  frontera.contrib.backends.remote.codecs.msgpack unable to serialize object: None
 2017-06-08 13:29:18,281 WARNING  frontera.contrib.backends.remote.codecs.msgpack unable to serialize object: None
 2017-06-08 13:29:18,281 WARNING  frontera.contrib.backends.remote.codecs.msgpack unable to serialize object: None
 2017-06-08 13:29:18,281 WARNING  frontera.contrib.backends.remote.codecs.msgpack unable to serialize object: None
 2017-06-08 13:29:18,282 WARNING  frontera.contrib.backends.remote.codecs.msgpack unable to serialize object: None
 2017-06-08 13:29:18,282 WARNING  frontera.contrib.backends.remote.codecs.msgpack unable to serialize object: None
 2017-06-08 13:29:18,282 WARNING  frontera.contrib.backends.remote.codecs.msgpack unable to serialize object: None
 2017-06-08 13:29:18,282 WARNING  frontera.contrib.backends.remote.codecs.msgpack unable to serialize object: None
 2017-06-08 13:29:18,282 WARNING  frontera.contrib.backends.remote.codecs.msgpack unable to serialize object: None
 2017-06-08 13:29:18,282 WARNING  frontera.contrib.backends.remote.codecs.msgpack unable to serialize object: None
 2017-06-08 13:29:18,283 WARNING  frontera.contrib.backends.remote.codecs.msgpack unable to serialize object: None
 2017-06-08 13:29:18,283 WARNING  frontera.contrib.backends.remote.codecs.msgpack unable to serialize object: None
 2017-06-08 13:29:18,283 WARNING  frontera.contrib.backends.remote.codecs.msgpack unable to serialize object: None
 2017-06-08 13:29:18,283 WARNING  frontera.contrib.backends.remote.codecs.msgpack unable to serialize object: None
 2017-06-08 13:29:18,283 WARNING  frontera.contrib.backends.remote.codecs.msgpack unable to serialize object: None
 2017-06-08 13:29:18,283 WARNING  frontera.contrib.backends.remote.codecs.msgpack unable to serialize object: None
 2017-06-08 13:29:18,283 WARNING  frontera.contrib.backends.remote.codecs.msgpack unable to serialize object: None
 2017-06-08 13:29:18,284 WARNING  frontera.contrib.backends.remote.codecs.msgpack unable to serialize object: None
 2017-06-08 13:29:18,284 WARNING  frontera.contrib.backends.remote.codecs.msgpack unable to serialize object: None
 2017-06-08 13:29:18,284 WARNING  frontera.contrib.backends.remote.codecs.msgpack unable to serialize object: None
 2017-06-08 13:29:18,284 WARNING  frontera.contrib.backends.remote.codecs.msgpack unable to serialize object: None
 2017-06-08 13:29:18,284 WARNING  frontera.contrib.backends.remote.codecs.msgpack unable to serialize object: None
 2017-06-08 13:29:18,284 WARNING  frontera.contrib.backends.remote.codecs.msgpack unable to serialize object: None
 2017-06-08 13:29:18,284 WARNING  frontera.contrib.backends.remote.codecs.msgpack unable to serialize object: None
 2017-06-08 13:29:18,285 WARNING  frontera.contrib.backends.remote.codecs.msgpack unable to serialize object: None
 2017-06-08 13:29:18,285 WARNING  frontera.contrib.backends.remote.codecs.msgpack unable to serialize object: None
 2017-06-08 13:29:18,285 WARNING  frontera.contrib.backends.remote.codecs.msgpack unable to serialize object: None
 2017-06-08 13:29:18,285 WARNING  frontera.contrib.backends.remote.codecs.msgpack unable to serialize object: None
 2017-06-08 13:29:18,285 WARNING  frontera.contrib.backends.remote.codecs.msgpack unable to serialize object: None
 2017-06-08 13:29:18,285 WARNING  frontera.contrib.backends.remote.codecs.msgpack unable to serialize object: None
 2017-06-08 13:29:18,286 WARNING  frontera.contrib.backends.remote.codecs.msgpack unable to serialize object: None
 2017-06-08 13:29:18,286 WARNING  frontera.contrib.backends.remote.codecs.msgpack unable to serialize object: None
 2017-06-08 13:29:18,286 WARNING  frontera.contrib.backends.remote.codecs.msgpack unable to serialize object: None
 2017-06-08 13:29:18,286 WARNING  frontera.contrib.backends.remote.codecs.msgpack unable to serialize object: None
 2017-06-08 13:29:18,286 WARNING  frontera.contrib.backends.remote.codecs.msgpack unable to serialize object: None
 2017-06-08 13:29:18,286 WARNING  frontera.contrib.backends.remote.codecs.msgpack unable to serialize object: None
 2017-06-08 13:29:18,286 WARNING  frontera.contrib.backends.remote.codecs.msgpack unable to serialize object: None
 2017-06-08 13:29:18,287 WARNING  frontera.contrib.backends.remote.codecs.msgpack unable to serialize object: None
 2017-06-08 13:29:18,287 WARNING  frontera.contrib.backends.remote.codecs.msgpack unable to serialize object: None
 2017-06-08 13:29:18,287 WARNING  frontera.contrib.backends.remote.codecs.msgpack unable to serialize object: None
 2017-06-08 13:29:18,287 WARNING  frontera.contrib.backends.remote.codecs.msgpack unable to serialize object: None
 2017-06-08 13:29:18,287 WARNING  frontera.contrib.backends.remote.codecs.msgpack unable to serialize object: None
 2017-06-08 13:29:18,287 WARNING  frontera.contrib.backends.remote.codecs.msgpack unable to serialize object: None
 2017-06-08 13:29:18,288 WARNING  frontera.contrib.backends.remote.codecs.msgpack unable to serialize object: None
 2017-06-08 13:29:18,288 WARNING  frontera.contrib.backends.remote.codecs.msgpack unable to serialize object: None
 2017-06-08 13:29:18,288 WARNING  frontera.contrib.backends.remote.codecs.msgpack unable to serialize object: None
 2017-06-08 13:29:18,288 WARNING  frontera.contrib.backends.remote.codecs.msgpack unable to serialize object: None
 2017-06-08 13:29:18,288 WARNING  frontera.contrib.backends.remote.codecs.msgpack unable to serialize object: None
 2017-06-08 13:29:18,288 WARNING  frontera.contrib.backends.remote.codecs.msgpack unable to serialize object: None
 2017-06-08 13:29:18,289 WARNING  frontera.contrib.backends.remote.codecs.msgpack unable to serialize object: None
 2017-06-08 13:29:18,289 WARNING  frontera.contrib.backends.remote.codecs.msgpack unable to serialize object: None
 2017-06-08 13:29:18,289 WARNING  frontera.contrib.backends.remote.codecs.msgpack unable to serialize object: None
 2017-06-08 13:29:18,289 WARNING  frontera.contrib.backends.remote.codecs.msgpack unable to serialize object: None
 2017-06-08 13:29:18,289 WARNING  frontera.contrib.backends.remote.codecs.msgpack unable to serialize object: None
 2017-06-08 13:29:18,289 WARNING  frontera.contrib.backends.remote.codecs.msgpack unable to serialize object: None
 2017-06-08 13:29:18,289 WARNING  frontera.contrib.backends.remote.codecs.msgpack unable to serialize object: None
 2017-06-08 13:29:18,290 WARNING  frontera.contrib.backends.remote.codecs.msgpack unable to serialize object: None
 2017-06-08 13:29:18,290 WARNING  frontera.contrib.backends.remote.codecs.msgpack unable to serialize object: None
 2017-06-08 13:29:18,290 WARNING  frontera.contrib.backends.remote.codecs.msgpack unable to serialize object: None
 2017-06-08 13:29:18,290 WARNING  frontera.contrib.backends.remote.codecs.msgpack unable to serialize object: None
 2017-06-08 13:29:18,290 WARNING  frontera.contrib.backends.remote.codecs.msgpack unable to serialize object: None
 2017-06-08 13:29:18,290 WARNING  frontera.contrib.backends.remote.codecs.msgpack unable to serialize object: None
 2017-06-08 13:29:18,290 WARNING  frontera.contrib.backends.remote.codecs.msgpack unable to serialize object: None
 2017-06-08 13:29:18,291 WARNING  frontera.contrib.backends.remote.codecs.msgpack unable to serialize object: None
 2017-06-08 13:29:18,291 WARNING  frontera.contrib.backends.remote.codecs.msgpack unable to serialize object: None
 2017-06-08 13:29:18,291 WARNING  frontera.contrib.backends.remote.codecs.msgpack unable to serialize object: None
 2017-06-08 13:29:18,291 WARNING  frontera.contrib.backends.remote.codecs.msgpack unable to serialize object: None
 2017-06-08 13:29:18,291 WARNING  frontera.contrib.backends.remote.codecs.msgpack unable to serialize object: None
 2017-06-08 13:29:18,291 WARNING  frontera.contrib.backends.remote.codecs.msgpack unable to serialize object: None
 2017-06-08 13:29:18,292 WARNING  frontera.contrib.backends.remote.codecs.msgpack unable to serialize object: None
 2017-06-08 13:29:18,292 WARNING  frontera.contrib.backends.remote.codecs.msgpack unable to serialize object: None
 2017-06-08 13:29:18,292 WARNING  frontera.contrib.backends.remote.codecs.msgpack unable to serialize object: None
 2017-06-08 13:29:18,292 WARNING  frontera.contrib.backends.remote.codecs.msgpack unable to serialize object: None
 2017-06-08 13:29:18,292 WARNING  frontera.contrib.backends.remote.codecs.msgpack unable to serialize object: None
 2017-06-08 13:29:18,292 WARNING  frontera.contrib.backends.remote.codecs.msgpack unable to serialize object: None
 2017-06-08 13:29:18,292 WARNING  frontera.contrib.backends.remote.codecs.msgpack unable to serialize object: None
 2017-06-08 13:29:18,293 WARNING  frontera.contrib.backends.remote.codecs.msgpack unable to serialize object: None
 2017-06-08 13:29:18,293 WARNING  frontera.contrib.backends.remote.codecs.msgpack unable to serialize object: None
 2017-06-08 13:29:18,293 WARNING  frontera.contrib.backends.remote.codecs.msgpack unable to serialize object: None
 2017-06-08 13:29:18,293 WARNING  frontera.contrib.backends.remote.codecs.msgpack unable to serialize object: None
 2017-06-08 13:29:18,293 WARNING  frontera.contrib.backends.remote.codecs.msgpack unable to serialize object: None
 2017-06-08 13:29:18,293 WARNING  frontera.contrib.backends.remote.codecs.msgpack unable to serialize object: None
 2017-06-08 13:29:18,293 WARNING  frontera.contrib.backends.remote.codecs.msgpack unable to serialize object: None
 2017-06-08 13:29:18,294 WARNING  frontera.contrib.backends.remote.codecs.msgpack unable to serialize object: None
 2017-06-08 13:29:18,294 WARNING  frontera.contrib.backends.remote.codecs.msgpack unable to serialize object: None
 2017-06-08 13:29:18,294 WARNING  frontera.contrib.backends.remote.codecs.msgpack unable to serialize object: None
 2017-06-08 13:29:18,294 WARNING  frontera.contrib.backends.remote.codecs.msgpack unable to serialize object: None
 2017-06-08 13:29:18,294 WARNING  frontera.contrib.backends.remote.codecs.msgpack unable to serialize object: None
 2017-06-08 13:29:18,294 WARNING  frontera.contrib.backends.remote.codecs.msgpack unable to serialize object: None
 2017-06-08 13:29:18,295 WARNING  frontera.contrib.backends.remote.codecs.msgpack unable to serialize object: None
 2017-06-08 13:29:18,295 WARNING  frontera.contrib.backends.remote.codecs.msgpack unable to serialize object: None
 2017-06-08 13:29:18,295 WARNING  frontera.contrib.backends.remote.codecs.msgpack unable to serialize object: None
 2017-06-08 13:29:18,295 WARNING  frontera.contrib.backends.remote.codecs.msgpack unable to serialize object: None
 2017-06-08 13:29:18,295 WARNING  frontera.contrib.backends.remote.codecs.msgpack unable to serialize object: None
 2017-06-08 13:29:18,295 WARNING  frontera.contrib.backends.remote.codecs.msgpack unable to serialize object: None
 2017-06-08 13:29:18,295 WARNING  frontera.contrib.backends.remote.codecs.msgpack unable to serialize object: None
 2017-06-08 13:29:18,296 WARNING  frontera.contrib.backends.remote.codecs.msgpack unable to serialize object: None
 2017-06-08 13:29:18,296 WARNING  frontera.contrib.backends.remote.codecs.msgpack unable to serialize object: None
 2017-06-08 13:29:18,296 WARNING  frontera.contrib.backends.remote.codecs.msgpack unable to serialize object: None
 2017-06-08 13:29:18,296 WARNING  frontera.contrib.backends.remote.codecs.msgpack unable to serialize object: None
 2017-06-08 13:29:18,296 WARNING  frontera.contrib.backends.remote.codecs.msgpack unable to serialize object: None
 2017-06-08 13:29:18,296 WARNING  frontera.contrib.backends.remote.codecs.msgpack unable to serialize object: None
 2017-06-08 13:29:18,296 WARNING  frontera.contrib.backends.remote.codecs.msgpack unable to serialize object: None
 2017-06-08 13:29:18,297 WARNING  frontera.contrib.backends.remote.codecs.msgpack unable to serialize object: None
 2017-06-08 13:29:18,297 WARNING  frontera.contrib.backends.remote.codecs.msgpack unable to serialize object: None
 2017-06-08 13:29:18,297 WARNING  frontera.contrib.backends.remote.codecs.msgpack unable to serialize object: None
 2017-06-08 13:29:18,297 WARNING  frontera.contrib.backends.remote.codecs.msgpack unable to serialize object: None
 2017-06-08 13:29:18,297 WARNING  frontera.contrib.backends.remote.codecs.msgpack unable to serialize object: None
 2017-06-08 13:29:18,297 WARNING  frontera.contrib.backends.remote.codecs.msgpack unable to serialize object: None
 2017-06-08 13:29:18,298 WARNING  frontera.contrib.backends.remote.codecs.msgpack unable to serialize object: None
 2017-06-08 13:29:18,298 WARNING  frontera.contrib.backends.remote.codecs.msgpack unable to serialize object: None
 2017-06-08 13:29:18,298 WARNING  frontera.contrib.backends.remote.codecs.msgpack unable to serialize object: None
 2017-06-08 13:29:18,298 WARNING  frontera.contrib.backends.remote.codecs.msgpack unable to serialize object: None
 2017-06-08 13:29:18,298 WARNING  frontera.contrib.backends.remote.codecs.msgpack unable to serialize object: None
 2017-06-08 13:29:18,298 WARNING  frontera.contrib.backends.remote.codecs.msgpack unable to serialize object: None
 2017-06-08 13:29:18,298 WARNING  frontera.contrib.backends.remote.codecs.msgpack unable to serialize object: None
 2017-06-08 13:29:18,299 WARNING  frontera.contrib.backends.remote.codecs.msgpack unable to serialize object: None
 2017-06-08 13:29:18,299 WARNING  frontera.contrib.backends.remote.codecs.msgpack unable to serialize object: None
 2017-06-08 13:29:18,299 WARNING  frontera.contrib.backends.remote.codecs.msgpack unable to serialize object: None
 2017-06-08 13:29:18,299 WARNING  frontera.contrib.backends.remote.codecs.msgpack unable to serialize object: None
 2017-06-08 13:29:18,299 WARNING  frontera.contrib.backends.remote.codecs.msgpack unable to serialize object: None
 2017-06-08 13:29:18,299 WARNING  frontera.contrib.backends.remote.codecs.msgpack unable to serialize object: None
 2017-06-08 13:29:18,299 WARNING  frontera.contrib.backends.remote.codecs.msgpack unable to serialize object: None
 2017-06-08 13:29:18,300 WARNING  frontera.contrib.backends.remote.codecs.msgpack unable to serialize object: None
 2017-06-08 13:29:18,300 WARNING  frontera.contrib.backends.remote.codecs.msgpack unable to serialize object: None
 2017-06-08 13:29:18,300 WARNING  frontera.contrib.backends.remote.codecs.msgpack unable to serialize object: None
 2017-06-08 13:29:18,300 WARNING  frontera.contrib.backends.remote.codecs.msgpack unable to serialize object: None
 2017-06-08 13:29:18,300 WARNING  frontera.contrib.backends.remote.codecs.msgpack unable to serialize object: None
 2017-06-08 13:29:18,301 WARNING  frontera.contrib.backends.remote.codecs.msgpack unable to serialize object: None
 2017-06-08 13:29:18,301 WARNING  frontera.contrib.backends.remote.codecs.msgpack unable to serialize object: None
 2017-06-08 13:29:18,301 WARNING  frontera.contrib.backends.remote.codecs.msgpack unable to serialize object: None
 2017-06-08 13:29:18,301 WARNING  frontera.contrib.backends.remote.codecs.msgpack unable to serialize object: None
 2017-06-08 13:29:18,301 WARNING  frontera.contrib.backends.remote.codecs.msgpack unable to serialize object: None
 2017-06-08 13:29:18,301 WARNING  frontera.contrib.backends.remote.codecs.msgpack unable to serialize object: None
 2017-06-08 13:29:18,301 WARNING  frontera.contrib.backends.remote.codecs.msgpack unable to serialize object: None
 2017-06-08 13:29:18,302 WARNING  frontera.contrib.backends.remote.codecs.msgpack unable to serialize object: None
 2017-06-08 13:29:18,302 WARNING  frontera.contrib.backends.remote.codecs.msgpack unable to serialize object: None
 2017-06-08 13:29:18,302 WARNING  frontera.contrib.backends.remote.codecs.msgpack unable to serialize object: None
 2017-06-08 13:29:18,302 WARNING  frontera.contrib.backends.remote.codecs.msgpack unable to serialize object: None
 2017-06-08 13:29:18,302 WARNING  frontera.contrib.backends.remote.codecs.msgpack unable to serialize object: None
 2017-06-08 13:29:18,302 WARNING  frontera.contrib.backends.remote.codecs.msgpack unable to serialize object: None
 2017-06-08 13:29:18,303 WARNING  frontera.contrib.backends.remote.codecs.msgpack unable to serialize object: None
 2017-06-08 13:29:18,303 WARNING  frontera.contrib.backends.remote.codecs.msgpack unable to serialize object: None
 2017-06-08 13:29:18,303 WARNING  frontera.contrib.backends.remote.codecs.msgpack unable to serialize object: None
 2017-06-08 13:29:18,303 WARNING  frontera.contrib.backends.remote.codecs.msgpack unable to serialize object: None
 2017-06-08 13:29:18,303 WARNING  frontera.contrib.backends.remote.codecs.msgpack unable to serialize object: None
 2017-06-08 13:29:18,303 WARNING  frontera.contrib.backends.remote.codecs.msgpack unable to serialize object: None
 2017-06-08 13:29:18,303 WARNING  frontera.contrib.backends.remote.codecs.msgpack unable to serialize object: None
 2017-06-08 13:29:18,304 WARNING  frontera.contrib.backends.remote.codecs.msgpack unable to serialize object: None
 2017-06-08 13:29:18,304 WARNING  frontera.contrib.backends.remote.codecs.msgpack unable to serialize object: None
 2017-06-08 13:29:18,304 WARNING  frontera.contrib.backends.remote.codecs.msgpack unable to serialize object: None
 2017-06-08 13:29:18,304 WARNING  frontera.contrib.backends.remote.codecs.msgpack unable to serialize object: None
 2017-06-08 13:29:18,304 WARNING  frontera.contrib.backends.remote.codecs.msgpack unable to serialize object: None
 2017-06-08 13:29:18,304 WARNING  frontera.contrib.backends.remote.codecs.msgpack unable to serialize object: None
 2017-06-08 13:29:18,305 WARNING  frontera.contrib.backends.remote.codecs.msgpack unable to serialize object: None
 2017-06-08 13:29:18,305 WARNING  frontera.contrib.backends.remote.codecs.msgpack unable to serialize object: None
 2017-06-08 13:29:18,305 WARNING  frontera.contrib.backends.remote.codecs.msgpack unable to serialize object: None
 2017-06-08 13:29:18,305 WARNING  frontera.contrib.backends.remote.codecs.msgpack unable to serialize object: None
 2017-06-08 13:29:18,305 WARNING  frontera.contrib.backends.remote.codecs.msgpack unable to serialize object: None
 2017-06-08 13:29:18,305 WARNING  frontera.contrib.backends.remote.codecs.msgpack unable to serialize object: None
 2017-06-08 13:29:18,305 WARNING  frontera.contrib.backends.remote.codecs.msgpack unable to serialize object: None
 2017-06-08 13:29:18,306 WARNING  frontera.contrib.backends.remote.codecs.msgpack unable to serialize object: None
 2017-06-08 13:29:18,306 WARNING  frontera.contrib.backends.remote.codecs.msgpack unable to serialize object: None
 2017-06-08 13:29:18,306 WARNING  frontera.contrib.backends.remote.codecs.msgpack unable to serialize object: None
 2017-06-08 13:29:18,306 WARNING  frontera.contrib.backends.remote.codecs.msgpack unable to serialize object: None
 2017-06-08 13:29:18,306 WARNING  frontera.contrib.backends.remote.codecs.msgpack unable to serialize object: None
 2017-06-08 13:29:18,306 WARNING  frontera.contrib.backends.remote.codecs.msgpack unable to serialize object: None
 2017-06-08 13:29:18,306 WARNING  frontera.contrib.backends.remote.codecs.msgpack unable to serialize object: None
 2017-06-08 13:29:18,307 WARNING  frontera.contrib.backends.remote.codecs.msgpack unable to serialize object: None
 2017-06-08 13:29:18,307 WARNING  frontera.contrib.backends.remote.codecs.msgpack unable to serialize object: None
 2017-06-08 13:29:18,307 WARNING  frontera.contrib.backends.remote.codecs.msgpack unable to serialize object: None
 2017-06-08 13:29:18,307 WARNING  frontera.contrib.backends.remote.codecs.msgpack unable to serialize object: None
 2017-06-08 13:29:18,307 WARNING  frontera.contrib.backends.remote.codecs.msgpack unable to serialize object: None
 2017-06-08 13:29:18,307 WARNING  frontera.contrib.backends.remote.codecs.msgpack unable to serialize object: None
 2017-06-08 13:29:18,308 WARNING  frontera.contrib.backends.remote.codecs.msgpack unable to serialize object: None
 2017-06-08 13:29:18,308 WARNING  frontera.contrib.backends.remote.codecs.msgpack unable to serialize object: None
 2017-06-08 13:29:18,308 WARNING  frontera.contrib.backends.remote.codecs.msgpack unable to serialize object: None
 2017-06-08 13:29:18,308 WARNING  frontera.contrib.backends.remote.codecs.msgpack unable to serialize object: None
 2017-06-08 13:29:18,308 WARNING  frontera.contrib.backends.remote.codecs.msgpack unable to serialize object: None
 2017-06-08 13:29:18,308 WARNING  frontera.contrib.backends.remote.codecs.msgpack unable to serialize object: None
 2017-06-08 13:29:18,308 WARNING  frontera.contrib.backends.remote.codecs.msgpack unable to serialize object: None
 2017-06-08 13:29:18,309 WARNING  frontera.contrib.backends.remote.codecs.msgpack unable to serialize object: None
 2017-06-08 13:29:18,309 WARNING  frontera.contrib.backends.remote.codecs.msgpack unable to serialize object: None
 2017-06-08 13:29:18,309 WARNING  frontera.contrib.backends.remote.codecs.msgpack unable to serialize object: None
 2017-06-08 13:29:18,309 WARNING  frontera.contrib.backends.remote.codecs.msgpack unable to serialize object: None
 2017-06-08 13:29:18,309 WARNING  frontera.contrib.backends.remote.codecs.msgpack unable to serialize object: None
 2017-06-08 13:29:18,309 WARNING  frontera.contrib.backends.remote.codecs.msgpack unable to serialize object: None
 2017-06-08 13:29:18,309 WARNING  frontera.contrib.backends.remote.codecs.msgpack unable to serialize object: None
 2017-06-08 13:29:18,310 WARNING  frontera.contrib.backends.remote.codecs.msgpack unable to serialize object: None
 2017-06-08 13:29:18,310 WARNING  frontera.contrib.backends.remote.codecs.msgpack unable to serialize object: None
 2017-06-08 13:29:18,310 WARNING  frontera.contrib.backends.remote.codecs.msgpack unable to serialize object: None
 2017-06-08 13:29:18,310 WARNING  frontera.contrib.backends.remote.codecs.msgpack unable to serialize object: None
 2017-06-08 13:29:18,310 WARNING  frontera.contrib.backends.remote.codecs.msgpack unable to serialize object: None
 2017-06-08 13:29:18,310 WARNING  frontera.contrib.backends.remote.codecs.msgpack unable to serialize object: None
 2017-06-08 13:29:18,310 WARNING  frontera.contrib.backends.remote.codecs.msgpack unable to serialize object: None
 2017-06-08 13:29:18,311 WARNING  frontera.contrib.backends.remote.codecs.msgpack unable to serialize object: None
 2017-06-08 13:29:18,311 WARNING  frontera.contrib.backends.remote.codecs.msgpack unable to serialize object: None
 2017-06-08 13:29:18,311 WARNING  frontera.contrib.backends.remote.codecs.msgpack unable to serialize object: None
 2017-06-08 13:29:18,311 WARNING  frontera.contrib.backends.remote.codecs.msgpack unable to serialize object: None
 2017-06-08 13:29:18,311 WARNING  frontera.contrib.backends.remote.codecs.msgpack unable to serialize object: None
 2017-06-08 13:29:18,311 WARNING  frontera.contrib.backends.remote.codecs.msgpack unable to serialize object: None
 2017-06-08 13:29:18,311 WARNING  frontera.contrib.backends.remote.codecs.msgpack unable to serialize object: None
 2017-06-08 13:29:18,312 WARNING  frontera.contrib.backends.remote.codecs.msgpack unable to serialize object: None
 2017-06-08 13:29:18,312 WARNING  frontera.contrib.backends.remote.codecs.msgpack unable to serialize object: None
 2017-06-08 13:29:18,312 WARNING  frontera.contrib.backends.remote.codecs.msgpack unable to serialize object: None
 2017-06-08 13:29:18,312 WARNING  frontera.contrib.backends.remote.codecs.msgpack unable to serialize object: None
 2017-06-08 13:29:18,312 WARNING  frontera.contrib.backends.remote.codecs.msgpack unable to serialize object: None
 2017-06-08 13:29:18,312 WARNING  frontera.contrib.backends.remote.codecs.msgpack unable to serialize object: None
 2017-06-08 13:29:18,313 WARNING  frontera.contrib.backends.remote.codecs.msgpack unable to serialize object: None
 2017-06-08 13:29:18,313 WARNING  frontera.contrib.backends.remote.codecs.msgpack unable to serialize object: None
 2017-06-08 13:29:18,313 WARNING  frontera.contrib.backends.remote.codecs.msgpack unable to serialize object: None
 2017-06-08 13:29:18,313 WARNING  frontera.contrib.backends.remote.codecs.msgpack unable to serialize object: None
 2017-06-08 13:29:18,313 WARNING  frontera.contrib.backends.remote.codecs.msgpack unable to serialize object: None
 2017-06-08 13:29:18,313 WARNING  frontera.contrib.backends.remote.codecs.msgpack unable to serialize object: None
 2017-06-08 13:29:18,313 WARNING  frontera.contrib.backends.remote.codecs.msgpack unable to serialize object: None
 2017-06-08 13:29:18,314 WARNING  frontera.contrib.backends.remote.codecs.msgpack unable to serialize object: None
 2017-06-08 13:29:18,314 WARNING  frontera.contrib.backends.remote.codecs.msgpack unable to serialize object: None
 2017-06-08 13:29:18,314 WARNING  frontera.contrib.backends.remote.codecs.msgpack unable to serialize object: None
 2017-06-08 13:29:18,314 WARNING  frontera.contrib.backends.remote.codecs.msgpack unable to serialize object: None
 2017-06-08 13:29:18,314 WARNING  frontera.contrib.backends.remote.codecs.msgpack unable to serialize object: None
 2017-06-08 13:29:18,314 WARNING  frontera.contrib.backends.remote.codecs.msgpack unable to serialize object: None
 2017-06-08 13:29:18,314 WARNING  frontera.contrib.backends.remote.codecs.msgpack unable to serialize object: None
 2017-06-08 13:29:18,315 WARNING  frontera.contrib.backends.remote.codecs.msgpack unable to serialize object: None
 2017-06-08 13:29:18,315 WARNING  frontera.contrib.backends.remote.codecs.msgpack unable to serialize object: None
 2017-06-08 13:29:18,315 WARNING  frontera.contrib.backends.remote.codecs.msgpack unable to serialize object: None
 2017-06-08 13:29:18,315 WARNING  frontera.contrib.backends.remote.codecs.msgpack unable to serialize object: None
 2017-06-08 13:29:18,315 WARNING  frontera.contrib.backends.remote.codecs.msgpack unable to serialize object: None
 2017-06-08 13:29:18,315 WARNING  frontera.contrib.backends.remote.codecs.msgpack unable to serialize object: None
 2017-06-08 13:29:18,315 WARNING  frontera.contrib.backends.remote.codecs.msgpack unable to serialize object: None
 2017-06-08 13:29:18,316 WARNING  frontera.contrib.backends.remote.codecs.msgpack unable to serialize object: None
 2017-06-08 13:29:18,316 WARNING  frontera.contrib.backends.remote.codecs.msgpack unable to serialize object: None
 2017-06-08 13:29:18,316 WARNING  frontera.contrib.backends.remote.codecs.msgpack unable to serialize object: None
 2017-06-08 13:29:18,316 WARNING  frontera.contrib.backends.remote.codecs.msgpack unable to serialize object: None
 2017-06-08 13:29:18,316 WARNING  frontera.contrib.backends.remote.codecs.msgpack unable to serialize object: None
 2017-06-08 13:29:18,316 WARNING  frontera.contrib.backends.remote.codecs.msgpack unable to serialize object: None
 2017-06-08 13:29:18,316 WARNING  frontera.contrib.backends.remote.codecs.msgpack unable to serialize object: None
 2017-06-08 13:29:18,317 WARNING  frontera.contrib.backends.remote.codecs.msgpack unable to serialize object: None
 2017-06-08 13:29:18,317 WARNING  frontera.contrib.backends.remote.codecs.msgpack unable to serialize object: None
 2017-06-08 13:29:18,317 WARNING  frontera.contrib.backends.remote.codecs.msgpack unable to serialize object: None
 2017-06-08 13:29:18,317 WARNING  frontera.contrib.backends.remote.codecs.msgpack unable to serialize object: None
 2017-06-08 13:29:18,317 WARNING  frontera.contrib.backends.remote.codecs.msgpack unable to serialize object: None
 2017-06-08 13:29:18,317 WARNING  frontera.contrib.backends.remote.codecs.msgpack unable to serialize object: None
 2017-06-08 13:29:18,318 WARNING  frontera.contrib.backends.remote.codecs.msgpack unable to serialize object: None
 2017-06-08 13:29:18,318 WARNING  frontera.contrib.backends.remote.codecs.msgpack unable to serialize object: None
 2017-06-08 13:29:18,318 WARNING  frontera.contrib.backends.remote.codecs.msgpack unable to serialize object: None
 2017-06-08 13:29:18,318 WARNING  frontera.contrib.backends.remote.codecs.msgpack unable to serialize object: None
 2017-06-08 13:29:18,318 WARNING  frontera.contrib.backends.remote.codecs.msgpack unable to serialize object: None
 2017-06-08 13:29:18,318 WARNING  frontera.contrib.backends.remote.codecs.msgpack unable to serialize object: None
 2017-06-08 13:29:18,318 WARNING  frontera.contrib.backends.remote.codecs.msgpack unable to serialize object: None
 2017-06-08 13:29:18,319 WARNING  frontera.contrib.backends.remote.codecs.msgpack unable to serialize object: None
 2017-06-08 13:29:18,319 WARNING  frontera.contrib.backends.remote.codecs.msgpack unable to serialize object: None
 2017-06-08 13:29:18,319 WARNING  frontera.contrib.backends.remote.codecs.msgpack unable to serialize object: None
 2017-06-08 13:29:18,319 WARNING  frontera.contrib.backends.remote.codecs.msgpack unable to serialize object: None
 2017-06-08 13:29:18,319 WARNING  frontera.contrib.backends.remote.codecs.msgpack unable to serialize object: None
 2017-06-08 13:29:18,319 WARNING  frontera.contrib.backends.remote.codecs.msgpack unable to serialize object: None
 2017-06-08 13:29:18,319 WARNING  frontera.contrib.backends.remote.codecs.msgpack unable to serialize object: None
 2017-06-08 13:29:18,320 WARNING  frontera.contrib.backends.remote.codecs.msgpack unable to serialize object: None
 2017-06-08 13:29:18,320 WARNING  frontera.contrib.backends.remote.codecs.msgpack unable to serialize object: None
 2017-06-08 13:29:18,320 WARNING  frontera.contrib.backends.remote.codecs.msgpack unable to serialize object: None
 2017-06-08 13:29:18,320 WARNING  frontera.contrib.backends.remote.codecs.msgpack unable to serialize object: None
 2017-06-08 13:29:18,320 WARNING  frontera.contrib.backends.remote.codecs.msgpack unable to serialize object: None
 2017-06-08 13:29:18,320 WARNING  frontera.contrib.backends.remote.codecs.msgpack unable to serialize object: None
 2017-06-08 13:29:18,320 WARNING  frontera.contrib.backends.remote.codecs.msgpack unable to serialize object: None
 2017-06-08 13:29:18,321 WARNING  frontera.contrib.backends.remote.codecs.msgpack unable to serialize object: None
 2017-06-08 13:29:18,321 WARNING  frontera.contrib.backends.remote.codecs.msgpack unable to serialize object: None
 2017-06-08 13:29:18,321 WARNING  frontera.contrib.backends.remote.codecs.msgpack unable to serialize object: None
 2017-06-08 13:29:18,321 WARNING  frontera.contrib.backends.remote.codecs.msgpack unable to serialize object: None
 2017-06-08 13:29:18,321 WARNING  frontera.contrib.backends.remote.codecs.msgpack unable to serialize object: None
 2017-06-08 13:29:18,321 WARNING  frontera.contrib.backends.remote.codecs.msgpack unable to serialize object: None
 2017-06-08 13:29:18,321 WARNING  frontera.contrib.backends.remote.codecs.msgpack unable to serialize object: None
 2017-06-08 13:29:18,322 WARNING  frontera.contrib.backends.remote.codecs.msgpack unable to serialize object: None
 2017-06-08 13:29:18,322 WARNING  frontera.contrib.backends.remote.codecs.msgpack unable to serialize object: None
 2017-06-08 13:29:18,322 WARNING  frontera.contrib.backends.remote.codecs.msgpack unable to serialize object: None
 2017-06-08 13:29:18,322 WARNING  frontera.contrib.backends.remote.codecs.msgpack unable to serialize object: None
 2017-06-08 13:29:18,322 WARNING  frontera.contrib.backends.remote.codecs.msgpack unable to serialize object: None
 2017-06-08 13:29:18,322 WARNING  frontera.contrib.backends.remote.codecs.msgpack unable to serialize object: None
 2017-06-08 13:29:18,323 WARNING  frontera.contrib.backends.remote.codecs.msgpack unable to serialize object: None
 2017-06-08 13:29:18,323 WARNING  frontera.contrib.backends.remote.codecs.msgpack unable to serialize object: None
 2017-06-08 13:29:18,323 WARNING  frontera.contrib.backends.remote.codecs.msgpack unable to serialize object: None
 2017-06-08 13:29:18,323 WARNING  frontera.contrib.backends.remote.codecs.msgpack unable to serialize object: None
 2017-06-08 13:29:18,323 WARNING  frontera.contrib.backends.remote.codecs.msgpack unable to serialize object: None
 2017-06-08 13:29:18,323 WARNING  frontera.contrib.backends.remote.codecs.msgpack unable to serialize object: None
 2017-06-08 13:29:18,323 WARNING  frontera.contrib.backends.remote.codecs.msgpack unable to serialize object: None
 2017-06-08 13:29:18,324 WARNING  frontera.contrib.backends.remote.codecs.msgpack unable to serialize object: None
 2017-06-08 13:29:18,324 WARNING  frontera.contrib.backends.remote.codecs.msgpack unable to serialize object: None
 2017-06-08 13:29:18,324 WARNING  frontera.contrib.backends.remote.codecs.msgpack unable to serialize object: None
 2017-06-08 13:29:18,324 WARNING  frontera.contrib.backends.remote.codecs.msgpack unable to serialize object: None
 2017-06-08 13:29:18,324 WARNING  frontera.contrib.backends.remote.codecs.msgpack unable to serialize object: None
 2017-06-08 13:29:18,324 WARNING  frontera.contrib.backends.remote.codecs.msgpack unable to serialize object: None
 2017-06-08 13:29:18,324 WARNING  frontera.contrib.backends.remote.codecs.msgpack unable to serialize object: None
 2017-06-08 13:29:18,325 WARNING  frontera.contrib.backends.remote.codecs.msgpack unable to serialize object: None
 2017-06-08 13:29:18,325 WARNING  frontera.contrib.backends.remote.codecs.msgpack unable to serialize object: None
 2017-06-08 13:29:18,325 WARNING  frontera.contrib.backends.remote.codecs.msgpack unable to serialize object: None
 2017-06-08 13:29:18,325 WARNING  frontera.contrib.backends.remote.codecs.msgpack unable to serialize object: None
 2017-06-08 13:29:18,325 WARNING  frontera.contrib.backends.remote.codecs.msgpack unable to serialize object: None
 2017-06-08 13:29:18,325 WARNING  frontera.contrib.backends.remote.codecs.msgpack unable to serialize object: None
 2017-06-08 13:29:18,325 WARNING  frontera.contrib.backends.remote.codecs.msgpack unable to serialize object: None
 2017-06-08 13:29:18,326 WARNING  frontera.contrib.backends.remote.codecs.msgpack unable to serialize object: None
 2017-06-08 13:29:18,326 WARNING  frontera.contrib.backends.remote.codecs.msgpack unable to serialize object: None
 2017-06-08 13:29:18,326 WARNING  frontera.contrib.backends.remote.codecs.msgpack unable to serialize object: None
 2017-06-08 13:29:18,326 WARNING  frontera.contrib.backends.remote.codecs.msgpack unable to serialize object: None
 2017-06-08 13:29:18,326 WARNING  frontera.contrib.backends.remote.codecs.msgpack unable to serialize object: None
 2017-06-08 13:29:18,326 WARNING  frontera.contrib.backends.remote.codecs.msgpack unable to serialize object: None
 2017-06-08 13:29:18,326 WARNING  frontera.contrib.backends.remote.codecs.msgpack unable to serialize object: None
 2017-06-08 13:29:18,327 WARNING  frontera.contrib.backends.remote.codecs.msgpack unable to serialize object: None
 2017-06-08 13:29:18,327 WARNING  frontera.contrib.backends.remote.codecs.msgpack unable to serialize object: None
 2017-06-08 13:29:18,327 WARNING  frontera.contrib.backends.remote.codecs.msgpack unable to serialize object: None
 2017-06-08 13:29:18,327 WARNING  frontera.contrib.backends.remote.codecs.msgpack unable to serialize object: None
 2017-06-08 13:29:18,327 WARNING  frontera.contrib.backends.remote.codecs.msgpack unable to serialize object: None
 2017-06-08 13:29:18,327 WARNING  frontera.contrib.backends.remote.codecs.msgpack unable to serialize object: None
 2017-06-08 13:29:18,328 WARNING  frontera.contrib.backends.remote.codecs.msgpack unable to serialize object: None
 2017-06-08 13:29:18,328 WARNING  frontera.contrib.backends.remote.codecs.msgpack unable to serialize object: None
 2017-06-08 13:29:18,328 WARNING  frontera.contrib.backends.remote.codecs.msgpack unable to serialize object: None
 2017-06-08 13:29:18,328 WARNING  frontera.contrib.backends.remote.codecs.msgpack unable to serialize object: None
 2017-06-08 13:29:18,328 WARNING  frontera.contrib.backends.remote.codecs.msgpack unable to serialize object: None
 2017-06-08 13:29:18,328 WARNING  frontera.contrib.backends.remote.codecs.msgpack unable to serialize object: None
 2017-06-08 13:29:18,328 WARNING  frontera.contrib.backends.remote.codecs.msgpack unable to serialize object: None
 2017-06-08 13:29:18,329 WARNING  frontera.contrib.backends.remote.codecs.msgpack unable to serialize object: None
 2017-06-08 13:29:18,329 WARNING  frontera.contrib.backends.remote.codecs.msgpack unable to serialize object: None
 2017-06-08 13:29:18,329 WARNING  frontera.contrib.backends.remote.codecs.msgpack unable to serialize object: None
 2017-06-08 13:29:18,329 WARNING  frontera.contrib.backends.remote.codecs.msgpack unable to serialize object: None
 2017-06-08 13:29:18,329 WARNING  frontera.contrib.backends.remote.codecs.msgpack unable to serialize object: None
 2017-06-08 13:29:18,329 WARNING  frontera.contrib.backends.remote.codecs.msgpack unable to serialize object: None
 2017-06-08 13:29:18,329 WARNING  frontera.contrib.backends.remote.codecs.msgpack unable to serialize object: None
 2017-06-08 13:29:18,330 WARNING  frontera.contrib.backends.remote.codecs.msgpack unable to serialize object: None
 2017-06-08 13:29:18,330 WARNING  frontera.contrib.backends.remote.codecs.msgpack unable to serialize object: None
 2017-06-08 13:29:18,330 WARNING  frontera.contrib.backends.remote.codecs.msgpack unable to serialize object: None
 2017-06-08 13:29:18,330 WARNING  frontera.contrib.backends.remote.codecs.msgpack unable to serialize object: None
 2017-06-08 13:29:18,330 WARNING  frontera.contrib.backends.remote.codecs.msgpack unable to serialize object: None
 2017-06-08 13:29:18,330 WARNING  frontera.contrib.backends.remote.codecs.msgpack unable to serialize object: None
 2017-06-08 13:29:18,330 WARNING  frontera.contrib.backends.remote.codecs.msgpack unable to serialize object: None
 2017-06-08 13:29:18,331 WARNING  frontera.contrib.backends.remote.codecs.msgpack unable to serialize object: None
 2017-06-08 13:29:18,331 WARNING  frontera.contrib.backends.remote.codecs.msgpack unable to serialize object: None
 2017-06-08 13:29:18,331 WARNING  frontera.contrib.backends.remote.codecs.msgpack unable to serialize object: None
 2017-06-08 13:29:18,331 WARNING  frontera.contrib.backends.remote.codecs.msgpack unable to serialize object: None
 2017-06-08 13:29:18,331 WARNING  frontera.contrib.backends.remote.codecs.msgpack unable to serialize object: None
 2017-06-08 13:29:18,331 WARNING  frontera.contrib.backends.remote.codecs.msgpack unable to serialize object: None
 2017-06-08 13:29:18,331 WARNING  frontera.contrib.backends.remote.codecs.msgpack unable to serialize object: None
 2017-06-08 13:29:18,332 WARNING  frontera.contrib.backends.remote.codecs.msgpack unable to serialize object: None
 2017-06-08 13:29:18,332 WARNING  frontera.contrib.backends.remote.codecs.msgpack unable to serialize object: None
 2017-06-08 13:29:18,332 WARNING  frontera.contrib.backends.remote.codecs.msgpack unable to serialize object: None
 2017-06-08 13:29:18,332 WARNING  frontera.contrib.backends.remote.codecs.msgpack unable to serialize object: None
 2017-06-08 13:29:18,332 WARNING  frontera.contrib.backends.remote.codecs.msgpack unable to serialize object: None
 2017-06-08 13:29:18,332 WARNING  frontera.contrib.backends.remote.codecs.msgpack unable to serialize object: None
 2017-06-08 13:29:18,332 WARNING  frontera.contrib.backends.remote.codecs.msgpack unable to serialize object: None
 2017-06-08 13:29:18,333 WARNING  frontera.contrib.backends.remote.codecs.msgpack unable to serialize object: None
 2017-06-08 13:29:18,333 WARNING  frontera.contrib.backends.remote.codecs.msgpack unable to serialize object: None
 2017-06-08 13:29:18,333 WARNING  frontera.contrib.backends.remote.codecs.msgpack unable to serialize object: None
 2017-06-08 13:29:18,333 WARNING  frontera.contrib.backends.remote.codecs.msgpack unable to serialize object: None
 2017-06-08 13:29:18,333 WARNING  frontera.contrib.backends.remote.codecs.msgpack unable to serialize object: None
 2017-06-08 13:29:18,333 WARNING  frontera.contrib.backends.remote.codecs.msgpack unable to serialize object: None
 2017-06-08 13:29:18,333 WARNING  frontera.contrib.backends.remote.codecs.msgpack unable to serialize object: None
 2017-06-08 13:29:18,334 WARNING  frontera.contrib.backends.remote.codecs.msgpack unable to serialize object: None
 2017-06-08 13:29:18,334 WARNING  frontera.contrib.backends.remote.codecs.msgpack unable to serialize object: None
 2017-06-08 13:29:18,334 WARNING  frontera.contrib.backends.remote.codecs.msgpack unable to serialize object: None
 2017-06-08 13:29:18,334 WARNING  frontera.contrib.backends.remote.codecs.msgpack unable to serialize object: None
 2017-06-08 13:29:18,334 WARNING  frontera.contrib.backends.remote.codecs.msgpack unable to serialize object: None
 2017-06-08 13:29:18,334 WARNING  frontera.contrib.backends.remote.codecs.msgpack unable to serialize object: None
 2017-06-08 13:29:18,335 WARNING  frontera.contrib.backends.remote.codecs.msgpack unable to serialize object: None
 2017-06-08 13:29:18,335 WARNING  frontera.contrib.backends.remote.codecs.msgpack unable to serialize object: None
 2017-06-08 13:29:18,335 WARNING  frontera.contrib.backends.remote.codecs.msgpack unable to serialize object: None
 2017-06-08 13:29:18,335 WARNING  frontera.contrib.backends.remote.codecs.msgpack unable to serialize object: None
 2017-06-08 13:29:18,335 WARNING  frontera.contrib.backends.remote.codecs.msgpack unable to serialize object: None
 2017-06-08 13:29:18,335 WARNING  frontera.contrib.backends.remote.codecs.msgpack unable to serialize object: None
 2017-06-08 13:29:18,335 WARNING  frontera.contrib.backends.remote.codecs.msgpack unable to serialize object: None
 2017-06-08 13:29:18,336 WARNING  frontera.contrib.backends.remote.codecs.msgpack unable to serialize object: None
 2017-06-08 13:29:18,336 WARNING  frontera.contrib.backends.remote.codecs.msgpack unable to serialize object: None
 2017-06-08 13:29:18,336 WARNING  frontera.contrib.backends.remote.codecs.msgpack unable to serialize object: None
 2017-06-08 13:29:18,336 WARNING  frontera.contrib.backends.remote.codecs.msgpack unable to serialize object: None
 2017-06-08 13:29:18,336 WARNING  frontera.contrib.backends.remote.codecs.msgpack unable to serialize object: None
 2017-06-08 13:29:18,336 WARNING  frontera.contrib.backends.remote.codecs.msgpack unable to serialize object: None
 2017-06-08 13:29:18,336 WARNING  frontera.contrib.backends.remote.codecs.msgpack unable to serialize object: None
 2017-06-08 13:29:18,337 WARNING  frontera.contrib.backends.remote.codecs.msgpack unable to serialize object: None
 2017-06-08 13:29:18,337 WARNING  frontera.contrib.backends.remote.codecs.msgpack unable to serialize object: None
 2017-06-08 13:29:18,337 WARNING  frontera.contrib.backends.remote.codecs.msgpack unable to serialize object: None
 2017-06-08 13:29:18,337 WARNING  frontera.contrib.backends.remote.codecs.msgpack unable to serialize object: None
 2017-06-08 13:29:18,337 WARNING  frontera.contrib.backends.remote.codecs.msgpack unable to serialize object: None
 2017-06-08 13:29:18,337 WARNING  frontera.contrib.backends.remote.codecs.msgpack unable to serialize object: None
 2017-06-08 13:29:18,337 WARNING  frontera.contrib.backends.remote.codecs.msgpack unable to serialize object: None
 2017-06-08 13:29:18,338 WARNING  frontera.contrib.backends.remote.codecs.msgpack unable to serialize object: None
 2017-06-08 13:29:18,338 WARNING  frontera.contrib.backends.remote.codecs.msgpack unable to serialize object: None
