2017-06-04 22:07:01 [scrapy.utils.log] INFO: Scrapy 1.3.2 started (bot: spider_zhilian_search)
2017-06-04 22:07:01 [scrapy.utils.log] INFO: Overridden settings: {'AUTOTHROTTLE_MAX_DELAY': 1, 'AUTOTHROTTLE_START_DELAY': 0.1, 'AUTOTHROTTLE_TARGET_CONCURRENCY': 32, 'BOT_NAME': 'spider_zhilian_search', 'CONCURRENT_REQUESTS': 32, 'DOWNLOAD_DELAY': 3, 'DUPEFILTER_CLASS': 'scrapy_splash.SplashAwareDupeFilter', 'FEED_EXPORT_FIELDS': ['co_id', 'co_nm', 'co_ownership', 'co_ee_size', 'co_link', 'co_industry', 'co_add', 'co_desc'], 'FEED_FORMAT': 'csv', 'FEED_URI': '/Users/yuyang/notreProgram/company_info_gleaner_II/spider_zhilian_search/%(name)s_20170604.txt', 'HTTPCACHE_STORAGE': 'scrapy_splash.SplashAwareFSCacheStorage', 'LOG_FILE': 'zhilian_search.log', 'LOG_LEVEL': 'INFO', 'LOG_STDOUT': True, 'NEWSPIDER_MODULE': 'spider_zhilian_search.spiders', 'RETRY_HTTP_CODES': [400, 403, 404, 408, 429, 500, 502, 503], 'RETRY_TIMES': 3, 'SPIDER_MODULES': ['spider_zhilian_search.spiders']}
2017-06-04 22:07:01 [scrapy.middleware] INFO: Enabled extensions:
['scrapy.extensions.corestats.CoreStats',
 'scrapy.extensions.telnet.TelnetConsole',
 'scrapy.extensions.feedexport.FeedExporter',
 'scrapy.extensions.logstats.LogStats']
2017-06-04 22:07:01 [scrapy.middleware] INFO: Enabled downloader middlewares:
['scrapy.downloadermiddlewares.httpauth.HttpAuthMiddleware',
 'scrapy.downloadermiddlewares.downloadtimeout.DownloadTimeoutMiddleware',
 'scrapy.downloadermiddlewares.defaultheaders.DefaultHeadersMiddleware',
 'scrapy.downloadermiddlewares.useragent.UserAgentMiddleware',
 'scrapy.downloadermiddlewares.retry.RetryMiddleware',
 'scrapy.downloadermiddlewares.redirect.MetaRefreshMiddleware',
 'scrapy.downloadermiddlewares.redirect.RedirectMiddleware',
 'scrapy.downloadermiddlewares.cookies.CookiesMiddleware',
 'scrapy.downloadermiddlewares.httpcompression.HttpCompressionMiddleware',
 'scrapy.downloadermiddlewares.stats.DownloaderStats']
2017-06-04 22:07:01 [scrapy.middleware] INFO: Enabled spider middlewares:
['scrapy.spidermiddlewares.httperror.HttpErrorMiddleware',
 'scrapy_splash.SplashDeduplicateArgsMiddleware',
 'scrapy.spidermiddlewares.offsite.OffsiteMiddleware',
 'spider_zhilian_search.middlewares.SpiderZhilianSearchSpiderMiddleware',
 'scrapy.spidermiddlewares.referer.RefererMiddleware',
 'scrapy.spidermiddlewares.urllength.UrlLengthMiddleware',
 'scrapy.spidermiddlewares.depth.DepthMiddleware']
2017-06-04 22:07:01 [scrapy.middleware] INFO: Enabled item pipelines:
['spider_zhilian_search.pipelines.SpiderZhilianSearchPipeline']
2017-06-04 22:07:01 [scrapy.core.engine] INFO: Spider opened
2017-06-04 22:07:01 [scrapy.extensions.logstats] INFO: Crawled 0 pages (at 0 pages/min), scraped 0 items (at 0 items/min)
2017-06-04 22:07:01 [zhiliansearch] INFO: Spider opened: zhiliansearch
2017-06-04 22:07:01 [stdout] INFO: lets take a look
2017-06-04 22:07:01 [stdout] INFO: <200 http://sou.zhaopin.com/jobs/searchresult.ashx?kw=%E6%81%A9%E8%AF%BA%E6%8A%95%E8%B5%84&p=1>
2017-06-04 22:07:01 [stdout] INFO: shit happens!!!nigga!In inside-process!!
2017-06-04 22:07:01 [stdout] INFO: shit happens!!!nigga!In inside-process!!
2017-06-04 22:07:01 [stdout] INFO: shit happens!!!nigga!In inside-process!!
2017-06-04 22:07:01 [stdout] INFO: shit happens!!!nigga!In inside-process!!
2017-06-04 22:07:01 [stdout] INFO: shit happens!!!nigga!In inside-process!!
2017-06-04 22:07:01 [stdout] INFO: shit happens!!!nigga!In inside-process!!
2017-06-04 22:07:01 [stdout] INFO: shit happens!!!nigga!In inside-process!!
2017-06-04 22:07:01 [stdout] INFO: shit happens!!!nigga!In inside-process!!
2017-06-04 22:07:01 [stdout] INFO: shit happens!!!nigga!In inside-process!!
2017-06-04 22:07:01 [stdout] INFO: shit happens!!!nigga!In inside-process!!
2017-06-04 22:07:01 [stdout] INFO: shit happens!!!nigga!In inside-process!!
2017-06-04 22:07:01 [stdout] INFO: shit happens!!!nigga!In inside-process!!
2017-06-04 22:07:01 [stdout] INFO: No next pages, nigga!!
2017-06-04 22:07:01 [scrapy.core.engine] INFO: Closing spider (finished)
2017-06-04 22:07:01 [scrapy.statscollectors] INFO: Dumping Scrapy stats:
{'downloader/request_bytes': 279,
 'downloader/request_count': 1,
 'downloader/request_method_count/GET': 1,
 'downloader/response_bytes': 29196,
 'downloader/response_count': 1,
 'downloader/response_status_count/200': 1,
 'finish_reason': 'finished',
 'finish_time': datetime.datetime(2017, 6, 4, 14, 7, 1, 587045),
 'log_count/INFO': 23,
 'response_received_count': 1,
 'scheduler/dequeued': 1,
 'scheduler/dequeued/memory': 1,
 'scheduler/enqueued': 1,
 'scheduler/enqueued/memory': 1,
 'start_time': datetime.datetime(2017, 6, 4, 14, 7, 1, 196561)}
2017-06-04 22:07:01 [scrapy.core.engine] INFO: Spider closed (finished)
