2017-06-05 18:30:54 [scrapy.utils.log] INFO: Scrapy 1.3.2 started (bot: spider_zhilian_search)
2017-06-05 18:30:54 [scrapy.utils.log] INFO: Overridden settings: {'BOT_NAME': 'spider_zhilian_search', 'COOKIES_ENABLED': False, 'DOWNLOAD_DELAY': 3, 'DUPEFILTER_CLASS': 'scrapy_splash.SplashAwareDupeFilter', 'FEED_EXPORT_FIELDS': ['co_id', 'co_nm', 'co_ownership', 'co_ee_size', 'co_link', 'co_industry', 'co_add', 'co_desc'], 'FEED_FORMAT': 'csv', 'FEED_URI': '/Users/yuyang/notreProgram/company_info_gleaner_II/spider_zhilian_search_needing_broadcrawling/%(name)s_20170604.txt', 'HTTPCACHE_STORAGE': 'scrapy_splash.SplashAwareFSCacheStorage', 'LOG_FILE': 'zhilian_search.log', 'LOG_STDOUT': True, 'NEWSPIDER_MODULE': 'spider_zhilian_search.spiders', 'RETRY_HTTP_CODES': [400, 403, 404, 408, 429, 500, 502, 503], 'RETRY_TIMES': 3, 'SPIDER_MODULES': ['spider_zhilian_search.spiders']}
2017-06-05 18:30:54 [scrapy.middleware] INFO: Enabled extensions:
['scrapy.extensions.corestats.CoreStats',
 'scrapy.extensions.telnet.TelnetConsole',
 'scrapy.extensions.feedexport.FeedExporter',
 'scrapy.extensions.logstats.LogStats']
2017-06-05 18:30:54 [scrapy.middleware] INFO: Enabled downloader middlewares:
['scrapy.downloadermiddlewares.httpauth.HttpAuthMiddleware',
 'scrapy.downloadermiddlewares.downloadtimeout.DownloadTimeoutMiddleware',
 'scrapy.downloadermiddlewares.defaultheaders.DefaultHeadersMiddleware',
 'scrapy.downloadermiddlewares.useragent.UserAgentMiddleware',
 'scrapy.downloadermiddlewares.retry.RetryMiddleware',
 'scrapy.downloadermiddlewares.redirect.MetaRefreshMiddleware',
 'scrapy.downloadermiddlewares.redirect.RedirectMiddleware',
 'scrapy.downloadermiddlewares.httpcompression.HttpCompressionMiddleware',
 'scrapy.downloadermiddlewares.stats.DownloaderStats']
2017-06-05 18:30:54 [scrapy.middleware] INFO: Enabled spider middlewares:
['scrapy.spidermiddlewares.httperror.HttpErrorMiddleware',
 'scrapy_splash.SplashDeduplicateArgsMiddleware',
 'scrapy.spidermiddlewares.offsite.OffsiteMiddleware',
 'scrapy.spidermiddlewares.referer.RefererMiddleware',
 'scrapy.spidermiddlewares.urllength.UrlLengthMiddleware',
 'scrapy.spidermiddlewares.depth.DepthMiddleware']
2017-06-05 18:30:54 [scrapy.middleware] INFO: Enabled item pipelines:
['spider_zhilian_search.pipelines.SpiderZhilianSearchPipeline']
2017-06-05 18:30:54 [scrapy.core.engine] INFO: Spider opened
2017-06-05 18:30:54 [scrapy.extensions.logstats] INFO: Crawled 0 pages (at 0 pages/min), scraped 0 items (at 0 items/min)
2017-06-05 18:30:54 [scrapy.extensions.telnet] DEBUG: Telnet console listening on 127.0.0.1:6023
2017-06-05 18:30:54 [scrapy.core.engine] DEBUG: Crawled (200) <GET http://sou.zhaopin.com/jobs/searchresult.ashx?kw=TCL&p=1> (referer: None)
2017-06-05 18:30:54 [stdout] INFO: insidepage:
2017-06-05 18:30:54 [stdout] INFO: http://company.zhaopin.com/P2/CC1321/8761/CC132187615.htm
2017-06-05 18:30:54 [stdout] INFO: endofinsedpage!!!
2017-06-05 18:30:54 [stdout] INFO: we go to deep!
2017-06-05 18:30:54 [scrapy.spidermiddlewares.offsite] DEBUG: Filtered offsite request to 'company.zhaopin.com': <GET http://company.zhaopin.com/P2/CC1321/8761/CC132187615.htm>
2017-06-05 18:30:59 [stdout] INFO: insidepage:
2017-06-05 18:30:59 [stdout] INFO: http://company.zhaopin.com/CC000050468D90250089000.htm
2017-06-05 18:30:59 [stdout] INFO: endofinsedpage!!!
2017-06-05 18:30:59 [stdout] INFO: we go to deep!
2017-06-05 18:31:04 [stdout] INFO: insidepage:
2017-06-05 18:31:04 [stdout] INFO: http://company.zhaopin.com/CC000050468D90250099000.htm
2017-06-05 18:31:04 [stdout] INFO: endofinsedpage!!!
2017-06-05 18:31:04 [stdout] INFO: we go to deep!
2017-06-05 18:31:09 [stdout] INFO: insidepage:
2017-06-05 18:31:09 [stdout] INFO: http://company.zhaopin.com/CC000050468D90250089000.htm
2017-06-05 18:31:09 [stdout] INFO: endofinsedpage!!!
2017-06-05 18:31:09 [stdout] INFO: we go to deep!
2017-06-05 18:31:14 [stdout] INFO: insidepage:
2017-06-05 18:31:14 [stdout] INFO: http://company.zhaopin.com/CC000050468D90250099000.htm
2017-06-05 18:31:14 [stdout] INFO: endofinsedpage!!!
2017-06-05 18:31:14 [stdout] INFO: we go to deep!
2017-06-05 18:31:19 [stdout] INFO: insidepage:
2017-06-05 18:31:19 [stdout] INFO: http://company.zhaopin.com/CC000050468D90250099000.htm
2017-06-05 18:31:19 [stdout] INFO: endofinsedpage!!!
2017-06-05 18:31:19 [stdout] INFO: we go to deep!
2017-06-05 18:31:24 [stdout] INFO: No next pages, nigga!!
2017-06-05 18:31:24 [scrapy.core.engine] INFO: Closing spider (finished)
2017-06-05 18:31:24 [scrapy.statscollectors] INFO: Dumping Scrapy stats:
{'downloader/request_bytes': 246,
 'downloader/request_count': 1,
 'downloader/request_method_count/GET': 1,
 'downloader/response_bytes': 34810,
 'downloader/response_count': 1,
 'downloader/response_status_count/200': 1,
 'finish_reason': 'finished',
 'finish_time': datetime.datetime(2017, 6, 5, 10, 31, 24, 630172),
 'log_count/DEBUG': 3,
 'log_count/INFO': 32,
 'offsite/domains': 1,
 'offsite/filtered': 6,
 'request_depth_max': 1,
 'response_received_count': 1,
 'scheduler/dequeued': 1,
 'scheduler/dequeued/memory': 1,
 'scheduler/enqueued': 1,
 'scheduler/enqueued/memory': 1,
 'start_time': datetime.datetime(2017, 6, 5, 10, 30, 54, 222492)}
2017-06-05 18:31:24 [scrapy.core.engine] INFO: Spider closed (finished)
