2017-06-09 16:07:52 [scrapy.utils.log] INFO: Scrapy 1.3.2 started (bot: spider_zhilian_search)
2017-06-09 16:07:52 [scrapy.utils.log] INFO: Overridden settings: {'BOT_NAME': 'spider_zhilian_search', 'DOWNLOAD_DELAY': 3, 'DUPEFILTER_CLASS': 'scrapy_splash.SplashAwareDupeFilter', 'FEED_EXPORT_FIELDS': ['co_id', 'co_nm', 'co_ownership', 'co_ee_size', 'co_link', 'co_industry', 'co_add', 'co_desc'], 'FEED_FORMAT': 'csv', 'FEED_URI': '/Users/yuyang/notreProgram/company_info_gleaner_II/spider_zhilian_search_needing_broadcrawling2/%(name)s_20170604.txt', 'HTTPCACHE_STORAGE': 'scrapy_splash.SplashAwareFSCacheStorage', 'LOG_FILE': 'zhilian_search.log', 'LOG_STDOUT': True, 'NEWSPIDER_MODULE': 'spider_zhilian_search.spiders', 'RETRY_HTTP_CODES': [400, 403, 404, 408, 429, 500, 502, 503], 'RETRY_TIMES': 3, 'SPIDER_MODULES': ['spider_zhilian_search.spiders']}
2017-06-09 16:07:52 [scrapy.middleware] INFO: Enabled extensions:
['scrapy.extensions.corestats.CoreStats',
 'scrapy.extensions.telnet.TelnetConsole',
 'scrapy.extensions.feedexport.FeedExporter',
 'scrapy.extensions.logstats.LogStats']
2017-06-09 16:07:52 [scrapy.middleware] INFO: Enabled downloader middlewares:
['scrapy.downloadermiddlewares.httpauth.HttpAuthMiddleware',
 'scrapy.downloadermiddlewares.downloadtimeout.DownloadTimeoutMiddleware',
 'scrapy.downloadermiddlewares.defaultheaders.DefaultHeadersMiddleware',
 'scrapy.downloadermiddlewares.useragent.UserAgentMiddleware',
 'scrapy.downloadermiddlewares.retry.RetryMiddleware',
 'scrapy.downloadermiddlewares.redirect.MetaRefreshMiddleware',
 'scrapy.downloadermiddlewares.redirect.RedirectMiddleware',
 'scrapy.downloadermiddlewares.cookies.CookiesMiddleware',
 'scrapy.downloadermiddlewares.httpcompression.HttpCompressionMiddleware',
 'scrapy.downloadermiddlewares.stats.DownloaderStats']
2017-06-09 16:07:52 [scrapy.middleware] INFO: Enabled spider middlewares:
['scrapy.spidermiddlewares.httperror.HttpErrorMiddleware',
 'scrapy_splash.SplashDeduplicateArgsMiddleware',
 'scrapy.spidermiddlewares.offsite.OffsiteMiddleware',
 'scrapy.spidermiddlewares.referer.RefererMiddleware',
 'scrapy.spidermiddlewares.urllength.UrlLengthMiddleware',
 'scrapy.spidermiddlewares.depth.DepthMiddleware']
2017-06-09 16:07:52 [scrapy.middleware] INFO: Enabled item pipelines:
['spider_zhilian_search.pipelines.SpiderZhilianSearchPipeline']
2017-06-09 16:07:52 [scrapy.core.engine] INFO: Spider opened
2017-06-09 16:07:52 [scrapy.extensions.logstats] INFO: Crawled 0 pages (at 0 pages/min), scraped 0 items (at 0 items/min)
2017-06-09 16:07:52 [scrapy.extensions.telnet] DEBUG: Telnet console listening on 127.0.0.1:6024
2017-06-09 16:07:52 [scrapy.core.engine] DEBUG: Crawled (200) <GET http://sou.zhaopin.com/jobs/searchresult.ashx?kw=Huawei&p=1> (referer: None)
2017-06-09 16:07:52 [stdout] INFO: insidepage:
2017-06-09 16:07:52 [stdout] INFO: http://company.zhaopin.com/CC465338519.htm
2017-06-09 16:07:52 [stdout] INFO: we go to deep!
2017-06-09 16:07:52 [stdout] INFO: insidepage:
2017-06-09 16:07:52 [stdout] INFO: http://company.zhaopin.com/P5/CC1204/7784/CC120477843.htm
2017-06-09 16:07:52 [stdout] INFO: we go to deep!
2017-06-09 16:07:52 [stdout] INFO: insidepage:
2017-06-09 16:07:52 [stdout] INFO: http://company.zhaopin.com/CC461529332.htm
2017-06-09 16:07:52 [stdout] INFO: we go to deep!
2017-06-09 16:07:52 [stdout] INFO: insidepage:
2017-06-09 16:07:52 [stdout] INFO: http://company.zhaopin.com/CC378606386.htm
2017-06-09 16:07:52 [stdout] INFO: we go to deep!
2017-06-09 16:07:52 [stdout] INFO: insidepage:
2017-06-09 16:07:52 [stdout] INFO: http://company.zhaopin.com/CC378606386.htm
2017-06-09 16:07:52 [stdout] INFO: we go to deep!
2017-06-09 16:07:52 [scrapy.dupefilters] DEBUG: Filtered duplicate request: <GET http://company.zhaopin.com/CC378606386.htm> - no more duplicates will be shown (see DUPEFILTER_DEBUG to show all duplicates)
2017-06-09 16:07:52 [stdout] INFO: insidepage:
2017-06-09 16:07:52 [stdout] INFO: http://company.zhaopin.com/CC370404089.htm
2017-06-09 16:07:52 [stdout] INFO: we go to deep!
2017-06-09 16:07:52 [stdout] INFO: insidepage:
2017-06-09 16:07:52 [stdout] INFO: http://special.zhaopin.com/pagepublish/13176699/index.html
2017-06-09 16:07:52 [stdout] INFO: we go to deep!
2017-06-09 16:07:52 [stdout] INFO: insidepage:
2017-06-09 16:07:52 [stdout] INFO: http://company.zhaopin.com/P2/CC1726/9381/CC172693813.htm
2017-06-09 16:07:52 [stdout] INFO: we go to deep!
2017-06-09 16:07:52 [stdout] INFO: insidepage:
2017-06-09 16:07:52 [stdout] INFO: http://company.zhaopin.com/%E4%B8%8A%E6%B5%B7%E8%B4%A2%E5%AE%89%E9%87%91%E8%9E%8D%E6%9C%8D%E5%8A%A1%E6%9C%89%E9%99%90%E5%85%AC%E5%8F%B8_CC197398817.htm
2017-06-09 16:07:52 [stdout] INFO: we go to deep!
2017-06-09 16:07:52 [stdout] INFO: insidepage:
2017-06-09 16:07:52 [stdout] INFO: http://company.zhaopin.com/CC157359810.htm
2017-06-09 16:07:52 [stdout] INFO: we go to deep!
2017-06-09 16:07:52 [stdout] INFO: insidepage:
2017-06-09 16:07:52 [stdout] INFO: http://company.zhaopin.com/CC157359810.htm
2017-06-09 16:07:52 [stdout] INFO: we go to deep!
2017-06-09 16:07:52 [stdout] INFO: insidepage:
2017-06-09 16:07:52 [stdout] INFO: http://company.zhaopin.com/CC524500221.htm
2017-06-09 16:07:52 [stdout] INFO: we go to deep!
2017-06-09 16:07:52 [stdout] INFO: insidepage:
2017-06-09 16:07:52 [stdout] INFO: http://company.zhaopin.com/CC133924040.htm
2017-06-09 16:07:52 [stdout] INFO: we go to deep!
2017-06-09 16:07:52 [stdout] INFO: insidepage:
2017-06-09 16:07:52 [stdout] INFO: http://special.zhaopin.com/sh/2009/dnion092386/index.htm
2017-06-09 16:07:52 [stdout] INFO: we go to deep!
2017-06-09 16:07:52 [stdout] INFO: insidepage:
2017-06-09 16:07:52 [stdout] INFO: http://special.zhaopin.com/sh/2009/dnion092386/index.htm
2017-06-09 16:07:52 [stdout] INFO: we go to deep!
2017-06-09 16:07:52 [stdout] INFO: insidepage:
2017-06-09 16:07:52 [stdout] INFO: http://company.zhaopin.com/P2/CC1677/0911/CC167709119.htm
2017-06-09 16:07:52 [stdout] INFO: we go to deep!
2017-06-09 16:07:52 [stdout] INFO: insidepage:
2017-06-09 16:07:52 [stdout] INFO: http://company.zhaopin.com/P7/CC0004/1816/CC000418162.htm
2017-06-09 16:07:52 [stdout] INFO: we go to deep!
2017-06-09 16:07:52 [stdout] INFO: insidepage:
2017-06-09 16:07:52 [stdout] INFO: http://company.zhaopin.com/CC263073182.htm
2017-06-09 16:07:52 [stdout] INFO: we go to deep!
2017-06-09 16:07:52 [stdout] INFO: insidepage:
2017-06-09 16:07:52 [stdout] INFO: http://company.zhaopin.com/P10/CC1439/0059/CC143900599.htm
2017-06-09 16:07:52 [stdout] INFO: we go to deep!
2017-06-09 16:07:52 [stdout] INFO: insidepage:
2017-06-09 16:07:52 [stdout] INFO: http://company.zhaopin.com/%E4%B8%8A%E6%B5%B7%E6%B5%A6%E4%B8%9C%E8%BD%AF%E4%BB%B6%E5%9B%AD%E6%B1%87%E6%99%BA%E7%A7%91%E6%8A%80%E6%9C%89%E9%99%90%E5%85%AC%E5%8F%B8_CC418708813.htm
2017-06-09 16:07:52 [stdout] INFO: we go to deep!
2017-06-09 16:07:52 [stdout] INFO: insidepage:
2017-06-09 16:07:52 [stdout] INFO: http://company.zhaopin.com/%E4%B8%8A%E6%B5%B7%E9%BE%99%E7%94%B0%E6%95%B0%E7%A0%81%E7%A7%91%E6%8A%80%E6%9C%89%E9%99%90%E5%85%AC%E5%8F%B8_CC252596114.htm
2017-06-09 16:07:52 [stdout] INFO: we go to deep!
2017-06-09 16:07:52 [stdout] INFO: insidepage:
2017-06-09 16:07:52 [stdout] INFO: http://company.zhaopin.com/%E4%B8%8A%E6%B5%B7%E8%83%BD%E5%8A%A8%E4%BF%A1%E6%81%AF%E7%B3%BB%E7%BB%9F%E6%9C%89%E9%99%90%E5%85%AC%E5%8F%B8_CC233511711.htm
2017-06-09 16:07:52 [stdout] INFO: we go to deep!
2017-06-09 16:07:52 [stdout] INFO: insidepage:
2017-06-09 16:07:52 [stdout] INFO: http://company.zhaopin.com/%E5%8C%97%E4%BA%AC%E5%90%8C%E7%AB%8B%E9%92%A7%E6%88%90%E7%9F%A5%E8%AF%86%E4%BA%A7%E6%9D%83%E4%BB%A3%E7%90%86%E6%9C%89%E9%99%90%E5%85%AC%E5%8F%B8_CC135049547.htm
2017-06-09 16:07:52 [stdout] INFO: we go to deep!
2017-06-09 16:07:52 [stdout] INFO: insidepage:
2017-06-09 16:07:52 [stdout] INFO: http://special.zhaopin.com/sh/2010/honguan070133/index.htm
2017-06-09 16:07:52 [stdout] INFO: we go to deep!
2017-06-09 16:07:52 [stdout] INFO: insidepage:
2017-06-09 16:07:52 [stdout] INFO: http://company.zhaopin.com/CC641739523.htm
2017-06-09 16:07:52 [stdout] INFO: we go to deep!
2017-06-09 16:07:52 [stdout] INFO: insidepage:
2017-06-09 16:07:52 [stdout] INFO: http://company.zhaopin.com/%E4%B8%8A%E6%B5%B7%E8%83%9C%E8%93%9D%E4%BF%A1%E6%81%AF%E6%8A%80%E6%9C%AF%E6%9C%8D%E5%8A%A1%E6%9C%89%E9%99%90%E5%85%AC%E5%8F%B8_CC138255815.htm
2017-06-09 16:07:52 [stdout] INFO: we go to deep!
2017-06-09 16:07:52 [stdout] INFO: insidepage:
2017-06-09 16:07:52 [stdout] INFO: http://company.zhaopin.com/CC701714023.htm
2017-06-09 16:07:52 [stdout] INFO: we go to deep!
2017-06-09 16:07:52 [stdout] INFO: insidepage:
2017-06-09 16:07:52 [stdout] INFO: http://company.zhaopin.com/CC750840281.htm
2017-06-09 16:07:52 [stdout] INFO: we go to deep!
2017-06-09 16:07:52 [stdout] INFO: insidepage:
2017-06-09 16:07:52 [stdout] INFO: http://special.zhaopin.com/pagepublish/12091296/index.html
2017-06-09 16:07:52 [stdout] INFO: we go to deep!
2017-06-09 16:07:52 [stdout] INFO: insidepage:
2017-06-09 16:07:52 [stdout] INFO: http://company.zhaopin.com/CC344810436.htm
2017-06-09 16:07:52 [stdout] INFO: we go to deep!
2017-06-09 16:07:52 [stdout] INFO: insidepage:
2017-06-09 16:07:52 [stdout] INFO: http://company.zhaopin.com/%E5%8C%97%E4%BA%AC%E5%90%8C%E7%AB%8B%E9%92%A7%E6%88%90%E7%9F%A5%E8%AF%86%E4%BA%A7%E6%9D%83%E4%BB%A3%E7%90%86%E6%9C%89%E9%99%90%E5%85%AC%E5%8F%B8_CC135049547.htm
2017-06-09 16:07:52 [stdout] INFO: we go to deep!
2017-06-09 16:07:52 [stdout] INFO: insidepage:
2017-06-09 16:07:52 [stdout] INFO: http://special.zhaopin.com/2017/bj/bjsk032382
2017-06-09 16:07:52 [stdout] INFO: we go to deep!
2017-06-09 16:07:52 [stdout] INFO: insidepage:
2017-06-09 16:07:52 [stdout] INFO: http://company.zhaopin.com/%E4%B8%8A%E6%B5%B7%E7%BD%91%E8%B6%8A%E4%BF%A1%E6%81%AF%E6%8A%80%E6%9C%AF%E6%9C%89%E9%99%90%E5%85%AC%E5%8F%B8_CC145013492.htm
2017-06-09 16:07:52 [stdout] INFO: we go to deep!
2017-06-09 16:07:52 [stdout] INFO: insidepage:
2017-06-09 16:07:52 [stdout] INFO: http://company.zhaopin.com/%E4%B8%8A%E6%B5%B7%E7%BD%91%E8%B6%8A%E4%BF%A1%E6%81%AF%E6%8A%80%E6%9C%AF%E6%9C%89%E9%99%90%E5%85%AC%E5%8F%B8_CC145013492.htm
2017-06-09 16:07:52 [stdout] INFO: we go to deep!
2017-06-09 16:07:52 [stdout] INFO: insidepage:
2017-06-09 16:07:52 [stdout] INFO: http://company.zhaopin.com/%E6%97%A0%E9%94%A1%E5%85%88%E5%AF%BC%E8%87%AA%E5%8A%A8%E5%8C%96%E8%AE%BE%E5%A4%87%E6%9C%89%E9%99%90%E5%85%AC%E5%8F%B8_CC166275810.htm
2017-06-09 16:07:52 [stdout] INFO: we go to deep!
2017-06-09 16:07:52 [stdout] INFO: insidepage:
2017-06-09 16:07:52 [stdout] INFO: http://company.zhaopin.com/%E4%B8%8A%E6%B5%B7%E4%BC%98%E5%88%BB%E5%BE%97%E4%BF%A1%E6%81%AF%E7%A7%91%E6%8A%80%E6%9C%89%E9%99%90%E5%85%AC%E5%8F%B8_CC469173413.htm
2017-06-09 16:07:52 [stdout] INFO: we go to deep!
2017-06-09 16:07:52 [stdout] INFO: insidepage:
2017-06-09 16:07:52 [stdout] INFO: http://company.zhaopin.com/%E4%B8%8A%E6%B5%B7%E4%BB%81%E8%81%98%E7%AE%A1%E7%90%86%E5%92%A8%E8%AF%A2%E6%9C%89%E9%99%90%E5%85%AC%E5%8F%B8_CC452559614.htm
2017-06-09 16:07:52 [stdout] INFO: we go to deep!
2017-06-09 16:07:52 [stdout] INFO: insidepage:
2017-06-09 16:07:52 [stdout] INFO: http://company.zhaopin.com/P1/CC0006/1330/CC000613300.htm
2017-06-09 16:07:52 [stdout] INFO: we go to deep!
2017-06-09 16:07:52 [stdout] INFO: insidepage:
2017-06-09 16:07:52 [stdout] INFO: http://company.zhaopin.com/CC425912514.htm
2017-06-09 16:07:52 [stdout] INFO: we go to deep!
2017-06-09 16:07:52 [stdout] INFO: insidepage:
2017-06-09 16:07:52 [stdout] INFO: http://company.zhaopin.com/CC433278133.htm
2017-06-09 16:07:52 [stdout] INFO: we go to deep!
2017-06-09 16:07:52 [stdout] INFO: insidepage:
2017-06-09 16:07:52 [stdout] INFO: http://company.zhaopin.com/CC301137739.htm
2017-06-09 16:07:52 [stdout] INFO: we go to deep!
2017-06-09 16:07:52 [stdout] INFO: insidepage:
2017-06-09 16:07:52 [stdout] INFO: http://company.zhaopin.com/CC457927219.htm
2017-06-09 16:07:52 [stdout] INFO: we go to deep!
2017-06-09 16:07:52 [stdout] INFO: insidepage:
2017-06-09 16:07:52 [stdout] INFO: http://company.zhaopin.com/CC292801039.htm
2017-06-09 16:07:52 [stdout] INFO: we go to deep!
2017-06-09 16:07:52 [stdout] INFO: insidepage:
2017-06-09 16:07:52 [stdout] INFO: http://company.zhaopin.com/CC590492229.htm
2017-06-09 16:07:52 [stdout] INFO: we go to deep!
2017-06-09 16:07:52 [stdout] INFO: insidepage:
2017-06-09 16:07:52 [stdout] INFO: http://company.zhaopin.com/%E6%B1%89%E5%BA%AD%E6%98%9F%E7%A9%BA%EF%BC%88%E4%B8%8A%E6%B5%B7%EF%BC%89%E9%85%92%E5%BA%97%E7%AE%A1%E7%90%86%E6%9C%89%E9%99%90%E5%85%AC%E5%8F%B8_CC120946989.htm
2017-06-09 16:07:52 [stdout] INFO: we go to deep!
2017-06-09 16:07:52 [stdout] INFO: insidepage:
2017-06-09 16:07:52 [stdout] INFO: http://company.zhaopin.com/P10/CC1201/2319/CC120123197.htm
2017-06-09 16:07:52 [stdout] INFO: we go to deep!
2017-06-09 16:07:52 [stdout] INFO: insidepage:
2017-06-09 16:07:52 [stdout] INFO: http://company.zhaopin.com/%E4%B8%8A%E6%B5%B7%E6%8D%B7%E5%8D%AB%E4%BF%A1%E6%81%AF%E7%A7%91%E6%8A%80%E6%9C%89%E9%99%90%E5%85%AC%E5%8F%B8_CC244863118.htm
2017-06-09 16:07:52 [stdout] INFO: we go to deep!
2017-06-09 16:07:52 [stdout] INFO: insidepage:
2017-06-09 16:07:52 [stdout] INFO: http://company.zhaopin.com/CC660549425.htm
2017-06-09 16:07:52 [stdout] INFO: we go to deep!
2017-06-09 16:07:52 [stdout] INFO: insidepage:
2017-06-09 16:07:52 [stdout] INFO: http://company.zhaopin.com/CC291388085.htm
2017-06-09 16:07:52 [stdout] INFO: we go to deep!
2017-06-09 16:07:52 [stdout] INFO: insidepage:
2017-06-09 16:07:52 [stdout] INFO: http://company.zhaopin.com/P10/CC1439/0059/CC143900599.htm
2017-06-09 16:07:52 [stdout] INFO: we go to deep!
2017-06-09 16:07:52 [stdout] INFO: insidepage:
2017-06-09 16:07:52 [stdout] INFO: http://special.zhaopin.com/sh/2012/hongxing090726/enter.htm
2017-06-09 16:07:52 [stdout] INFO: we go to deep!
2017-06-09 16:07:52 [stdout] INFO: insidepage:
2017-06-09 16:07:52 [stdout] INFO: http://company.zhaopin.com/CC301127688.htm
2017-06-09 16:07:52 [stdout] INFO: we go to deep!
2017-06-09 16:07:52 [stdout] INFO: insidepage:
2017-06-09 16:07:52 [stdout] INFO: redirecturl?url=http%3a%2f%2fxyzp.shandagames.com%2findex.htm&cc=CC131142509J90259533000&sign=A0EB0DE701E71D00E5938F7ACA47B47B
2017-06-09 16:07:52 [stdout] INFO: we go to deep!
2017-06-09 16:07:52 [stdout] INFO: ight,nigga!
2017-06-09 16:07:52 [stdout] INFO: insidepage:
2017-06-09 16:07:52 [stdout] INFO: http://special.zhaopin.com/pagepublish/14311996/index.html
2017-06-09 16:07:52 [stdout] INFO: we go to deep!
2017-06-09 16:07:52 [stdout] INFO: insidepage:
2017-06-09 16:07:52 [stdout] INFO: http://company.zhaopin.com/%E5%8C%97%E4%BA%AC%E4%BD%A9%E7%BE%8E%E5%9B%BD%E9%99%85%E7%AE%A1%E7%90%86%E5%92%A8%E8%AF%A2%E6%9C%89%E9%99%90%E5%85%AC%E5%8F%B8_CC205081417.htm
2017-06-09 16:07:52 [stdout] INFO: we go to deep!
2017-06-09 16:07:52 [stdout] INFO: insidepage:
2017-06-09 16:07:52 [stdout] INFO: http://company.zhaopin.com/CC701714023.htm
2017-06-09 16:07:52 [stdout] INFO: we go to deep!
2017-06-09 16:07:52 [stdout] INFO: insidepage:
2017-06-09 16:07:52 [stdout] INFO: http://company.zhaopin.com/%E5%8C%97%E4%BA%AC%E5%AF%8C%E9%80%9A%E9%87%91%E4%BF%A1%E8%AE%A1%E7%AE%97%E6%9C%BA%E7%B3%BB%E7%BB%9F%E6%9C%8D%E5%8A%A1%E6%9C%89%E9%99%90%E5%85%AC%E5%8F%B8_CC448636718.htm
2017-06-09 16:07:52 [stdout] INFO: we go to deep!
2017-06-09 16:07:52 [stdout] INFO: insidepage:
2017-06-09 16:07:52 [stdout] INFO: http://company.zhaopin.com/CC000542945.htm
2017-06-09 16:07:52 [stdout] INFO: we go to deep!
2017-06-09 16:07:52 [stdout] INFO: insidepage:
2017-06-09 16:07:52 [stdout] INFO: http://company.zhaopin.com/CC000542945.htm
2017-06-09 16:07:52 [stdout] INFO: we go to deep!
2017-06-09 16:07:52 [stdout] INFO: insidepage:
2017-06-09 16:07:52 [stdout] INFO: http://company.zhaopin.com/CC000542945.htm
2017-06-09 16:07:52 [stdout] INFO: we go to deep!
2017-06-09 16:07:52 [scrapy.core.engine] DEBUG: Crawled (200) <GET http://company.zhaopin.com/CC465338519.htm> (referer: http://sou.zhaopin.com/jobs/searchresult.ashx?kw=Huawei&p=1)
2017-06-09 16:07:52 [scrapy.core.engine] DEBUG: Crawled (200) <GET http://special.zhaopin.com/pagepublish/13176699/index.html> (referer: http://sou.zhaopin.com/jobs/searchresult.ashx?kw=Huawei&p=1)
2017-06-09 16:07:52 [stdout] INFO: parsing in company page has been started!
2017-06-09 16:07:52 [stdout] INFO: 安立通讯科技(上海)有限公司
2017-06-09 16:07:52 [stdout] INFO: 5
2017-06-09 16:07:52 [scrapy.core.scraper] DEBUG: Scraped from <200 http://company.zhaopin.com/CC465338519.htm>
{'co_add': '上海市徐汇区桂平路391号新漕河泾国际商务中心A座27楼',
 'co_id': '465338519',
 'co_industry': '通信/电信运营、增值服务',
 'co_link': 'http://www.anritsu.com',
 'co_nm': '安立通讯科技(上海)有限公司'}
2017-06-09 16:07:52 [stdout] INFO: parsing in company page has been started!
2017-06-09 16:07:52 [scrapy.core.scraper] WARNING: Dropped: Something nasty happens, nigger!
{}
2017-06-09 16:07:54 [scrapy.core.engine] DEBUG: Crawled (200) <GET http://special.zhaopin.com/sh/2009/dnion092386/index.htm> (referer: http://sou.zhaopin.com/jobs/searchresult.ashx?kw=Huawei&p=1)
2017-06-09 16:07:55 [stdout] INFO: parsing in company page has been started!
2017-06-09 16:07:55 [scrapy.core.scraper] WARNING: Dropped: Something nasty happens, nigger!
{}
2017-06-09 16:07:56 [scrapy.core.engine] DEBUG: Crawled (200) <GET http://sou.zhaopin.com/jobs/searchresult.ashx?kw=Huawei&sg=fe8b0c944faa49bcb7a0d59cee89659b&p=2> (referer: http://sou.zhaopin.com/jobs/searchresult.ashx?kw=Huawei&p=1)
2017-06-09 16:07:56 [stdout] INFO: insidepage:
2017-06-09 16:07:56 [stdout] INFO: http://company.zhaopin.com/CC000542945.htm
2017-06-09 16:07:56 [stdout] INFO: we go to deep!
2017-06-09 16:07:56 [stdout] INFO: insidepage:
2017-06-09 16:07:56 [stdout] INFO: http://company.zhaopin.com/CC000542945.htm
2017-06-09 16:07:56 [stdout] INFO: we go to deep!
2017-06-09 16:07:56 [stdout] INFO: No next pages, nigga!!
2017-06-09 16:07:56 [scrapy.core.engine] DEBUG: Crawled (200) <GET http://company.zhaopin.com/CC157359810.htm> (referer: http://sou.zhaopin.com/jobs/searchresult.ashx?kw=Huawei&p=1)
2017-06-09 16:07:56 [stdout] INFO: parsing in company page has been started!
2017-06-09 16:07:56 [stdout] INFO: 上海易声通信技术发展有限公司
2017-06-09 16:07:56 [stdout] INFO: 5
2017-06-09 16:07:56 [scrapy.core.scraper] DEBUG: Scraped from <200 http://company.zhaopin.com/CC157359810.htm>
{'co_add': '上海市闸北区恒丰路1号创智联合大厦18楼',
 'co_id': '157359810',
 'co_industry': '通信/电信运营、增值服务,计算机硬件,IT服务(系统/数据/维护)',
 'co_link': 'http://www.esun21.com',
 'co_nm': '上海易声通信技术发展有限公司'}
2017-06-09 16:07:59 [scrapy.core.engine] DEBUG: Crawled (200) <GET http://company.zhaopin.com/%E4%B8%8A%E6%B5%B7%E8%B4%A2%E5%AE%89%E9%87%91%E8%9E%8D%E6%9C%8D%E5%8A%A1%E6%9C%89%E9%99%90%E5%85%AC%E5%8F%B8_CC197398817.htm> (referer: http://sou.zhaopin.com/jobs/searchresult.ashx?kw=Huawei&p=1)
2017-06-09 16:07:59 [stdout] INFO: parsing in company page has been started!
2017-06-09 16:07:59 [stdout] INFO: 上海财安金融服务集团股份有限公司
2017-06-09 16:07:59 [stdout] INFO: 5
2017-06-09 16:07:59 [scrapy.core.scraper] DEBUG: Scraped from <200 http://company.zhaopin.com/%E4%B8%8A%E6%B5%B7%E8%B4%A2%E5%AE%89%E9%87%91%E8%9E%8D%E6%9C%8D%E5%8A%A1%E6%9C%89%E9%99%90%E5%85%AC%E5%8F%B8_CC197398817.htm>
{'co_add': '上海市虹口区邯郸路43号中观产业园8楼',
 'co_id': '197398817',
 'co_industry': '基金/证券/期货/投资',
 'co_link': 'http://www.in-rich.com/',
 'co_nm': '上海财安金融服务集团股份有限公司'}
2017-06-09 16:07:59 [scrapy.core.engine] DEBUG: Crawled (200) <GET http://special.zhaopin.com/pagepublish/14311996/index.html> (referer: http://sou.zhaopin.com/jobs/searchresult.ashx?kw=Huawei&p=1)
2017-06-09 16:07:59 [stdout] INFO: parsing in company page has been started!
2017-06-09 16:07:59 [scrapy.core.scraper] WARNING: Dropped: Something nasty happens, nigger!
{}
2017-06-09 16:08:01 [scrapy.core.engine] DEBUG: Crawled (200) <GET http://special.zhaopin.com/sh/2012/hongxing090726/enter.htm> (referer: http://sou.zhaopin.com/jobs/searchresult.ashx?kw=Huawei&p=1)
2017-06-09 16:08:02 [stdout] INFO: parsing in company page has been started!
2017-06-09 16:08:02 [scrapy.core.scraper] WARNING: Dropped: Something nasty happens, nigger!
{}
2017-06-09 16:08:02 [scrapy.core.engine] DEBUG: Crawled (200) <GET http://company.zhaopin.com/P2/CC1726/9381/CC172693813.htm> (referer: http://sou.zhaopin.com/jobs/searchresult.ashx?kw=Huawei&p=1)
2017-06-09 16:08:02 [stdout] INFO: parsing in company page has been started!
2017-06-09 16:08:02 [stdout] INFO: 上海励沛信息技术有限公司
2017-06-09 16:08:02 [stdout] INFO: 5
2017-06-09 16:08:02 [scrapy.core.scraper] DEBUG: Scraped from <200 http://company.zhaopin.com/P2/CC1726/9381/CC172693813.htm>
{'co_add': '长宁区中山西路930号云都虹桥大厦10楼B座',
 'co_id': '172693813',
 'co_industry': 'IT服务(系统/数据/维护),计算机硬件,通信/电信运营、增值服务,互联网/电子商务',
 'co_link': 'http://www.lipei-it.com',
 'co_nm': '上海励沛信息技术有限公司'}
2017-06-09 16:08:04 [scrapy.core.engine] DEBUG: Crawled (200) <GET http://company.zhaopin.com/CC370404089.htm> (referer: http://sou.zhaopin.com/jobs/searchresult.ashx?kw=Huawei&p=1)
2017-06-09 16:08:05 [stdout] INFO: parsing in company page has been started!
2017-06-09 16:08:05 [stdout] INFO: 上海层峰网络科技有限公司
2017-06-09 16:08:05 [stdout] INFO: 6
2017-06-09 16:08:05 [scrapy.core.scraper] DEBUG: Scraped from <200 http://company.zhaopin.com/CC370404089.htm>
{'co_add': '上海市上海市闸北区江场三路58号10号楼7楼',
 'co_desc': '公司介绍: '
            'Zenlayer是一个基于SDN的全球网络及服务提供商，总部位于洛杉矶，在北京、上海及香港均设有分公司。企业通过其平台部署及管理全球的IT资源，快速实现业务的全球化。Zenlayer在全球SDN网络的基础上，提供NetworkasaService(网络即服务)产品，其革命性的特点包括：软件定义避免人工干预、即时开通即买即用、全球覆盖及运营商中立等。同时，Zenlayer还是资深的全球数据中心服务提供商，团队数名核心成员在数据中心领域拥有超过10年的专业经验。通过数年累积，在全球运营的数据中心已经超过60个，构建了覆盖北美、南美、欧洲、东南亚、中东和非洲等地区的世界级数据中心系统。 '
            '公司网站\xa0 公司电话\xa0021-61396959 公司传真\xa061396961 公司地址\xa0'
            '上海市闸北区江场三路58栋10号7楼701 乘车路线\xa0乘坐地铁1号线到汶水路，换成公交4路或步行15分钟即可到达。 '
            '中国联系人邮箱：',
 'co_id': '370404089',
 'co_industry': 'IT服务(系统/数据/维护),通信/电信运营、增值服务,通信/电信/网络设备',
 'co_link': 'http://www.zenlayer.com',
 'co_nm': '上海层峰网络科技有限公司'}
2017-06-09 16:08:08 [scrapy.core.engine] DEBUG: Crawled (200) <GET http://company.zhaopin.com/CC378606386.htm> (referer: http://sou.zhaopin.com/jobs/searchresult.ashx?kw=Huawei&p=1)
2017-06-09 16:08:08 [stdout] INFO: parsing in company page has been started!
2017-06-09 16:08:08 [stdout] INFO: 上海云朴信息科技有限公司
2017-06-09 16:08:08 [stdout] INFO: 3
2017-06-09 16:08:08 [scrapy.core.scraper] DEBUG: Scraped from <200 http://company.zhaopin.com/CC378606386.htm>
{'co_id': '378606386',
 'co_industry': '上海市徐汇区柳州路399号恒地仓国际大厦',
 'co_nm': '上海云朴信息科技有限公司'}
2017-06-09 16:08:12 [scrapy.core.engine] DEBUG: Crawled (200) <GET http://company.zhaopin.com/CC461529332.htm> (referer: http://sou.zhaopin.com/jobs/searchresult.ashx?kw=Huawei&p=1)
2017-06-09 16:08:12 [stdout] INFO: parsing in company page has been started!
2017-06-09 16:08:12 [stdout] INFO: 上海柏涛建筑设计有限公司
2017-06-09 16:08:12 [stdout] INFO: 3
2017-06-09 16:08:12 [scrapy.core.scraper] DEBUG: Scraped from <200 http://company.zhaopin.com/CC461529332.htm>
{'co_id': '461529332',
 'co_industry': '上海市崇明县长江农场长江大街161号2幢3633室（上海长江经济园区）',
 'co_nm': '上海柏涛建筑设计有限公司'}
2017-06-09 16:08:15 [scrapy.core.engine] DEBUG: Crawled (200) <GET http://company.zhaopin.com/P5/CC1204/7784/CC120477843.htm> (referer: http://sou.zhaopin.com/jobs/searchresult.ashx?kw=Huawei&p=1)
2017-06-09 16:08:15 [stdout] INFO: parsing in company page has been started!
2017-06-09 16:08:15 [stdout] INFO: 上海合胜计算机科技股份有限公司
2017-06-09 16:08:15 [stdout] INFO: 6
2017-06-09 16:08:15 [scrapy.core.scraper] DEBUG: Scraped from <200 http://company.zhaopin.com/P5/CC1204/7784/CC120477843.htm>
{'co_add': '上海市长宁区协和路787号A楼北幢',
 'co_desc': '\xa0\xa0\xa0'
            '诚敬创新，合作共赢-----企业文化；我们致力于成为中国一流的信息技术服务企业.------企业愿景。 \xa0\xa0\xa0'
            '上海合胜计算机科技股份有限公司成立10年来为100多家国内外知名企业提供高性价比的软件开发、集成服务、外包服务的信息化整体服务解决方案，是一家以上海为龙头，在北京、广州、成都、深圳、苏州、杭州等地设有分公司，服务范围覆盖全国的高科技企业。 \xa0\xa0\xa0'
            '我们先后通过了ISO9001：2000质量管理体系认证、高新技术企业、计算机系统集成三级认证、双软企业等国家级资质认证，获得了上海最具活力科技企业、长宁区科技小巨人、上海名牌企业等荣誉，在金融行业系统集中监控解决方案，商业零售解决方案，第四方物流管理平台等方面拥有10多项著作权和专利，以极具竞争力的IT综合服务及支持能力、客户第一的服务理念为客户创造价值。 \xa0\xa0'
            '“以人为本”是我们的核心价值观，我们员工人数近700，其中工程师占80%，我们关心员工的发展、重视员工利益,为员工营造稳定、和谐的工作环境、培训机会和职业发展空间，视人才为公司发展的最主要的财富。 \xa0\xa0\xa0'
            '经过多年发展,我们已经拥有了一支经验丰富，富有创意、充满热情、协作敬业的团队。伴随着合胜的迅速成长与高迅发展，我们期待更多英才能够加盟我们的团队，共同创造辉煌的远景。 \xa0\xa0\xa0'
            '我们的客户包括：IBM、SONY、Intel、松下、中国移动、信达资产、上海证券、太平洋保险集团、交通银行、上海电气、Yum、上海机场集团、LVMH、Gucci等国内外知名企业、集团公司。\xa0 \xa0\xa0\xa0'
            '请加入合胜！给你的成长带来广阔的空间，加入合胜！和我们一起发展，一起实现梦想！\xa0 \xa0\xa0\xa0\xa0 \xa0\xa0\xa0'
            'Together,wearethebest! \xa0 \xa0\xa0\xa0公司网址：http:// '
            '，我们期待您的加入！\xa0 \xa0\xa0\xa0\xa0\xa0\xa0\xa0\xa0\xa0\xa0\xa0\xa0\xa0\xa0\xa0\xa0\xa0\xa0\xa0\xa0\xa0\xa0\xa0\xa0\xa0\xa0\xa0\xa0\xa0\xa0\xa0\xa0\xa0\xa0\xa0\xa0\xa0\xa0\xa0\xa0\xa0\xa0\xa0\xa0\xa0\xa0\xa0\xa0\xa0\xa0\xa0\xa0\xa0\xa0\xa0\xa0\xa0\xa0\xa0\xa0\xa0\xa0\xa0\xa0\xa0\xa0\xa0\xa0\xa0\xa0\xa0\xa0\xa0\xa0\xa0\xa0\xa0\xa0\xa0\xa0\xa0\xa0\xa0\xa0\xa0\xa0\xa0\xa0\xa0\xa0\xa0\xa0\xa0\xa0\xa0\xa0\xa0\xa0\xa0\xa0\xa0\xa0\xa0\xa0\xa0\xa0\xa0\xa0\xa0\xa0\xa0\xa0\xa0\xa0\xa0\xa0\xa0\xa0\xa0\xa0\xa0\xa0\xa0\xa0\xa0\xa0\xa0\xa0\xa0\xa0\xa0\xa0\xa0\xa0\xa0\xa0\xa0\xa0\xa0\xa0\xa0\xa0\xa0\xa0\xa0\xa0\xa0\xa0\xa0\xa0\xa0\xa0\xa0\xa0\xa0\xa0\xa0\xa0\xa0\xa0\xa0\xa0\xa0\xa0\xa0\xa0\xa0\xa0\xa0\xa0\xa0\xa0\xa0\xa0\xa0\xa0\xa0\xa0\xa0\xa0\xa0',
 'co_id': '120477843',
 'co_industry': '其他,IT服务(系统/数据/维护)',
 'co_link': 'http://www.mvs.com.cn',
 'co_nm': '上海合胜计算机科技股份有限公司'}
2017-06-09 16:08:18 [scrapy.core.engine] DEBUG: Crawled (200) <GET http://company.zhaopin.com/P7/CC0004/1816/CC000418162.htm> (referer: http://sou.zhaopin.com/jobs/searchresult.ashx?kw=Huawei&p=1)
2017-06-09 16:08:18 [stdout] INFO: parsing in company page has been started!
2017-06-09 16:08:18 [stdout] INFO: 上海雨人软件技术开发有限公司
2017-06-09 16:08:18 [stdout] INFO: 5
2017-06-09 16:08:18 [scrapy.core.scraper] DEBUG: Scraped from <200 http://company.zhaopin.com/P7/CC0004/1816/CC000418162.htm>
{'co_add': '上海市普陀区中江路879号天地软件园10号楼2楼',
 'co_id': '000418162',
 'co_industry': '计算机软件,IT服务(系统/数据/维护),计算机硬件',
 'co_link': 'http://http：//www.nebuinfo.com',
 'co_nm': '上海雨人软件技术开发有限公司'}
2017-06-09 16:08:22 [scrapy.core.engine] DEBUG: Crawled (200) <GET http://company.zhaopin.com/P2/CC1677/0911/CC167709119.htm> (referer: http://sou.zhaopin.com/jobs/searchresult.ashx?kw=Huawei&p=1)
2017-06-09 16:08:22 [stdout] INFO: parsing in company page has been started!
2017-06-09 16:08:22 [stdout] INFO: 上海华浪计算机科技有限公司
2017-06-09 16:08:22 [stdout] INFO: 5
2017-06-09 16:08:22 [scrapy.core.scraper] DEBUG: Scraped from <200 http://company.zhaopin.com/P2/CC1677/0911/CC167709119.htm>
{'co_add': '上海市徐汇区常熟路165号103乙',
 'co_id': '167709119',
 'co_industry': '计算机软件,IT服务(系统/数据/维护),基金/证券/期货/投资',
 'co_link': 'http://www.hualang-it.com.cn',
 'co_nm': '上海华浪计算机科技有限公司'}
2017-06-09 16:08:27 [scrapy.core.engine] DEBUG: Crawled (200) <GET http://company.zhaopin.com/CC133924040.htm> (referer: http://sou.zhaopin.com/jobs/searchresult.ashx?kw=Huawei&p=1)
2017-06-09 16:08:27 [stdout] INFO: parsing in company page has been started!
2017-06-09 16:08:27 [stdout] INFO: 上海文广科技(集团)有限公司
2017-06-09 16:08:27 [stdout] INFO: 3
2017-06-09 16:08:27 [scrapy.core.scraper] DEBUG: Scraped from <200 http://company.zhaopin.com/CC133924040.htm>
{'co_id': '133924040',
 'co_industry': '上海市徐汇区宜山路757号4楼',
 'co_nm': '上海文广科技(集团)有限公司'}
2017-06-09 16:08:29 [scrapy.core.engine] DEBUG: Crawled (200) <GET http://company.zhaopin.com/CC524500221.htm> (referer: http://sou.zhaopin.com/jobs/searchresult.ashx?kw=Huawei&p=1)
2017-06-09 16:08:29 [stdout] INFO: parsing in company page has been started!
2017-06-09 16:08:29 [stdout] INFO: 上海即富信息技术服务有限公司
2017-06-09 16:08:29 [stdout] INFO: 5
2017-06-09 16:08:29 [scrapy.core.scraper] DEBUG: Scraped from <200 http://company.zhaopin.com/CC524500221.htm>
{'co_add': '上海市浦东新区金科路2555号（中国芯科技园）C栋',
 'co_id': '524500221',
 'co_industry': '互联网/电子商务,银行,基金/证券/期货/投资,租赁服务',
 'co_link': 'http://www.jfpal.com/',
 'co_nm': '上海即富信息技术服务有限公司'}
2017-06-09 16:08:31 [scrapy.core.engine] DEBUG: Crawled (200) <GET http://company.zhaopin.com/CC750840281.htm> (referer: http://sou.zhaopin.com/jobs/searchresult.ashx?kw=Huawei&p=1)
2017-06-09 16:08:31 [stdout] INFO: parsing in company page has been started!
2017-06-09 16:08:31 [stdout] INFO: 上海纬那信息技术有限公司
2017-06-09 16:08:31 [stdout] INFO: 3
2017-06-09 16:08:31 [scrapy.core.scraper] DEBUG: Scraped from <200 http://company.zhaopin.com/CC750840281.htm>
{'co_id': '750840281',
 'co_industry': '上海市普陀区交通路2447号（德必园）1号楼212室',
 'co_nm': '上海纬那信息技术有限公司'}
2017-06-09 16:08:35 [scrapy.core.engine] DEBUG: Crawled (200) <GET http://company.zhaopin.com/CC701714023.htm> (referer: http://sou.zhaopin.com/jobs/searchresult.ashx?kw=Huawei&p=1)
2017-06-09 16:08:36 [stdout] INFO: parsing in company page has been started!
2017-06-09 16:08:36 [stdout] INFO: 上海时伦信息技术有限公司
2017-06-09 16:08:36 [stdout] INFO: 6
2017-06-09 16:08:36 [scrapy.core.scraper] DEBUG: Scraped from <200 http://company.zhaopin.com/CC701714023.htm>
{'co_add': '普陀区真南路1428号致盛大厦北楼D座1105D室',
 'co_desc': '上海时伦信息技术有限公司成立于2008年8月，是一家专门从事计算机硬件销售及网络平台建设与维护的IT企业。公司注册资金500万元人民币。公司现主营产品为DELL、Huawei、HP、Cisco、3COM、Lenovo等商用产品。尤其在DELL、华为产品方面，拥有非常良好的产品价格优势，与DELL及华为公司合作以来，信誉一直良好。公司拥有超强的销售网络体系，稳定的商品供货渠道，优秀的团队组织。基于这一优势，公司的业务迅速拓展，现已成为多家国内外知名企事业单位的优秀硬件供应商。 \xa0\xa0\xa0\xa0'
            '上海时伦自成立之初就建立了良好的客户关系维护系统和售后服务支持系统。承诺以真品实价参与市场竞争。积极进行开放性合作，现与上海、江苏、浙江等华东地区众多强势供应商建立了战备合作伙伴关系。在激烈竞争的市场环境中，上海时伦本着“顾客致上、诚信务实、服务第一”的企业理念；强化以优质的产品和周到的服务取信于社会。现业务范围已覆盖整个华东地区。 '
            '上海时伦信息技术有限公司目前拥有员工30多人，其中80%的员工拥有大专以上学历，20%的员工拥有本科以上学历。技术售后服务是公司重大优势，2012年以来公司承揽了上海戴鑫信息技术有限公司所有的技术类工作。 '
            '2010年5月，上海时伦信息技术有限公司正式成为戴尔第一批“戴尔行业授权合作伙伴”和“戴尔中国华东地区服务器产品总经销商”。 '
            '2015年9月，成都时伦信息技术有限公司正式成立，现有人员25人。 '
            '2016年10月，济南时伦信息技术有限公司正式成立，现有人员20人。',
 'co_id': '701714023',
 'co_industry': '计算机硬件',
 'co_link': 'http://www.deshine.com.cn',
 'co_nm': '上海时伦信息技术有限公司'}
2017-06-09 16:08:38 [scrapy.core.engine] DEBUG: Crawled (200) <GET http://company.zhaopin.com/CC000542945.htm> (referer: http://sou.zhaopin.com/jobs/searchresult.ashx?kw=Huawei&p=1)
2017-06-09 16:08:38 [stdout] INFO: parsing in company page has been started!
2017-06-09 16:08:38 [stdout] INFO: 华为技术有限公司
2017-06-09 16:08:38 [stdout] INFO: 6
2017-06-09 16:08:38 [scrapy.core.scraper] DEBUG: Scraped from <200 http://company.zhaopin.com/CC000542945.htm>
{'co_add': '深圳龙岗坂田',
 'co_desc': '\xa0\xa0\xa0\xa0'
            '我们是一家全球领先的信息与通信解决方案供应商，为电信运营商、企业和消费者等提供有竞争力的端到端ICT解决方案和服务，帮助客户在数字社会获得成功。 \xa0\xa0\xa0'
            '我们坚持聚焦战略，对电信基础网络、云数据中心和智能终端等领域持续进行研发投入，以客户需求和前沿技术驱动的创新，使我们处于行业前沿，引领行业的发展。 \xa0\xa0\xa0'
            '目前，我们的电信网络设备、IT设备和解决方案及智能终端已应用于全球170多个国家和地区，服务于全球1/3的人口。 \xa0\xa0\xa0'
            '华为是全球领先的电信解决方案供应商。我们基于客户需求持续创新，在基础通信网络、业务与软件、终端和专业服务等四大领域都确立了端到端的领先地位。凭借在固定网络、移动网络和IP数据通信领域的综合优势，华为已成为全IP融合时代的领导者。目前，我们的产品和解决方案已经应用于全球100多个国家，服务全球运营商50强中的44家及全球1/3的人口。 \u3000\u3000'
            '我们以丰富人们的沟通和生活为愿景，运用通信领域专业经验，帮助不同地区的人们平等、自由地接入到信息社会，消除数字鸿沟。为应对日益严重的气候变化挑战，华为通过领先的绿色解决方案，帮助客户降低能耗和碳排放，创造最佳的社会、经济和环境效益。  \xa0 ',
 'co_id': '000542945',
 'co_industry': '通信/电信运营、增值服务,IT服务(系统/数据/维护),计算机硬件,计算机软件',
 'co_link': 'http://www.huawei.com',
 'co_nm': '华为技术有限公司 '}
2017-06-09 16:08:40 [scrapy.core.engine] DEBUG: Crawled (200) <GET http://company.zhaopin.com/%E5%8C%97%E4%BA%AC%E5%AF%8C%E9%80%9A%E9%87%91%E4%BF%A1%E8%AE%A1%E7%AE%97%E6%9C%BA%E7%B3%BB%E7%BB%9F%E6%9C%8D%E5%8A%A1%E6%9C%89%E9%99%90%E5%85%AC%E5%8F%B8_CC448636718.htm> (referer: http://sou.zhaopin.com/jobs/searchresult.ashx?kw=Huawei&p=1)
2017-06-09 16:08:40 [stdout] INFO: parsing in company page has been started!
2017-06-09 16:08:40 [stdout] INFO: 北京富通金信计算机系统服务有限公司
2017-06-09 16:08:40 [stdout] INFO: 5
2017-06-09 16:08:40 [scrapy.core.scraper] DEBUG: Scraped from <200 http://company.zhaopin.com/%E5%8C%97%E4%BA%AC%E5%AF%8C%E9%80%9A%E9%87%91%E4%BF%A1%E8%AE%A1%E7%AE%97%E6%9C%BA%E7%B3%BB%E7%BB%9F%E6%9C%8D%E5%8A%A1%E6%9C%89%E9%99%90%E5%85%AC%E5%8F%B8_CC448636718.htm>
{'co_add': '北京市朝阳区惠新东街8号设计大厦14层',
 'co_id': '448636718',
 'co_industry': '计算机软件,互联网/电子商务',
 'co_link': 'http://www.ftabs.com.cn',
 'co_nm': '北京富通金信计算机系统服务有限公司'}
2017-06-09 16:08:43 [scrapy.core.engine] DEBUG: Crawled (200) <GET http://company.zhaopin.com/%E5%8C%97%E4%BA%AC%E4%BD%A9%E7%BE%8E%E5%9B%BD%E9%99%85%E7%AE%A1%E7%90%86%E5%92%A8%E8%AF%A2%E6%9C%89%E9%99%90%E5%85%AC%E5%8F%B8_CC205081417.htm> (referer: http://sou.zhaopin.com/jobs/searchresult.ashx?kw=Huawei&p=1)
2017-06-09 16:08:43 [stdout] INFO: parsing in company page has been started!
2017-06-09 16:08:43 [stdout] INFO: 北京佩美国际管理咨询有限公司
2017-06-09 16:08:43 [stdout] INFO: 4
2017-06-09 16:08:43 [scrapy.core.scraper] DEBUG: Scraped from <200 http://company.zhaopin.com/%E5%8C%97%E4%BA%AC%E4%BD%A9%E7%BE%8E%E5%9B%BD%E9%99%85%E7%AE%A1%E7%90%86%E5%92%A8%E8%AF%A2%E6%9C%89%E9%99%90%E5%85%AC%E5%8F%B8_CC205081417.htm>
{'co_desc': '是一家美国独资的制造业投资和咨询管理公司，总部设在北京。公司在华北和长江流域投资有若干家生产型企业，业务涉及电子、机械、化工和医疗器械等行业。因为我们本身具有制造业领域的直接经验，我们也为有兴趣进入或已经进入中国的美国制造业公司提供投资、建厂及管理方面的咨询顾问服务（项目管理、市场调查、财务、人力资源、政府关系等）。PRI倡导多元文化，除了中国人，我们也有美国、新西兰、英国、南非和东南亚的雇员。 \u3000\u3000'
            '欲了解更详细信息请登录 \u3000\u3000电子邮箱：',
 'co_id': '205081417',
 'co_industry': '北京市西城区西直门外大街1号院西环广场A座15层A3',
 'co_nm': '北京佩美国际管理咨询有限公司'}
2017-06-09 16:08:46 [scrapy.core.engine] DEBUG: Crawled (200) <GET http://company.zhaopin.com/CC301127688.htm> (referer: http://sou.zhaopin.com/jobs/searchresult.ashx?kw=Huawei&p=1)
2017-06-09 16:08:47 [stdout] INFO: parsing in company page has been started!
2017-06-09 16:08:47 [stdout] INFO: 上海库智信息科技有限公司
2017-06-09 16:08:47 [stdout] INFO: 5
2017-06-09 16:08:47 [scrapy.core.scraper] DEBUG: Scraped from <200 http://company.zhaopin.com/CC301127688.htm>
{'co_add': '上海市蒙自路207号3号楼2层',
 'co_id': '301127688',
 'co_industry': '互联网/电子商务,基金/证券/期货/投资,跨领域经营,礼品/玩具/工艺美术/收藏品/奢侈品',
 'co_link': 'http://null',
 'co_nm': '上海库智信息科技有限公司'}
2017-06-09 16:08:48 [scrapy.core.engine] DEBUG: Crawled (200) <GET http://company.zhaopin.com/CC291388085.htm> (referer: http://sou.zhaopin.com/jobs/searchresult.ashx?kw=Huawei&p=1)
2017-06-09 16:08:49 [stdout] INFO: parsing in company page has been started!
2017-06-09 16:08:49 [stdout] INFO: 上海会坚商务咨询有限公司
2017-06-09 16:08:49 [stdout] INFO: 5
2017-06-09 16:08:49 [scrapy.core.scraper] DEBUG: Scraped from <200 http://company.zhaopin.com/CC291388085.htm>
{'co_add': '上海市张扬路400号',
 'co_id': '291388085',
 'co_industry': '专业服务/咨询(财会/法律/人力资源等)',
 'co_link': 'http://www.huijian.biz',
 'co_nm': '上海会坚商务咨询有限公司'}
2017-06-09 16:08:49 [scrapy.downloadermiddlewares.redirect] DEBUG: Redirecting (301) to <GET http://special.zhaopin.com/2017/bj/bjsk032382/> from <GET http://special.zhaopin.com/2017/bj/bjsk032382>
2017-06-09 16:08:51 [scrapy.core.engine] DEBUG: Crawled (200) <GET http://special.zhaopin.com/2017/bj/bjsk032382/> (referer: http://sou.zhaopin.com/jobs/searchresult.ashx?kw=Huawei&p=1)
2017-06-09 16:08:51 [stdout] INFO: parsing in company page has been started!
2017-06-09 16:08:51 [scrapy.core.scraper] WARNING: Dropped: Something nasty happens, nigger!
{}
2017-06-09 16:08:52 [scrapy.extensions.logstats] INFO: Crawled 26 pages (at 26 pages/min), scraped 19 items (at 19 items/min)
2017-06-09 16:08:53 [scrapy.core.engine] DEBUG: Crawled (200) <GET http://company.zhaopin.com/CC660549425.htm> (referer: http://sou.zhaopin.com/jobs/searchresult.ashx?kw=Huawei&p=1)
2017-06-09 16:08:53 [stdout] INFO: parsing in company page has been started!
2017-06-09 16:08:53 [stdout] INFO: 杭州中港科技有限公司
2017-06-09 16:08:53 [stdout] INFO: 6
2017-06-09 16:08:53 [scrapy.core.scraper] DEBUG: Scraped from <200 http://company.zhaopin.com/CC660549425.htm>
{'co_add': '新加坡科技园LEO5幢2楼',
 'co_desc': '\xa0',
 'co_id': '660549425',
 'co_industry': '通信/电信/网络设备,IT服务(系统/数据/维护),计算机软件,计算机硬件',
 'co_link': 'http://null',
 'co_nm': '杭州中港科技有限公司'}
2017-06-09 16:08:54 [scrapy.core.engine] DEBUG: Crawled (200) <GET http://special.zhaopin.com/pagepublish/12091296/index.html> (referer: http://sou.zhaopin.com/jobs/searchresult.ashx?kw=Huawei&p=1)
2017-06-09 16:08:54 [stdout] INFO: parsing in company page has been started!
2017-06-09 16:08:54 [scrapy.core.scraper] WARNING: Dropped: Something nasty happens, nigger!
{}
2017-06-09 16:08:57 [scrapy.core.engine] DEBUG: Crawled (200) <GET http://company.zhaopin.com/%E4%B8%8A%E6%B5%B7%E6%8D%B7%E5%8D%AB%E4%BF%A1%E6%81%AF%E7%A7%91%E6%8A%80%E6%9C%89%E9%99%90%E5%85%AC%E5%8F%B8_CC244863118.htm> (referer: http://sou.zhaopin.com/jobs/searchresult.ashx?kw=Huawei&p=1)
2017-06-09 16:08:57 [stdout] INFO: parsing in company page has been started!
2017-06-09 16:08:57 [stdout] INFO: 上海捷卫信息科技有限公司
2017-06-09 16:08:57 [stdout] INFO: 3
2017-06-09 16:08:57 [scrapy.core.scraper] DEBUG: Scraped from <200 http://company.zhaopin.com/%E4%B8%8A%E6%B5%B7%E6%8D%B7%E5%8D%AB%E4%BF%A1%E6%81%AF%E7%A7%91%E6%8A%80%E6%9C%89%E9%99%90%E5%85%AC%E5%8F%B8_CC244863118.htm>
{'co_id': '244863118',
 'co_industry': '上海市中山西路1265弄18号湘江大厦1206室',
 'co_nm': '上海捷卫信息科技有限公司'}
2017-06-09 16:09:01 [scrapy.core.engine] DEBUG: Crawled (200) <GET http://company.zhaopin.com/P10/CC1201/2319/CC120123197.htm> (referer: http://sou.zhaopin.com/jobs/searchresult.ashx?kw=Huawei&p=1)
2017-06-09 16:09:01 [scrapy.core.engine] DEBUG: Crawled (200) <GET http://special.zhaopin.com/sh/2010/honguan070133/index.htm> (referer: http://sou.zhaopin.com/jobs/searchresult.ashx?kw=Huawei&p=1)
2017-06-09 16:09:01 [stdout] INFO: parsing in company page has been started!
2017-06-09 16:09:01 [stdout] INFO: RandstadTalent
2017-06-09 16:09:01 [stdout] INFO: 6
2017-06-09 16:09:01 [scrapy.core.scraper] DEBUG: Scraped from <200 http://company.zhaopin.com/P10/CC1201/2319/CC120123197.htm>
{'co_add': '上海市梅园路77号22楼',
 'co_desc': '任仕达集团(RandstadGroup)成立于1960年，是全球最大的综合性人力资源服务机构之一，总部位于荷兰阿姆斯特丹。在全球40多个国家和地区设有4700多个分支机构，每天为57万名求职者提供工作岗位。2011年，其全球营业额达到162亿欧元，位列全球财富500强。 '
            '任仕达自2005年进入中国市场，总部设在上海，在华北、华东、华南等地区成立了多个分支机构，服务网络覆盖全国100多个一、二线城市，向企业提供包括搜寻与甄选、灵活派遣以及人力资源解决方案在内的全方位人力资源服务。 '
            '作为一家充满活力的专业招聘机构，任仕达始终坚持以人为本，不断追求创新。我们寻找才智过人、诚实可靠、胸怀抱负的求职者，把他们推荐给最适合的企业，帮助他们获得最具吸引力的薪酬和工作机会。 '
            '无论您是想拓宽职场发展之路，或是寻找正确的职业发展方向，我们的招聘顾问都会随时为您提供服务。 有了我们的协助，美好职业志在必得。 '
            '想了解更多详情，请登录任仕达中国网站 ，或在新浪微博上 ，与我们互动。',
 'co_id': '120123197',
 'co_industry': '专业服务/咨询(财会/法律/人力资源等)',
 'co_link': 'http://www.randstad.cn',
 'co_nm': 'RandstadTalent'}
2017-06-09 16:09:02 [stdout] INFO: parsing in company page has been started!
2017-06-09 16:09:02 [scrapy.core.scraper] WARNING: Dropped: Something nasty happens, nigger!
{}
2017-06-09 16:09:05 [scrapy.core.engine] DEBUG: Crawled (200) <GET http://company.zhaopin.com/%E6%B1%89%E5%BA%AD%E6%98%9F%E7%A9%BA%EF%BC%88%E4%B8%8A%E6%B5%B7%EF%BC%89%E9%85%92%E5%BA%97%E7%AE%A1%E7%90%86%E6%9C%89%E9%99%90%E5%85%AC%E5%8F%B8_CC120946989.htm> (referer: http://sou.zhaopin.com/jobs/searchresult.ashx?kw=Huawei&p=1)
2017-06-09 16:09:05 [stdout] INFO: parsing in company page has been started!
2017-06-09 16:09:05 [stdout] INFO: 汉庭星空（上海）酒店管理有限公司
2017-06-09 16:09:05 [stdout] INFO: 6
2017-06-09 16:09:05 [scrapy.core.scraper] DEBUG: Scraped from <200 http://company.zhaopin.com/%E6%B1%89%E5%BA%AD%E6%98%9F%E7%A9%BA%EF%BC%88%E4%B8%8A%E6%B5%B7%EF%BC%89%E9%85%92%E5%BA%97%E7%AE%A1%E7%90%86%E6%9C%89%E9%99%90%E5%85%AC%E5%8F%B8_CC120946989.htm>
{'co_add': '上海市虹桥路2266号',
 'co_desc': '\xa0\xa0'
            '华住酒店集团，是国内一家全品牌的连锁酒店管理集团。自2005年创立以来，华住在短短数年间已经完成全国主要城市的战略布局，并重点在长三角、环渤海湾、珠三角和中西部发达城市形成了密布的酒店网络。2010年3月26日，“华住酒店集团”的前身“汉庭酒店集团”(NASDAQ:HTHT)在纳斯达克成功上市。 '
            '2014年，华住酒店集团与雅高酒店集团形成长期战略联盟，共同开辟在华酒店业务,交叉合作后在全球拥有超过4,700万忠诚会员，并使其接触到全球超过5,600家酒店。同时，华住原会员平台正式升级为粉丝平台，“华住会”更名为“好客汇”。 \xa0 '
            '目前，华住酒店集团在中国超过280个城市里已经拥有2,000多家自有酒店和40,000多名员工，旗下拥有12个自有酒店品牌：涵盖高端市场的禧玥酒店、美爵酒店、漫心度假酒店，中端和经济型市场的诺富特、美居、全季、星程，宜必思尚品、宜必思、汉庭、怡莱和海友酒店，满足商务和休闲出行的不同需求，并专注于以宾客为中心的服务细节打造和产品技术创新。 '
            '如今，以“成为世界级的伟大企业”为愿景的华住酒店集团，在创始人季琦的带领下，已经成为中国发展最快的酒店集团之一，并于2014年推出“华住世界”（HWorld）。作为一个围绕会员而打造的住宿出行生态圈，HWorld将在未来几年融合国内酒店市场，实现中国酒店业史上规模最大的“万店联盟”，实现共荣。围绕住宿这一核心需求，HWorld还将带动娱乐、机票预订、出行、景点等综合性生活平台的打造，成就美好生活。',
 'co_id': '120946989',
 'co_industry': '酒店/餐饮',
 'co_link': 'http://www.huazhu.com',
 'co_nm': '汉庭星空（上海）酒店管理有限公司'}
2017-06-09 16:09:09 [scrapy.core.engine] DEBUG: Crawled (200) <GET http://company.zhaopin.com/CC590492229.htm> (referer: http://sou.zhaopin.com/jobs/searchresult.ashx?kw=Huawei&p=1)
2017-06-09 16:09:09 [stdout] INFO: parsing in company page has been started!
2017-06-09 16:09:09 [stdout] INFO: 上海擎昭实业有限公司
2017-06-09 16:09:09 [stdout] INFO: 2
2017-06-09 16:09:09 [scrapy.core.scraper] DEBUG: Scraped from <200 http://company.zhaopin.com/CC590492229.htm>
{'co_id': '590492229', 'co_nm': '上海擎昭实业有限公司'}
2017-06-09 16:09:14 [scrapy.core.engine] DEBUG: Crawled (200) <GET http://company.zhaopin.com/CC292801039.htm> (referer: http://sou.zhaopin.com/jobs/searchresult.ashx?kw=Huawei&p=1)
2017-06-09 16:09:14 [stdout] INFO: parsing in company page has been started!
2017-06-09 16:09:14 [stdout] INFO: 上海提浜克企业管理有限公司
2017-06-09 16:09:14 [stdout] INFO: 3
2017-06-09 16:09:14 [scrapy.core.scraper] DEBUG: Scraped from <200 http://company.zhaopin.com/CC292801039.htm>
{'co_id': '292801039',
 'co_industry': '上海市杨浦区荆州路334弄108号A区101室',
 'co_nm': '上海提浜克企业管理有限公司'}
2017-06-09 16:09:17 [scrapy.core.engine] DEBUG: Crawled (200) <GET http://company.zhaopin.com/CC457927219.htm> (referer: http://sou.zhaopin.com/jobs/searchresult.ashx?kw=Huawei&p=1)
2017-06-09 16:09:17 [stdout] INFO: parsing in company page has been started!
2017-06-09 16:09:17 [stdout] INFO: 万创网络科技有限公司
2017-06-09 16:09:17 [stdout] INFO: 3
2017-06-09 16:09:17 [scrapy.core.scraper] DEBUG: Scraped from <200 http://company.zhaopin.com/CC457927219.htm>
{'co_id': '457927219', 'co_industry': '上海', 'co_nm': '万创网络科技有限公司'}
2017-06-09 16:09:21 [scrapy.core.engine] DEBUG: Crawled (200) <GET http://company.zhaopin.com/CC301137739.htm> (referer: http://sou.zhaopin.com/jobs/searchresult.ashx?kw=Huawei&p=1)
2017-06-09 16:09:21 [stdout] INFO: parsing in company page has been started!
2017-06-09 16:09:21 [stdout] INFO: 上海一米投资管理有限公司
2017-06-09 16:09:21 [stdout] INFO: 4
2017-06-09 16:09:21 [scrapy.core.scraper] DEBUG: Scraped from <200 http://company.zhaopin.com/CC301137739.htm>
{'co_desc': '上海一米投资管理有限公司（以下简称“一米投资”）是一家集资产配置、投资，融资为一体的综合性金融信息服务平台。股东为深圳鸿隆投资控股有限公司，广东志龙投资有限公司、旗亿文化传媒（上海）有限公司和上海米穗企业管理合伙企业（有限合伙）。于2015年1月批准成立，注册资金1176.47万元，私有股份制企业。公司经营范围：投资管理，资产管理，投资咨询，实业投资，企业管理咨询，财务咨询（不得从事代理记账），市场营销策划，商务咨询，金融信息服务（不得从事金融业务），接受金融机构委托从事金融信息技术外包，接受金融机构委托从事金融业务流程外包，接受金融机构委托从事金融知识流程外包，从事货物进出口及技术进出口业务。 '
            '一米投资的管理团队具有国内外贸易、银行、担保、保险、第三方理财、司法、媒体等多种行业背景。在国内外贸易、商业投资、财务管理及风险控制等方面有着长期丰富的实践经验。 '
            '一米投资坚持以客户为中心，秉承独立、客观、公正的原则，运用专业的金融知识体系严格把控投资风险，为客户提供全方位、安全稳健的财富管理及投资，融资方面的金融服务。 '
            '易付税是一款由上海一米投资管理有限公司开发、基于全国海关税费电子系统。 '
            '整合互联网资产交易平台、资金平台和保险机构等优势资源，通过代表贸易真实性背景的税费数据，彻底解决货款与税费的时间差矛盾，为企业提供一站式、纯信用、无抵押的普惠式金融服务的创新金融产品，帮助企业降低资金占用，实现快速通关，以信用创造财富！ '
            '产品网页：http://www.efushui.com/',
 'co_id': '301137739',
 'co_industry': '上海市黄浦区689号海通证券大厦1607室',
 'co_nm': '上海一米投资管理有限公司'}
2017-06-09 16:09:24 [scrapy.core.engine] DEBUG: Crawled (200) <GET http://company.zhaopin.com/CC433278133.htm> (referer: http://sou.zhaopin.com/jobs/searchresult.ashx?kw=Huawei&p=1)
2017-06-09 16:09:24 [stdout] INFO: parsing in company page has been started!
2017-06-09 16:09:24 [stdout] INFO: 上海宏路数据技术股份有限公司
2017-06-09 16:09:24 [stdout] INFO: 3
2017-06-09 16:09:24 [scrapy.core.scraper] DEBUG: Scraped from <200 http://company.zhaopin.com/CC433278133.htm>
{'co_id': '433278133',
 'co_industry': '上海市虹口区溧阳路735号半岛湾创意园1号楼201室',
 'co_nm': '上海宏路数据技术股份有限公司'}
2017-06-09 16:09:28 [scrapy.core.engine] DEBUG: Crawled (200) <GET http://company.zhaopin.com/CC425912514.htm> (referer: http://sou.zhaopin.com/jobs/searchresult.ashx?kw=Huawei&p=1)
2017-06-09 16:09:28 [stdout] INFO: parsing in company page has been started!
2017-06-09 16:09:28 [stdout] INFO: 衡驰企业管理咨询(上海)有限公司
2017-06-09 16:09:28 [stdout] INFO: 3
2017-06-09 16:09:28 [scrapy.core.scraper] DEBUG: Scraped from <200 http://company.zhaopin.com/CC425912514.htm>
{'co_id': '425912514',
 'co_industry': '上海市浦东新区东方路738号816室',
 'co_nm': '衡驰企业管理咨询(上海)有限公司'}
2017-06-09 16:09:32 [scrapy.core.engine] DEBUG: Crawled (200) <GET http://company.zhaopin.com/P1/CC0006/1330/CC000613300.htm> (referer: http://sou.zhaopin.com/jobs/searchresult.ashx?kw=Huawei&p=1)
2017-06-09 16:09:32 [stdout] INFO: parsing in company page has been started!
2017-06-09 16:09:32 [stdout] INFO: 埃森哲(中国)有限公司
2017-06-09 16:09:32 [stdout] INFO: 4
2017-06-09 16:09:32 [scrapy.core.scraper] DEBUG: Scraped from <200 http://company.zhaopin.com/P1/CC0006/1330/CC000613300.htm>
{'co_desc': ' ',
 'co_id': '000613300',
 'co_industry': '上海市',
 'co_nm': '埃森哲(中国)有限公司'}
2017-06-09 16:09:35 [scrapy.core.engine] DEBUG: Crawled (200) <GET http://company.zhaopin.com/%E4%B8%8A%E6%B5%B7%E4%BB%81%E8%81%98%E7%AE%A1%E7%90%86%E5%92%A8%E8%AF%A2%E6%9C%89%E9%99%90%E5%85%AC%E5%8F%B8_CC452559614.htm> (referer: http://sou.zhaopin.com/jobs/searchresult.ashx?kw=Huawei&p=1)
2017-06-09 16:09:35 [stdout] INFO: parsing in company page has been started!
2017-06-09 16:09:35 [stdout] INFO: 上海仁聘管理咨询有限公司
2017-06-09 16:09:35 [stdout] INFO: 6
2017-06-09 16:09:35 [scrapy.core.scraper] DEBUG: Scraped from <200 http://company.zhaopin.com/%E4%B8%8A%E6%B5%B7%E4%BB%81%E8%81%98%E7%AE%A1%E7%90%86%E5%92%A8%E8%AF%A2%E6%9C%89%E9%99%90%E5%85%AC%E5%8F%B8_CC452559614.htm>
{'co_add': '徐汇区中山西路2025号永升大厦21楼2125-2126',
 'co_desc': '上海仁聘管理咨询有限公司是上海跃星人力资源有限公司的子公司 人力资源服务许可证： '
            '，主要从事专业的人力资源咨询服务，是一家致力于帮助企业发现人才，招聘人才，对人力资源和人力资本进行整合，以达到企业对人才合理开发、有效利用为目的的 '
            '专业服务提供商，公司由行业内的专业资深人士和高级人事顾问组成，为白领人才提供职业规划和求职指导等咨询服务。 '
            '仁聘白领人才推荐中心是公司三大事业部之一，是面向个人提供专业服务的白领人才推荐机构，受 家以上的单位委托招聘（外资企业占 ，国企 '
            '），免面试排队，灵活安排面试时间，接受企业人事小范围面试，获得 以上面试成功概率。 合作的知名企事业单位包括：乐扣乐扣 '
            '、万科第一地产、江森自控、中国石化、诺贝尔、利丰集团、奔腾电器、 、施耐德电器、 、荷兰 集团、百联集团、 '
            '、马士基（中国）物流、顺丰集团、宝姿、国美电器、国药控股、华信石油、东方艺术中心、京东商城、贝塔斯曼、 、罗门哈斯 '
            '、中国青年旅行社、菲仕康眼镜、现代建筑、 、可口可乐、 、江南造船、上海电气集团等。 '
            '如果你希望获得更好的工作机会，请电话垂询，或来我部当面咨询： 上海地址：徐汇区中山西路 号永升大厦 楼 ； 交通： 地铁 号、 '
            '号线、 号线宜山路站 电话：（ ） 陈老师 咨询时间：周一至周六： ： —— ： 邮箱：',
 'co_id': '452559614',
 'co_industry': '快速消费品（食品/饮料/烟酒/日化）,计算机软件,贸易/进出口,广告/会展/公关',
 'co_link': 'http://www.job12333.com',
 'co_nm': '上海仁聘管理咨询有限公司'}
2017-06-09 16:09:37 [scrapy.crawler] INFO: Received SIG_UNBLOCK, shutting down gracefully. Send again to force 
2017-06-09 16:09:37 [scrapy.core.engine] INFO: Closing spider (shutdown)
2017-06-09 16:09:37 [scrapy.crawler] INFO: Received SIG_UNBLOCK twice, forcing unclean shutdown
