2017-06-30 15:01:40 [scrapy.utils.log] INFO: Scrapy 1.3.2 started (bot: spider_official_websites)
2017-06-30 15:01:40 [scrapy.utils.log] INFO: Overridden settings: {'AUTOTHROTTLE_MAX_DELAY': 2, 'BOT_NAME': 'spider_official_websites', 'AUTOTHROTTLE_ENABLED': True, 'LOG_LEVEL': 'INFO', 'FEED_EXPORT_FIELDS': ['host_url', 'url', 'email', 'mobile'], 'LOG_FILE': 'crawler.log', 'AUTOTHROTTLE_DEBUG': True, 'NEWSPIDER_MODULE': 'spider_official_websites.spiders', 'SPIDER_MODULES': ['spider_official_websites.spiders'], 'LOG_STDOUT': True, 'AUTOTHROTTLE_START_DELAY': 0.1, 'FEED_URI': '/Users/Han/Desktop/Code/company_info_gleaner_II/spider_official_websites/%(name)s_20170627.txt', 'FEED_FORMAT': 'csv'}
2017-06-30 15:01:40 [scrapy.middleware] INFO: Enabled extensions:
['scrapy.extensions.feedexport.FeedExporter',
 'scrapy.extensions.throttle.AutoThrottle',
 'scrapy.extensions.corestats.CoreStats',
 'scrapy.extensions.logstats.LogStats',
 'scrapy.extensions.telnet.TelnetConsole']
2017-06-30 15:01:40 [py.warnings] WARNING: /Library/Frameworks/Python.framework/Versions/3.5/lib/python3.5/site-packages/scrapy/utils/deprecate.py:156: ScrapyDeprecationWarning: `scrapy.contrib.downloadermiddleware.useragent.UserAgentMiddleware` class is deprecated, use `scrapy.downloadermiddlewares.useragent.UserAgentMiddleware` instead
  ScrapyDeprecationWarning)

2017-06-30 15:01:41 [scrapy.middleware] INFO: Enabled downloader middlewares:
['spider_official_websites.middlewares.RandomUserAgentMiddleware',
 'scrapy.downloadermiddlewares.httpauth.HttpAuthMiddleware',
 'scrapy.downloadermiddlewares.downloadtimeout.DownloadTimeoutMiddleware',
 'scrapy.downloadermiddlewares.defaultheaders.DefaultHeadersMiddleware',
 'scrapy.downloadermiddlewares.retry.RetryMiddleware',
 'scrapy.downloadermiddlewares.redirect.MetaRefreshMiddleware',
 'scrapy.downloadermiddlewares.redirect.RedirectMiddleware',
 'scrapy.downloadermiddlewares.cookies.CookiesMiddleware',
 'scrapy.downloadermiddlewares.httpcompression.HttpCompressionMiddleware',
 'scrapy.downloadermiddlewares.stats.DownloaderStats']
2017-06-30 15:01:41 [twisted] CRITICAL: Unhandled error in Deferred:
2017-06-30 15:01:41 [twisted] CRITICAL: 
Traceback (most recent call last):
  File "/Library/Frameworks/Python.framework/Versions/3.5/lib/python3.5/site-packages/twisted/internet/defer.py", line 1301, in _inlineCallbacks
    result = g.send(result)
  File "/Library/Frameworks/Python.framework/Versions/3.5/lib/python3.5/site-packages/scrapy/crawler.py", line 72, in crawl
    self.engine = self._create_engine()
  File "/Library/Frameworks/Python.framework/Versions/3.5/lib/python3.5/site-packages/scrapy/crawler.py", line 97, in _create_engine
    return ExecutionEngine(self, lambda _: self.stop())
  File "/Library/Frameworks/Python.framework/Versions/3.5/lib/python3.5/site-packages/scrapy/core/engine.py", line 70, in __init__
    self.scraper = Scraper(crawler)
  File "/Library/Frameworks/Python.framework/Versions/3.5/lib/python3.5/site-packages/scrapy/core/scraper.py", line 69, in __init__
    self.spidermw = SpiderMiddlewareManager.from_crawler(crawler)
  File "/Library/Frameworks/Python.framework/Versions/3.5/lib/python3.5/site-packages/scrapy/middleware.py", line 58, in from_crawler
    return cls.from_settings(crawler.settings, crawler)
  File "/Library/Frameworks/Python.framework/Versions/3.5/lib/python3.5/site-packages/scrapy/middleware.py", line 34, in from_settings
    mwcls = load_object(clspath)
  File "/Library/Frameworks/Python.framework/Versions/3.5/lib/python3.5/site-packages/scrapy/utils/misc.py", line 44, in load_object
    mod = import_module(module)
  File "/Library/Frameworks/Python.framework/Versions/3.5/lib/python3.5/importlib/__init__.py", line 126, in import_module
    return _bootstrap._gcd_import(name[level:], package, level)
  File "<frozen importlib._bootstrap>", line 986, in _gcd_import
  File "<frozen importlib._bootstrap>", line 969, in _find_and_load
  File "<frozen importlib._bootstrap>", line 956, in _find_and_load_unlocked
ImportError: No module named 'scrapy_deltafetch'
