2017-06-03 08:54:51 [scrapy.utils.log] INFO: Scrapy 1.3.2 started (bot: zhilian)
2017-06-03 08:54:51 [scrapy.utils.log] INFO: Overridden settings: {'COOKIES_ENABLED': False, 'LOG_STDOUT': True, 'NEWSPIDER_MODULE': 'zhilian_history.spiders', 'SPIDER_MODULES': ['zhilian_history.spiders'], 'HTTPCACHE_STORAGE': 'scrapy_splash.SplashAwareFSCacheStorage', 'BOT_NAME': 'zhilian', 'AUTOTHROTTLE_MAX_DELAY': 1, 'FEED_EXPORT_FIELDS': ['zl_co_id', 'zl_co_name', 'zl_co_tags', 'zl_co_website', 'zl_co_type', 'zl_co_ee_size', 'zl_co_address', 'zl_co_desc', 'zl_update_time'], 'RETRY_HTTP_CODES': [400, 403, 404, 408, 429, 500, 502, 503], 'CONCURRENT_REQUESTS': 32, 'RETRY_TIMES': 3, 'AUTOTHROTTLE_START_DELAY': 0.1, 'DUPEFILTER_CLASS': 'scrapy_splash.SplashAwareDupeFilter', 'LOG_FILE': 'zhilian_history.log', 'AUTOTHROTTLE_TARGET_CONCURRENCY': 32, 'LOG_LEVEL': 'INFO', 'FEED_URI': '/Users/Han/Desktop/Code/company_info_gleaner/zhilian_history/%(name)s_20170602.txt', 'FEED_FORMAT': 'csv'}
2017-06-03 08:54:51 [scrapy.middleware] INFO: Enabled extensions:
['scrapy.extensions.telnet.TelnetConsole',
 'scrapy.extensions.corestats.CoreStats',
 'scrapy.extensions.logstats.LogStats',
 'scrapy.extensions.feedexport.FeedExporter']
2017-06-03 08:54:51 [scrapy.middleware] INFO: Enabled downloader middlewares:
['zhilian_history.middlewares.RandomUserAgentMiddleware',
 'zhilian_history.middlewares.ProxyMiddleware',
 'scrapy.downloadermiddlewares.httpauth.HttpAuthMiddleware',
 'scrapy.downloadermiddlewares.downloadtimeout.DownloadTimeoutMiddleware',
 'scrapy.downloadermiddlewares.defaultheaders.DefaultHeadersMiddleware',
 'scrapy.downloadermiddlewares.useragent.UserAgentMiddleware',
 'scrapy.downloadermiddlewares.retry.RetryMiddleware',
 'scrapy.downloadermiddlewares.redirect.MetaRefreshMiddleware',
 'scrapy.downloadermiddlewares.redirect.RedirectMiddleware',
 'scrapy.downloadermiddlewares.httpcompression.HttpCompressionMiddleware',
 'scrapy.downloadermiddlewares.stats.DownloaderStats']
2017-06-03 08:54:51 [scrapy.middleware] INFO: Enabled spider middlewares:
['scrapy.spidermiddlewares.httperror.HttpErrorMiddleware',
 'scrapy_splash.SplashDeduplicateArgsMiddleware',
 'scrapy.spidermiddlewares.offsite.OffsiteMiddleware',
 'scrapy.spidermiddlewares.referer.RefererMiddleware',
 'scrapy.spidermiddlewares.urllength.UrlLengthMiddleware',
 'scrapy.spidermiddlewares.depth.DepthMiddleware']
2017-06-03 08:54:51 [scrapy.middleware] INFO: Enabled item pipelines:
[]
2017-06-03 08:54:51 [scrapy.core.engine] INFO: Spider opened
2017-06-03 08:54:51 [scrapy.extensions.logstats] INFO: Crawled 0 pages (at 0 pages/min), scraped 0 items (at 0 items/min)
2017-06-03 08:55:51 [scrapy.extensions.logstats] INFO: Crawled 61 pages (at 61 pages/min), scraped 60 items (at 60 items/min)
2017-06-03 08:56:51 [scrapy.extensions.logstats] INFO: Crawled 162 pages (at 101 pages/min), scraped 161 items (at 101 items/min)
2017-06-03 08:57:51 [scrapy.extensions.logstats] INFO: Crawled 240 pages (at 78 pages/min), scraped 240 items (at 79 items/min)
2017-06-03 08:58:51 [scrapy.extensions.logstats] INFO: Crawled 308 pages (at 68 pages/min), scraped 308 items (at 68 items/min)
2017-06-03 08:59:49 [scrapy.core.engine] INFO: Closing spider (finished)
2017-06-03 08:59:49 [scrapy.extensions.feedexport] INFO: Stored csv feed (357 items) in: /Users/Han/Desktop/Code/company_info_gleaner/zhilian_history/zhilian_20170602.txt
2017-06-03 08:59:49 [scrapy.statscollectors] INFO: Dumping Scrapy stats:
{'downloader/exception_count': 1,
 'downloader/exception_type_count/twisted.web._newclient.ResponseNeverReceived': 1,
 'downloader/request_bytes': 3783926,
 'downloader/request_count': 10019,
 'downloader/request_method_count/GET': 10019,
 'downloader/response_bytes': 6958053,
 'downloader/response_count': 10018,
 'downloader/response_status_count/200': 357,
 'downloader/response_status_count/301': 8,
 'downloader/response_status_count/302': 9653,
 'dupefilter/filtered': 9643,
 'finish_reason': 'finished',
 'finish_time': datetime.datetime(2017, 6, 3, 0, 59, 49, 904247),
 'item_scraped_count': 357,
 'log_count/INFO': 12,
 'response_received_count': 357,
 'scheduler/dequeued': 10019,
 'scheduler/dequeued/memory': 10019,
 'scheduler/enqueued': 10019,
 'scheduler/enqueued/memory': 10019,
 'start_time': datetime.datetime(2017, 6, 3, 0, 54, 51, 527283)}
2017-06-03 08:59:49 [scrapy.core.engine] INFO: Spider closed (finished)
2017-06-03 09:04:08 [scrapy.utils.log] INFO: Scrapy 1.3.2 started (bot: zhilian)
2017-06-03 09:04:08 [scrapy.utils.log] INFO: Overridden settings: {'HTTPCACHE_STORAGE': 'scrapy_splash.SplashAwareFSCacheStorage', 'DUPEFILTER_CLASS': 'scrapy_splash.SplashAwareDupeFilter', 'BOT_NAME': 'zhilian', 'FEED_FORMAT': 'csv', 'RETRY_TIMES': 3, 'LOG_LEVEL': 'INFO', 'AUTOTHROTTLE_START_DELAY': 0.1, 'LOG_STDOUT': True, 'FEED_URI': '/Users/Han/Desktop/Code/company_info_gleaner/zhilian_history/%(name)s_20170602.txt', 'AUTOTHROTTLE_MAX_DELAY': 1, 'RETRY_HTTP_CODES': [400, 403, 404, 408, 429, 500, 502, 503], 'FEED_EXPORT_FIELDS': ['zl_co_id', 'zl_co_name', 'zl_co_tags', 'zl_co_website', 'zl_co_type', 'zl_co_ee_size', 'zl_co_address', 'zl_co_desc', 'zl_update_time'], 'AUTOTHROTTLE_TARGET_CONCURRENCY': 32, 'SPIDER_MODULES': ['zhilian_history.spiders'], 'CONCURRENT_REQUESTS': 32, 'LOG_FILE': 'zhilian_history.log', 'COOKIES_ENABLED': False, 'NEWSPIDER_MODULE': 'zhilian_history.spiders'}
2017-06-03 09:04:08 [scrapy.middleware] INFO: Enabled extensions:
['scrapy.extensions.feedexport.FeedExporter',
 'scrapy.extensions.telnet.TelnetConsole',
 'scrapy.extensions.corestats.CoreStats',
 'scrapy.extensions.logstats.LogStats']
2017-06-03 09:04:08 [scrapy.middleware] INFO: Enabled downloader middlewares:
['zhilian_history.middlewares.RandomUserAgentMiddleware',
 'scrapy.downloadermiddlewares.httpauth.HttpAuthMiddleware',
 'zhilian_history.middlewares.ProxyMiddleware',
 'scrapy.downloadermiddlewares.downloadtimeout.DownloadTimeoutMiddleware',
 'scrapy.downloadermiddlewares.defaultheaders.DefaultHeadersMiddleware',
 'scrapy.downloadermiddlewares.useragent.UserAgentMiddleware',
 'scrapy.downloadermiddlewares.retry.RetryMiddleware',
 'scrapy.downloadermiddlewares.redirect.MetaRefreshMiddleware',
 'scrapy.downloadermiddlewares.redirect.RedirectMiddleware',
 'scrapy.downloadermiddlewares.httpcompression.HttpCompressionMiddleware',
 'scrapy.downloadermiddlewares.stats.DownloaderStats']
2017-06-03 09:04:08 [scrapy.middleware] INFO: Enabled spider middlewares:
['scrapy.spidermiddlewares.httperror.HttpErrorMiddleware',
 'scrapy_splash.SplashDeduplicateArgsMiddleware',
 'scrapy.spidermiddlewares.offsite.OffsiteMiddleware',
 'scrapy.spidermiddlewares.referer.RefererMiddleware',
 'scrapy.spidermiddlewares.urllength.UrlLengthMiddleware',
 'scrapy.spidermiddlewares.depth.DepthMiddleware']
2017-06-03 09:04:08 [scrapy.middleware] INFO: Enabled item pipelines:
['zhilian_history.pipelines.RemoveEmptyPipeline']
2017-06-03 09:04:08 [scrapy.core.engine] INFO: Spider opened
2017-06-03 09:04:08 [scrapy.extensions.logstats] INFO: Crawled 0 pages (at 0 pages/min), scraped 0 items (at 0 items/min)
2017-06-03 09:04:09 [scrapy.core.scraper] WARNING: Dropped: This Page Does Not Exist
{'zl_update_time': "'20170603'"}
2017-06-03 09:04:10 [scrapy.core.scraper] WARNING: Dropped: This Page Does Not Exist
{'zl_update_time': "'20170603'"}
2017-06-03 09:04:10 [scrapy.core.scraper] WARNING: Dropped: This Page Does Not Exist
{'zl_update_time': "'20170603'"}
2017-06-03 09:04:10 [scrapy.core.scraper] WARNING: Dropped: This Page Does Not Exist
{'zl_update_time': "'20170603'"}
2017-06-03 09:04:11 [scrapy.core.scraper] WARNING: Dropped: This Page Does Not Exist
{'zl_update_time': "'20170603'"}
2017-06-03 09:04:11 [scrapy.core.scraper] WARNING: Dropped: This Page Does Not Exist
{'zl_update_time': "'20170603'"}
2017-06-03 09:04:12 [scrapy.core.scraper] WARNING: Dropped: This Page Does Not Exist
{'zl_update_time': "'20170603'"}
2017-06-03 09:04:12 [scrapy.core.scraper] WARNING: Dropped: This Page Does Not Exist
{'zl_update_time': "'20170603'"}
2017-06-03 09:04:12 [scrapy.core.scraper] WARNING: Dropped: This Page Does Not Exist
{'zl_update_time': "'20170603'"}
2017-06-03 09:04:12 [scrapy.core.scraper] WARNING: Dropped: This Page Does Not Exist
{'zl_update_time': "'20170603'"}
2017-06-03 09:04:12 [scrapy.core.scraper] WARNING: Dropped: This Page Does Not Exist
{'zl_update_time': "'20170603'"}
2017-06-03 09:04:13 [scrapy.core.scraper] WARNING: Dropped: This Page Does Not Exist
{'zl_update_time': "'20170603'"}
2017-06-03 09:04:13 [scrapy.core.scraper] WARNING: Dropped: This Page Does Not Exist
{'zl_update_time': "'20170603'"}
2017-06-03 09:04:13 [scrapy.core.scraper] WARNING: Dropped: This Page Does Not Exist
{'zl_update_time': "'20170603'"}
2017-06-03 09:04:13 [scrapy.core.scraper] WARNING: Dropped: This Page Does Not Exist
{'zl_update_time': "'20170603'"}
2017-06-03 09:04:14 [scrapy.core.scraper] WARNING: Dropped: This Page Does Not Exist
{'zl_update_time': "'20170603'"}
2017-06-03 09:04:14 [scrapy.core.scraper] WARNING: Dropped: This Page Does Not Exist
{'zl_update_time': "'20170603'"}
2017-06-03 09:04:15 [scrapy.core.scraper] WARNING: Dropped: This Page Does Not Exist
{'zl_update_time': "'20170603'"}
2017-06-03 09:04:17 [scrapy.core.scraper] WARNING: Dropped: This Page Does Not Exist
{'zl_update_time': "'20170603'"}
2017-06-03 09:04:17 [scrapy.core.scraper] WARNING: Dropped: This Page Does Not Exist
{'zl_update_time': "'20170603'"}
2017-06-03 09:04:18 [scrapy.core.scraper] WARNING: Dropped: This Page Does Not Exist
{'zl_update_time': "'20170603'"}
2017-06-03 09:04:19 [scrapy.core.scraper] WARNING: Dropped: This Page Does Not Exist
{'zl_update_time': "'20170603'"}
2017-06-03 09:04:19 [scrapy.core.scraper] WARNING: Dropped: This Page Does Not Exist
{'zl_update_time': "'20170603'"}
2017-06-03 09:04:19 [scrapy.core.scraper] WARNING: Dropped: This Page Does Not Exist
{'zl_update_time': "'20170603'"}
2017-06-03 09:04:20 [scrapy.core.scraper] WARNING: Dropped: This Page Does Not Exist
{'zl_update_time': "'20170603'"}
2017-06-03 09:04:21 [scrapy.core.scraper] WARNING: Dropped: This Page Does Not Exist
{'zl_update_time': "'20170603'"}
2017-06-03 09:04:21 [scrapy.core.scraper] WARNING: Dropped: This Page Does Not Exist
{'zl_update_time': "'20170603'"}
2017-06-03 09:04:22 [scrapy.core.scraper] WARNING: Dropped: This Page Does Not Exist
{'zl_update_time': "'20170603'"}
2017-06-03 09:04:23 [scrapy.core.scraper] WARNING: Dropped: This Page Does Not Exist
{'zl_update_time': "'20170603'"}
2017-06-03 09:04:23 [scrapy.core.scraper] WARNING: Dropped: This Page Does Not Exist
{'zl_update_time': "'20170603'"}
2017-06-03 09:04:23 [scrapy.core.scraper] WARNING: Dropped: This Page Does Not Exist
{'zl_update_time': "'20170603'"}
2017-06-03 09:04:23 [scrapy.core.scraper] WARNING: Dropped: This Page Does Not Exist
{'zl_update_time': "'20170603'"}
2017-06-03 09:04:24 [scrapy.core.scraper] WARNING: Dropped: This Page Does Not Exist
{'zl_update_time': "'20170603'"}
2017-06-03 09:04:24 [scrapy.core.scraper] WARNING: Dropped: This Page Does Not Exist
{'zl_update_time': "'20170603'"}
2017-06-03 09:04:25 [scrapy.core.scraper] WARNING: Dropped: This Page Does Not Exist
{'zl_update_time': "'20170603'"}
2017-06-03 09:04:26 [scrapy.core.scraper] WARNING: Dropped: This Page Does Not Exist
{'zl_update_time': "'20170603'"}
2017-06-03 09:04:29 [scrapy.core.scraper] WARNING: Dropped: This Page Does Not Exist
{'zl_update_time': "'20170603'"}
2017-06-03 09:04:29 [scrapy.core.scraper] WARNING: Dropped: This Page Does Not Exist
{'zl_update_time': "'20170603'"}
2017-06-03 09:04:30 [scrapy.core.scraper] WARNING: Dropped: This Page Does Not Exist
{'zl_update_time': "'20170603'"}
2017-06-03 09:04:30 [scrapy.core.scraper] WARNING: Dropped: This Page Does Not Exist
{'zl_update_time': "'20170603'"}
2017-06-03 09:04:31 [scrapy.core.scraper] WARNING: Dropped: This Page Does Not Exist
{'zl_update_time': "'20170603'"}
2017-06-03 09:04:31 [scrapy.core.scraper] WARNING: Dropped: This Page Does Not Exist
{'zl_update_time': "'20170603'"}
2017-06-03 09:04:32 [scrapy.core.scraper] WARNING: Dropped: This Page Does Not Exist
{'zl_update_time': "'20170603'"}
2017-06-03 09:04:33 [scrapy.core.scraper] WARNING: Dropped: This Page Does Not Exist
{'zl_update_time': "'20170603'"}
2017-06-03 09:04:34 [scrapy.core.scraper] WARNING: Dropped: This Page Does Not Exist
{'zl_update_time': "'20170603'"}
2017-06-03 09:04:35 [scrapy.core.scraper] WARNING: Dropped: This Page Does Not Exist
{'zl_update_time': "'20170603'"}
2017-06-03 09:04:35 [scrapy.core.scraper] WARNING: Dropped: This Page Does Not Exist
{'zl_update_time': "'20170603'"}
2017-06-03 09:04:35 [scrapy.core.scraper] WARNING: Dropped: This Page Does Not Exist
{'zl_update_time': "'20170603'"}
2017-06-03 09:04:35 [scrapy.core.scraper] WARNING: Dropped: This Page Does Not Exist
{'zl_update_time': "'20170603'"}
2017-06-03 09:04:35 [scrapy.core.scraper] WARNING: Dropped: This Page Does Not Exist
{'zl_update_time': "'20170603'"}
2017-06-03 09:04:36 [scrapy.core.scraper] WARNING: Dropped: This Page Does Not Exist
{'zl_update_time': "'20170603'"}
2017-06-03 09:04:36 [scrapy.core.scraper] WARNING: Dropped: This Page Does Not Exist
{'zl_update_time': "'20170603'"}
2017-06-03 09:04:36 [scrapy.core.scraper] WARNING: Dropped: This Page Does Not Exist
{'zl_update_time': "'20170603'"}
2017-06-03 09:04:37 [scrapy.core.scraper] WARNING: Dropped: This Page Does Not Exist
{'zl_update_time': "'20170603'"}
2017-06-03 09:04:37 [scrapy.core.scraper] WARNING: Dropped: This Page Does Not Exist
{'zl_update_time': "'20170603'"}
2017-06-03 09:04:37 [scrapy.core.scraper] WARNING: Dropped: This Page Does Not Exist
{'zl_update_time': "'20170603'"}
2017-06-03 09:04:37 [scrapy.core.scraper] WARNING: Dropped: This Page Does Not Exist
{'zl_update_time': "'20170603'"}
2017-06-03 09:04:37 [scrapy.core.scraper] WARNING: Dropped: This Page Does Not Exist
{'zl_update_time': "'20170603'"}
2017-06-03 09:04:38 [scrapy.core.scraper] WARNING: Dropped: This Page Does Not Exist
{'zl_update_time': "'20170603'"}
2017-06-03 09:04:38 [scrapy.core.scraper] WARNING: Dropped: This Page Does Not Exist
{'zl_update_time': "'20170603'"}
2017-06-03 09:04:38 [scrapy.core.scraper] WARNING: Dropped: This Page Does Not Exist
{'zl_update_time': "'20170603'"}
2017-06-03 09:04:38 [scrapy.core.scraper] WARNING: Dropped: This Page Does Not Exist
{'zl_update_time': "'20170603'"}
2017-06-03 09:04:38 [scrapy.core.scraper] WARNING: Dropped: This Page Does Not Exist
{'zl_update_time': "'20170603'"}
2017-06-03 09:04:39 [scrapy.core.scraper] WARNING: Dropped: This Page Does Not Exist
{'zl_update_time': "'20170603'"}
2017-06-03 09:04:39 [scrapy.core.scraper] WARNING: Dropped: This Page Does Not Exist
{'zl_update_time': "'20170603'"}
2017-06-03 09:04:40 [scrapy.core.scraper] WARNING: Dropped: This Page Does Not Exist
{'zl_update_time': "'20170603'"}
2017-06-03 09:04:41 [scrapy.core.scraper] WARNING: Dropped: This Page Does Not Exist
{'zl_update_time': "'20170603'"}
2017-06-03 09:04:41 [scrapy.core.scraper] WARNING: Dropped: This Page Does Not Exist
{'zl_update_time': "'20170603'"}
2017-06-03 09:04:41 [scrapy.core.scraper] WARNING: Dropped: This Page Does Not Exist
{'zl_update_time': "'20170603'"}
2017-06-03 09:04:41 [scrapy.core.scraper] WARNING: Dropped: This Page Does Not Exist
{'zl_update_time': "'20170603'"}
2017-06-03 09:05:08 [scrapy.extensions.logstats] INFO: Crawled 75 pages (at 75 pages/min), scraped 5 items (at 5 items/min)
2017-06-03 09:06:08 [scrapy.extensions.logstats] INFO: Crawled 75 pages (at 0 pages/min), scraped 5 items (at 0 items/min)
2017-06-03 09:06:13 [scrapy.core.scraper] WARNING: Dropped: This Page Does Not Exist
{'zl_update_time': "'20170603'"}
2017-06-03 09:06:19 [scrapy.core.scraper] WARNING: Dropped: This Page Does Not Exist
{'zl_update_time': "'20170603'"}
2017-06-03 09:06:23 [scrapy.core.scraper] WARNING: Dropped: This Page Does Not Exist
{'zl_update_time': "'20170603'"}
2017-06-03 09:06:26 [scrapy.core.scraper] WARNING: Dropped: This Page Does Not Exist
{'zl_update_time': "'20170603'"}
2017-06-03 09:06:32 [scrapy.core.scraper] WARNING: Dropped: This Page Does Not Exist
{'zl_update_time': "'20170603'"}
2017-06-03 09:06:40 [scrapy.core.scraper] WARNING: Dropped: This Page Does Not Exist
{'zl_update_time': "'20170603'"}
2017-06-03 09:06:49 [scrapy.core.scraper] WARNING: Dropped: This Page Does Not Exist
{'zl_update_time': "'20170603'"}
2017-06-03 09:06:57 [scrapy.core.scraper] WARNING: Dropped: This Page Does Not Exist
{'zl_update_time': "'20170603'"}
2017-06-03 09:06:57 [scrapy.core.scraper] WARNING: Dropped: This Page Does Not Exist
{'zl_update_time': "'20170603'"}
2017-06-03 09:06:58 [scrapy.core.scraper] WARNING: Dropped: This Page Does Not Exist
{'zl_update_time': "'20170603'"}
2017-06-03 09:07:00 [scrapy.core.scraper] WARNING: Dropped: This Page Does Not Exist
{'zl_update_time': "'20170603'"}
2017-06-03 09:07:01 [scrapy.core.scraper] WARNING: Dropped: This Page Does Not Exist
{'zl_update_time': "'20170603'"}
2017-06-03 09:07:03 [scrapy.core.scraper] WARNING: Dropped: This Page Does Not Exist
{'zl_update_time': "'20170603'"}
2017-06-03 09:07:08 [scrapy.extensions.logstats] INFO: Crawled 90 pages (at 15 pages/min), scraped 7 items (at 2 items/min)
2017-06-03 09:07:10 [scrapy.core.scraper] WARNING: Dropped: This Page Does Not Exist
{'zl_update_time': "'20170603'"}
2017-06-03 09:07:43 [scrapy.core.scraper] WARNING: Dropped: This Page Does Not Exist
{'zl_update_time': "'20170603'"}
2017-06-03 09:07:43 [scrapy.core.scraper] WARNING: Dropped: This Page Does Not Exist
{'zl_update_time': "'20170603'"}
2017-06-03 09:07:44 [scrapy.core.scraper] WARNING: Dropped: This Page Does Not Exist
{'zl_update_time': "'20170603'"}
2017-06-03 09:07:44 [scrapy.core.scraper] WARNING: Dropped: This Page Does Not Exist
{'zl_update_time': "'20170603'"}
2017-06-03 09:07:44 [scrapy.core.scraper] WARNING: Dropped: This Page Does Not Exist
{'zl_update_time': "'20170603'"}
2017-06-03 09:07:44 [scrapy.core.scraper] WARNING: Dropped: This Page Does Not Exist
{'zl_update_time': "'20170603'"}
2017-06-03 09:07:45 [scrapy.core.scraper] WARNING: Dropped: This Page Does Not Exist
{'zl_update_time': "'20170603'"}
2017-06-03 09:07:45 [scrapy.core.scraper] WARNING: Dropped: This Page Does Not Exist
{'zl_update_time': "'20170603'"}
2017-06-03 09:07:45 [scrapy.core.scraper] WARNING: Dropped: This Page Does Not Exist
{'zl_update_time': "'20170603'"}
2017-06-03 09:07:45 [scrapy.core.scraper] WARNING: Dropped: This Page Does Not Exist
{'zl_update_time': "'20170603'"}
2017-06-03 09:07:45 [scrapy.core.scraper] WARNING: Dropped: This Page Does Not Exist
{'zl_update_time': "'20170603'"}
2017-06-03 09:07:46 [scrapy.core.scraper] WARNING: Dropped: This Page Does Not Exist
{'zl_update_time': "'20170603'"}
2017-06-03 09:07:47 [scrapy.core.scraper] WARNING: Dropped: This Page Does Not Exist
{'zl_update_time': "'20170603'"}
2017-06-03 09:07:47 [scrapy.core.scraper] WARNING: Dropped: This Page Does Not Exist
{'zl_update_time': "'20170603'"}
2017-06-03 09:07:49 [scrapy.core.scraper] WARNING: Dropped: This Page Does Not Exist
{'zl_update_time': "'20170603'"}
2017-06-03 09:07:49 [scrapy.core.scraper] WARNING: Dropped: This Page Does Not Exist
{'zl_update_time': "'20170603'"}
2017-06-03 09:07:49 [scrapy.core.scraper] WARNING: Dropped: This Page Does Not Exist
{'zl_update_time': "'20170603'"}
2017-06-03 09:07:49 [scrapy.core.scraper] WARNING: Dropped: This Page Does Not Exist
{'zl_update_time': "'20170603'"}
2017-06-03 09:07:49 [scrapy.core.scraper] WARNING: Dropped: This Page Does Not Exist
{'zl_update_time': "'20170603'"}
2017-06-03 09:07:50 [scrapy.core.scraper] WARNING: Dropped: This Page Does Not Exist
{'zl_update_time': "'20170603'"}
2017-06-03 09:07:50 [scrapy.core.scraper] WARNING: Dropped: This Page Does Not Exist
{'zl_update_time': "'20170603'"}
2017-06-03 09:07:51 [scrapy.core.scraper] WARNING: Dropped: This Page Does Not Exist
{'zl_update_time': "'20170603'"}
2017-06-03 09:07:51 [scrapy.core.scraper] WARNING: Dropped: This Page Does Not Exist
{'zl_update_time': "'20170603'"}
2017-06-03 09:07:51 [scrapy.core.scraper] WARNING: Dropped: This Page Does Not Exist
{'zl_update_time': "'20170603'"}
2017-06-03 09:07:53 [scrapy.core.scraper] WARNING: Dropped: This Page Does Not Exist
{'zl_update_time': "'20170603'"}
2017-06-03 09:07:56 [scrapy.core.scraper] WARNING: Dropped: This Page Does Not Exist
{'zl_update_time': "'20170603'"}
2017-06-03 09:07:56 [scrapy.core.scraper] WARNING: Dropped: This Page Does Not Exist
{'zl_update_time': "'20170603'"}
2017-06-03 09:07:57 [scrapy.core.scraper] WARNING: Dropped: This Page Does Not Exist
{'zl_update_time': "'20170603'"}
2017-06-03 09:07:57 [scrapy.core.scraper] WARNING: Dropped: This Page Does Not Exist
{'zl_update_time': "'20170603'"}
2017-06-03 09:07:58 [scrapy.core.scraper] WARNING: Dropped: This Page Does Not Exist
{'zl_update_time': "'20170603'"}
2017-06-03 09:07:58 [scrapy.core.scraper] WARNING: Dropped: This Page Does Not Exist
{'zl_update_time': "'20170603'"}
2017-06-03 09:07:58 [scrapy.core.scraper] WARNING: Dropped: This Page Does Not Exist
{'zl_update_time': "'20170603'"}
2017-06-03 09:07:58 [scrapy.core.scraper] WARNING: Dropped: This Page Does Not Exist
{'zl_update_time': "'20170603'"}
2017-06-03 09:07:59 [scrapy.core.scraper] WARNING: Dropped: This Page Does Not Exist
{'zl_update_time': "'20170603'"}
2017-06-03 09:07:59 [scrapy.core.scraper] WARNING: Dropped: This Page Does Not Exist
{'zl_update_time': "'20170603'"}
2017-06-03 09:08:00 [scrapy.core.scraper] WARNING: Dropped: This Page Does Not Exist
{'zl_update_time': "'20170603'"}
2017-06-03 09:08:00 [scrapy.core.scraper] WARNING: Dropped: This Page Does Not Exist
{'zl_update_time': "'20170603'"}
2017-06-03 09:08:02 [scrapy.core.scraper] WARNING: Dropped: This Page Does Not Exist
{'zl_update_time': "'20170603'"}
2017-06-03 09:08:02 [scrapy.core.scraper] WARNING: Dropped: This Page Does Not Exist
{'zl_update_time': "'20170603'"}
2017-06-03 09:08:05 [scrapy.core.scraper] WARNING: Dropped: This Page Does Not Exist
{'zl_update_time': "'20170603'"}
2017-06-03 09:08:06 [scrapy.core.scraper] WARNING: Dropped: This Page Does Not Exist
{'zl_update_time': "'20170603'"}
2017-06-03 09:08:06 [scrapy.core.scraper] WARNING: Dropped: This Page Does Not Exist
{'zl_update_time': "'20170603'"}
2017-06-03 09:08:07 [scrapy.core.scraper] WARNING: Dropped: This Page Does Not Exist
{'zl_update_time': "'20170603'"}
2017-06-03 09:08:07 [scrapy.core.scraper] WARNING: Dropped: This Page Does Not Exist
{'zl_update_time': "'20170603'"}
2017-06-03 09:08:07 [scrapy.core.scraper] WARNING: Dropped: This Page Does Not Exist
{'zl_update_time': "'20170603'"}
2017-06-03 09:08:07 [scrapy.core.scraper] WARNING: Dropped: This Page Does Not Exist
{'zl_update_time': "'20170603'"}
2017-06-03 09:08:08 [scrapy.core.scraper] WARNING: Dropped: This Page Does Not Exist
{'zl_update_time': "'20170603'"}
2017-06-03 09:08:08 [scrapy.core.scraper] WARNING: Dropped: This Page Does Not Exist
{'zl_update_time': "'20170603'"}
2017-06-03 09:08:08 [scrapy.core.scraper] WARNING: Dropped: This Page Does Not Exist
{'zl_update_time': "'20170603'"}
2017-06-03 09:08:08 [scrapy.core.scraper] WARNING: Dropped: This Page Does Not Exist
{'zl_update_time': "'20170603'"}
2017-06-03 09:08:08 [scrapy.extensions.logstats] INFO: Crawled 144 pages (at 54 pages/min), scraped 10 items (at 3 items/min)
2017-06-03 09:08:10 [scrapy.core.scraper] WARNING: Dropped: This Page Does Not Exist
{'zl_update_time': "'20170603'"}
2017-06-03 09:08:10 [scrapy.core.scraper] WARNING: Dropped: This Page Does Not Exist
{'zl_update_time': "'20170603'"}
2017-06-03 09:08:11 [scrapy.core.scraper] WARNING: Dropped: This Page Does Not Exist
{'zl_update_time': "'20170603'"}
2017-06-03 09:08:12 [scrapy.core.scraper] WARNING: Dropped: This Page Does Not Exist
{'zl_update_time': "'20170603'"}
2017-06-03 09:08:14 [scrapy.core.scraper] WARNING: Dropped: This Page Does Not Exist
{'zl_update_time': "'20170603'"}
2017-06-03 09:08:14 [scrapy.core.scraper] WARNING: Dropped: This Page Does Not Exist
{'zl_update_time': "'20170603'"}
2017-06-03 09:08:15 [scrapy.core.scraper] WARNING: Dropped: This Page Does Not Exist
{'zl_update_time': "'20170603'"}
2017-06-03 09:08:15 [scrapy.core.scraper] WARNING: Dropped: This Page Does Not Exist
{'zl_update_time': "'20170603'"}
2017-06-03 09:08:15 [scrapy.core.scraper] WARNING: Dropped: This Page Does Not Exist
{'zl_update_time': "'20170603'"}
2017-06-03 09:08:16 [scrapy.core.scraper] WARNING: Dropped: This Page Does Not Exist
{'zl_update_time': "'20170603'"}
2017-06-03 09:08:16 [scrapy.core.scraper] WARNING: Dropped: This Page Does Not Exist
{'zl_update_time': "'20170603'"}
2017-06-03 09:08:17 [scrapy.core.scraper] WARNING: Dropped: This Page Does Not Exist
{'zl_update_time': "'20170603'"}
2017-06-03 09:08:18 [scrapy.core.scraper] WARNING: Dropped: This Page Does Not Exist
{'zl_update_time': "'20170603'"}
2017-06-03 09:08:18 [scrapy.core.scraper] WARNING: Dropped: This Page Does Not Exist
{'zl_update_time': "'20170603'"}
2017-06-03 09:08:18 [scrapy.core.scraper] WARNING: Dropped: This Page Does Not Exist
{'zl_update_time': "'20170603'"}
2017-06-03 09:08:19 [scrapy.core.scraper] WARNING: Dropped: This Page Does Not Exist
{'zl_update_time': "'20170603'"}
2017-06-03 09:08:19 [scrapy.core.scraper] WARNING: Dropped: This Page Does Not Exist
{'zl_update_time': "'20170603'"}
2017-06-03 09:08:19 [scrapy.core.scraper] WARNING: Dropped: This Page Does Not Exist
{'zl_update_time': "'20170603'"}
2017-06-03 09:08:20 [scrapy.core.scraper] WARNING: Dropped: This Page Does Not Exist
{'zl_update_time': "'20170603'"}
2017-06-03 09:08:21 [scrapy.core.scraper] WARNING: Dropped: This Page Does Not Exist
{'zl_update_time': "'20170603'"}
2017-06-03 09:08:21 [scrapy.core.scraper] WARNING: Dropped: This Page Does Not Exist
{'zl_update_time': "'20170603'"}
2017-06-03 09:08:21 [scrapy.core.scraper] WARNING: Dropped: This Page Does Not Exist
{'zl_update_time': "'20170603'"}
2017-06-03 09:08:22 [scrapy.core.scraper] WARNING: Dropped: This Page Does Not Exist
{'zl_update_time': "'20170603'"}
2017-06-03 09:08:22 [scrapy.core.scraper] WARNING: Dropped: This Page Does Not Exist
{'zl_update_time': "'20170603'"}
2017-06-03 09:08:23 [scrapy.core.scraper] WARNING: Dropped: This Page Does Not Exist
{'zl_update_time': "'20170603'"}
2017-06-03 09:08:23 [scrapy.core.scraper] WARNING: Dropped: This Page Does Not Exist
{'zl_update_time': "'20170603'"}
2017-06-03 09:08:26 [scrapy.core.scraper] WARNING: Dropped: This Page Does Not Exist
{'zl_update_time': "'20170603'"}
2017-06-03 09:08:26 [scrapy.core.scraper] WARNING: Dropped: This Page Does Not Exist
{'zl_update_time': "'20170603'"}
2017-06-03 09:08:26 [scrapy.core.scraper] WARNING: Dropped: This Page Does Not Exist
{'zl_update_time': "'20170603'"}
2017-06-03 09:08:26 [scrapy.core.scraper] WARNING: Dropped: This Page Does Not Exist
{'zl_update_time': "'20170603'"}
2017-06-03 09:08:27 [scrapy.core.scraper] WARNING: Dropped: This Page Does Not Exist
{'zl_update_time': "'20170603'"}
2017-06-03 09:08:27 [scrapy.core.scraper] WARNING: Dropped: This Page Does Not Exist
{'zl_update_time': "'20170603'"}
2017-06-03 09:08:28 [scrapy.core.scraper] WARNING: Dropped: This Page Does Not Exist
{'zl_update_time': "'20170603'"}
2017-06-03 09:08:28 [scrapy.core.scraper] WARNING: Dropped: This Page Does Not Exist
{'zl_update_time': "'20170603'"}
2017-06-03 09:08:29 [scrapy.core.scraper] WARNING: Dropped: This Page Does Not Exist
{'zl_update_time': "'20170603'"}
2017-06-03 09:08:30 [scrapy.core.scraper] WARNING: Dropped: This Page Does Not Exist
{'zl_update_time': "'20170603'"}
2017-06-03 09:08:32 [scrapy.core.scraper] WARNING: Dropped: This Page Does Not Exist
{'zl_update_time': "'20170603'"}
2017-06-03 09:08:33 [scrapy.core.scraper] WARNING: Dropped: This Page Does Not Exist
{'zl_update_time': "'20170603'"}
2017-06-03 09:08:33 [scrapy.core.scraper] WARNING: Dropped: This Page Does Not Exist
{'zl_update_time': "'20170603'"}
2017-06-03 09:08:33 [scrapy.core.scraper] WARNING: Dropped: This Page Does Not Exist
{'zl_update_time': "'20170603'"}
2017-06-03 09:08:36 [scrapy.core.scraper] WARNING: Dropped: This Page Does Not Exist
{'zl_update_time': "'20170603'"}
2017-06-03 09:08:37 [scrapy.core.scraper] WARNING: Dropped: This Page Does Not Exist
{'zl_update_time': "'20170603'"}
2017-06-03 09:08:38 [scrapy.core.scraper] WARNING: Dropped: This Page Does Not Exist
{'zl_update_time': "'20170603'"}
2017-06-03 09:08:39 [scrapy.core.scraper] WARNING: Dropped: This Page Does Not Exist
{'zl_update_time': "'20170603'"}
2017-06-03 09:08:41 [scrapy.core.scraper] WARNING: Dropped: This Page Does Not Exist
{'zl_update_time': "'20170603'"}
2017-06-03 09:08:41 [scrapy.core.scraper] WARNING: Dropped: This Page Does Not Exist
{'zl_update_time': "'20170603'"}
2017-06-03 09:08:44 [scrapy.core.scraper] WARNING: Dropped: This Page Does Not Exist
{'zl_update_time': "'20170603'"}
2017-06-03 09:08:45 [scrapy.core.scraper] WARNING: Dropped: This Page Does Not Exist
{'zl_update_time': "'20170603'"}
2017-06-03 09:08:46 [scrapy.core.scraper] WARNING: Dropped: This Page Does Not Exist
{'zl_update_time': "'20170603'"}
2017-06-03 09:08:47 [scrapy.core.scraper] WARNING: Dropped: This Page Does Not Exist
{'zl_update_time': "'20170603'"}
2017-06-03 09:08:49 [scrapy.core.scraper] WARNING: Dropped: This Page Does Not Exist
{'zl_update_time': "'20170603'"}
2017-06-03 09:08:49 [scrapy.core.scraper] WARNING: Dropped: This Page Does Not Exist
{'zl_update_time': "'20170603'"}
2017-06-03 09:08:52 [scrapy.core.scraper] WARNING: Dropped: This Page Does Not Exist
{'zl_update_time': "'20170603'"}
2017-06-03 09:08:53 [scrapy.core.scraper] WARNING: Dropped: This Page Does Not Exist
{'zl_update_time': "'20170603'"}
2017-06-03 09:08:54 [scrapy.core.scraper] WARNING: Dropped: This Page Does Not Exist
{'zl_update_time': "'20170603'"}
2017-06-03 09:08:55 [scrapy.core.scraper] WARNING: Dropped: This Page Does Not Exist
{'zl_update_time': "'20170603'"}
2017-06-03 09:08:55 [scrapy.core.scraper] WARNING: Dropped: This Page Does Not Exist
{'zl_update_time': "'20170603'"}
2017-06-03 09:08:57 [scrapy.core.scraper] WARNING: Dropped: This Page Does Not Exist
{'zl_update_time': "'20170603'"}
2017-06-03 09:09:00 [scrapy.core.scraper] WARNING: Dropped: This Page Does Not Exist
{'zl_update_time': "'20170603'"}
2017-06-03 09:09:00 [scrapy.core.scraper] WARNING: Dropped: This Page Does Not Exist
{'zl_update_time': "'20170603'"}
2017-06-03 09:09:01 [scrapy.core.scraper] WARNING: Dropped: This Page Does Not Exist
{'zl_update_time': "'20170603'"}
2017-06-03 09:09:03 [scrapy.core.scraper] WARNING: Dropped: This Page Does Not Exist
{'zl_update_time': "'20170603'"}
2017-06-03 09:09:03 [scrapy.core.scraper] WARNING: Dropped: This Page Does Not Exist
{'zl_update_time': "'20170603'"}
2017-06-03 09:09:03 [scrapy.core.scraper] WARNING: Dropped: This Page Does Not Exist
{'zl_update_time': "'20170603'"}
2017-06-03 09:09:04 [scrapy.core.scraper] WARNING: Dropped: This Page Does Not Exist
{'zl_update_time': "'20170603'"}
2017-06-03 09:09:04 [scrapy.core.scraper] WARNING: Dropped: This Page Does Not Exist
{'zl_update_time': "'20170603'"}
2017-06-03 09:09:04 [scrapy.core.scraper] WARNING: Dropped: This Page Does Not Exist
{'zl_update_time': "'20170603'"}
2017-06-03 09:09:04 [scrapy.core.scraper] WARNING: Dropped: This Page Does Not Exist
{'zl_update_time': "'20170603'"}
2017-06-03 09:09:04 [scrapy.core.scraper] WARNING: Dropped: This Page Does Not Exist
{'zl_update_time': "'20170603'"}
2017-06-03 09:09:05 [scrapy.core.scraper] WARNING: Dropped: This Page Does Not Exist
{'zl_update_time': "'20170603'"}
2017-06-03 09:09:05 [scrapy.core.scraper] WARNING: Dropped: This Page Does Not Exist
{'zl_update_time': "'20170603'"}
2017-06-03 09:09:05 [scrapy.core.scraper] WARNING: Dropped: This Page Does Not Exist
{'zl_update_time': "'20170603'"}
2017-06-03 09:09:07 [scrapy.core.scraper] WARNING: Dropped: This Page Does Not Exist
{'zl_update_time': "'20170603'"}
2017-06-03 09:09:07 [scrapy.core.scraper] WARNING: Dropped: This Page Does Not Exist
{'zl_update_time': "'20170603'"}
2017-06-03 09:09:08 [scrapy.core.scraper] WARNING: Dropped: This Page Does Not Exist
{'zl_update_time': "'20170603'"}
2017-06-03 09:09:08 [scrapy.extensions.logstats] INFO: Crawled 227 pages (at 83 pages/min), scraped 17 items (at 7 items/min)
2017-06-03 09:09:08 [scrapy.core.scraper] WARNING: Dropped: This Page Does Not Exist
{'zl_update_time': "'20170603'"}
2017-06-03 09:09:09 [scrapy.core.scraper] WARNING: Dropped: This Page Does Not Exist
{'zl_update_time': "'20170603'"}
2017-06-03 09:09:09 [scrapy.core.scraper] WARNING: Dropped: This Page Does Not Exist
{'zl_update_time': "'20170603'"}
2017-06-03 09:09:09 [scrapy.core.scraper] WARNING: Dropped: This Page Does Not Exist
{'zl_update_time': "'20170603'"}
2017-06-03 09:09:09 [scrapy.core.scraper] WARNING: Dropped: This Page Does Not Exist
{'zl_update_time': "'20170603'"}
2017-06-03 09:09:10 [scrapy.core.scraper] WARNING: Dropped: This Page Does Not Exist
{'zl_update_time': "'20170603'"}
2017-06-03 09:09:11 [scrapy.core.scraper] WARNING: Dropped: This Page Does Not Exist
{'zl_update_time': "'20170603'"}
2017-06-03 09:09:11 [scrapy.core.scraper] WARNING: Dropped: This Page Does Not Exist
{'zl_update_time': "'20170603'"}
2017-06-03 09:09:11 [scrapy.core.scraper] WARNING: Dropped: This Page Does Not Exist
{'zl_update_time': "'20170603'"}
2017-06-03 09:09:13 [scrapy.core.scraper] WARNING: Dropped: This Page Does Not Exist
{'zl_update_time': "'20170603'"}
2017-06-03 09:09:13 [scrapy.core.scraper] WARNING: Dropped: This Page Does Not Exist
{'zl_update_time': "'20170603'"}
2017-06-03 09:09:13 [scrapy.core.scraper] WARNING: Dropped: This Page Does Not Exist
{'zl_update_time': "'20170603'"}
2017-06-03 09:09:14 [scrapy.core.scraper] WARNING: Dropped: This Page Does Not Exist
{'zl_update_time': "'20170603'"}
2017-06-03 09:09:15 [scrapy.core.scraper] WARNING: Dropped: This Page Does Not Exist
{'zl_update_time': "'20170603'"}
2017-06-03 09:09:15 [scrapy.core.scraper] WARNING: Dropped: This Page Does Not Exist
{'zl_update_time': "'20170603'"}
2017-06-03 09:09:15 [scrapy.core.scraper] WARNING: Dropped: This Page Does Not Exist
{'zl_update_time': "'20170603'"}
2017-06-03 09:09:15 [scrapy.core.scraper] WARNING: Dropped: This Page Does Not Exist
{'zl_update_time': "'20170603'"}
2017-06-03 09:09:16 [scrapy.core.scraper] WARNING: Dropped: This Page Does Not Exist
{'zl_update_time': "'20170603'"}
2017-06-03 09:09:16 [scrapy.core.scraper] WARNING: Dropped: This Page Does Not Exist
{'zl_update_time': "'20170603'"}
2017-06-03 09:09:16 [scrapy.core.scraper] WARNING: Dropped: This Page Does Not Exist
{'zl_update_time': "'20170603'"}
2017-06-03 09:09:16 [scrapy.core.scraper] WARNING: Dropped: This Page Does Not Exist
{'zl_update_time': "'20170603'"}
2017-06-03 09:09:19 [scrapy.core.scraper] WARNING: Dropped: This Page Does Not Exist
{'zl_update_time': "'20170603'"}
2017-06-03 09:09:19 [scrapy.core.scraper] WARNING: Dropped: This Page Does Not Exist
{'zl_update_time': "'20170603'"}
2017-06-03 09:09:20 [scrapy.core.scraper] WARNING: Dropped: This Page Does Not Exist
{'zl_update_time': "'20170603'"}
2017-06-03 09:09:20 [scrapy.core.scraper] WARNING: Dropped: This Page Does Not Exist
{'zl_update_time': "'20170603'"}
2017-06-03 09:09:21 [scrapy.core.scraper] WARNING: Dropped: This Page Does Not Exist
{'zl_update_time': "'20170603'"}
2017-06-03 09:09:21 [scrapy.core.scraper] WARNING: Dropped: This Page Does Not Exist
{'zl_update_time': "'20170603'"}
2017-06-03 09:09:21 [scrapy.core.scraper] WARNING: Dropped: This Page Does Not Exist
{'zl_update_time': "'20170603'"}
2017-06-03 09:09:21 [scrapy.core.scraper] WARNING: Dropped: This Page Does Not Exist
{'zl_update_time': "'20170603'"}
2017-06-03 09:09:21 [scrapy.core.scraper] WARNING: Dropped: This Page Does Not Exist
{'zl_update_time': "'20170603'"}
2017-06-03 09:09:22 [scrapy.core.scraper] WARNING: Dropped: This Page Does Not Exist
{'zl_update_time': "'20170603'"}
2017-06-03 09:09:22 [scrapy.core.scraper] WARNING: Dropped: This Page Does Not Exist
{'zl_update_time': "'20170603'"}
2017-06-03 09:09:22 [scrapy.core.scraper] WARNING: Dropped: This Page Does Not Exist
{'zl_update_time': "'20170603'"}
2017-06-03 09:09:22 [scrapy.core.scraper] WARNING: Dropped: This Page Does Not Exist
{'zl_update_time': "'20170603'"}
2017-06-03 09:09:23 [scrapy.core.scraper] WARNING: Dropped: This Page Does Not Exist
{'zl_update_time': "'20170603'"}
2017-06-03 09:09:23 [scrapy.core.scraper] WARNING: Dropped: This Page Does Not Exist
{'zl_update_time': "'20170603'"}
2017-06-03 09:09:23 [scrapy.core.scraper] WARNING: Dropped: This Page Does Not Exist
{'zl_update_time': "'20170603'"}
2017-06-03 09:09:24 [scrapy.core.scraper] WARNING: Dropped: This Page Does Not Exist
{'zl_update_time': "'20170603'"}
2017-06-03 09:09:25 [scrapy.core.scraper] WARNING: Dropped: This Page Does Not Exist
{'zl_update_time': "'20170603'"}
2017-06-03 09:09:25 [scrapy.core.scraper] WARNING: Dropped: This Page Does Not Exist
{'zl_update_time': "'20170603'"}
2017-06-03 09:09:25 [scrapy.core.scraper] WARNING: Dropped: This Page Does Not Exist
{'zl_update_time': "'20170603'"}
2017-06-03 09:09:25 [scrapy.core.scraper] WARNING: Dropped: This Page Does Not Exist
{'zl_update_time': "'20170603'"}
2017-06-03 09:09:26 [scrapy.core.scraper] WARNING: Dropped: This Page Does Not Exist
{'zl_update_time': "'20170603'"}
2017-06-03 09:09:26 [scrapy.core.scraper] WARNING: Dropped: This Page Does Not Exist
{'zl_update_time': "'20170603'"}
2017-06-03 09:09:29 [scrapy.core.scraper] WARNING: Dropped: This Page Does Not Exist
{'zl_update_time': "'20170603'"}
2017-06-03 09:09:29 [scrapy.core.scraper] WARNING: Dropped: This Page Does Not Exist
{'zl_update_time': "'20170603'"}
2017-06-03 09:09:30 [scrapy.core.scraper] WARNING: Dropped: This Page Does Not Exist
{'zl_update_time': "'20170603'"}
2017-06-03 09:09:31 [scrapy.core.scraper] WARNING: Dropped: This Page Does Not Exist
{'zl_update_time': "'20170603'"}
2017-06-03 09:09:31 [scrapy.core.scraper] WARNING: Dropped: This Page Does Not Exist
{'zl_update_time': "'20170603'"}
2017-06-03 09:09:31 [scrapy.core.scraper] WARNING: Dropped: This Page Does Not Exist
{'zl_update_time': "'20170603'"}
2017-06-03 09:09:32 [scrapy.core.scraper] WARNING: Dropped: This Page Does Not Exist
{'zl_update_time': "'20170603'"}
2017-06-03 09:09:33 [scrapy.core.scraper] WARNING: Dropped: This Page Does Not Exist
{'zl_update_time': "'20170603'"}
2017-06-03 09:09:33 [scrapy.core.scraper] WARNING: Dropped: This Page Does Not Exist
{'zl_update_time': "'20170603'"}
2017-06-03 09:09:33 [scrapy.core.scraper] WARNING: Dropped: This Page Does Not Exist
{'zl_update_time': "'20170603'"}
2017-06-03 09:09:34 [scrapy.core.scraper] WARNING: Dropped: This Page Does Not Exist
{'zl_update_time': "'20170603'"}
2017-06-03 09:09:34 [scrapy.core.scraper] WARNING: Dropped: This Page Does Not Exist
{'zl_update_time': "'20170603'"}
2017-06-03 09:09:34 [scrapy.core.scraper] WARNING: Dropped: This Page Does Not Exist
{'zl_update_time': "'20170603'"}
2017-06-03 09:09:34 [scrapy.core.scraper] WARNING: Dropped: This Page Does Not Exist
{'zl_update_time': "'20170603'"}
2017-06-03 09:09:35 [scrapy.core.scraper] WARNING: Dropped: This Page Does Not Exist
{'zl_update_time': "'20170603'"}
2017-06-03 09:09:35 [scrapy.core.scraper] WARNING: Dropped: This Page Does Not Exist
{'zl_update_time': "'20170603'"}
2017-06-03 09:09:37 [scrapy.core.scraper] WARNING: Dropped: This Page Does Not Exist
{'zl_update_time': "'20170603'"}
2017-06-03 09:09:38 [scrapy.core.scraper] WARNING: Dropped: This Page Does Not Exist
{'zl_update_time': "'20170603'"}
2017-06-03 09:09:38 [scrapy.core.scraper] WARNING: Dropped: This Page Does Not Exist
{'zl_update_time': "'20170603'"}
2017-06-03 09:09:39 [scrapy.core.scraper] WARNING: Dropped: This Page Does Not Exist
{'zl_update_time': "'20170603'"}
2017-06-03 09:09:40 [scrapy.core.scraper] WARNING: Dropped: This Page Does Not Exist
{'zl_update_time': "'20170603'"}
2017-06-03 09:09:41 [scrapy.core.scraper] WARNING: Dropped: This Page Does Not Exist
{'zl_update_time': "'20170603'"}
2017-06-03 09:09:41 [scrapy.core.scraper] WARNING: Dropped: This Page Does Not Exist
{'zl_update_time': "'20170603'"}
2017-06-03 09:09:42 [scrapy.core.scraper] WARNING: Dropped: This Page Does Not Exist
{'zl_update_time': "'20170603'"}
2017-06-03 09:09:43 [scrapy.core.scraper] WARNING: Dropped: This Page Does Not Exist
{'zl_update_time': "'20170603'"}
2017-06-03 09:09:45 [scrapy.core.scraper] WARNING: Dropped: This Page Does Not Exist
{'zl_update_time': "'20170603'"}
2017-06-03 09:09:47 [scrapy.core.scraper] WARNING: Dropped: This Page Does Not Exist
{'zl_update_time': "'20170603'"}
2017-06-03 09:09:48 [scrapy.core.scraper] WARNING: Dropped: This Page Does Not Exist
{'zl_update_time': "'20170603'"}
2017-06-03 09:09:49 [scrapy.core.scraper] WARNING: Dropped: This Page Does Not Exist
{'zl_update_time': "'20170603'"}
2017-06-03 09:09:52 [scrapy.core.scraper] WARNING: Dropped: This Page Does Not Exist
{'zl_update_time': "'20170603'"}
2017-06-03 09:09:52 [scrapy.core.scraper] WARNING: Dropped: This Page Does Not Exist
{'zl_update_time': "'20170603'"}
2017-06-03 09:09:52 [scrapy.core.scraper] WARNING: Dropped: This Page Does Not Exist
{'zl_update_time': "'20170603'"}
2017-06-03 09:09:53 [scrapy.core.scraper] WARNING: Dropped: This Page Does Not Exist
{'zl_update_time': "'20170603'"}
2017-06-03 09:09:54 [scrapy.core.scraper] WARNING: Dropped: This Page Does Not Exist
{'zl_update_time': "'20170603'"}
2017-06-03 09:09:54 [scrapy.core.scraper] WARNING: Dropped: This Page Does Not Exist
{'zl_update_time': "'20170603'"}
2017-06-03 09:09:56 [scrapy.core.scraper] WARNING: Dropped: This Page Does Not Exist
{'zl_update_time': "'20170603'"}
2017-06-03 09:09:58 [scrapy.core.scraper] WARNING: Dropped: This Page Does Not Exist
{'zl_update_time': "'20170603'"}
2017-06-03 09:09:59 [scrapy.core.scraper] WARNING: Dropped: This Page Does Not Exist
{'zl_update_time': "'20170603'"}
2017-06-03 09:09:59 [scrapy.core.scraper] WARNING: Dropped: This Page Does Not Exist
{'zl_update_time': "'20170603'"}
2017-06-03 09:10:00 [scrapy.core.scraper] WARNING: Dropped: This Page Does Not Exist
{'zl_update_time': "'20170603'"}
2017-06-03 09:10:00 [scrapy.core.scraper] WARNING: Dropped: This Page Does Not Exist
{'zl_update_time': "'20170603'"}
2017-06-03 09:10:02 [scrapy.core.scraper] WARNING: Dropped: This Page Does Not Exist
{'zl_update_time': "'20170603'"}
2017-06-03 09:10:02 [scrapy.core.scraper] WARNING: Dropped: This Page Does Not Exist
{'zl_update_time': "'20170603'"}
2017-06-03 09:10:02 [scrapy.core.scraper] WARNING: Dropped: This Page Does Not Exist
{'zl_update_time': "'20170603'"}
2017-06-03 09:10:03 [scrapy.core.scraper] WARNING: Dropped: This Page Does Not Exist
{'zl_update_time': "'20170603'"}
2017-06-03 09:10:03 [scrapy.core.scraper] WARNING: Dropped: This Page Does Not Exist
{'zl_update_time': "'20170603'"}
2017-06-03 09:10:03 [scrapy.core.scraper] WARNING: Dropped: This Page Does Not Exist
{'zl_update_time': "'20170603'"}
2017-06-03 09:10:04 [scrapy.core.scraper] WARNING: Dropped: This Page Does Not Exist
{'zl_update_time': "'20170603'"}
2017-06-03 09:10:06 [scrapy.core.scraper] WARNING: Dropped: This Page Does Not Exist
{'zl_update_time': "'20170603'"}
2017-06-03 09:10:07 [scrapy.core.scraper] WARNING: Dropped: This Page Does Not Exist
{'zl_update_time': "'20170603'"}
2017-06-03 09:10:08 [scrapy.extensions.logstats] INFO: Crawled 330 pages (at 103 pages/min), scraped 27 items (at 10 items/min)
2017-06-03 09:10:09 [scrapy.core.scraper] WARNING: Dropped: This Page Does Not Exist
{'zl_update_time': "'20170603'"}
2017-06-03 09:10:09 [scrapy.core.scraper] WARNING: Dropped: This Page Does Not Exist
{'zl_update_time': "'20170603'"}
2017-06-03 09:10:10 [scrapy.core.scraper] WARNING: Dropped: This Page Does Not Exist
{'zl_update_time': "'20170603'"}
2017-06-03 09:10:11 [scrapy.core.scraper] WARNING: Dropped: This Page Does Not Exist
{'zl_update_time': "'20170603'"}
2017-06-03 09:10:11 [scrapy.core.scraper] WARNING: Dropped: This Page Does Not Exist
{'zl_update_time': "'20170603'"}
2017-06-03 09:10:11 [scrapy.core.scraper] WARNING: Dropped: This Page Does Not Exist
{'zl_update_time': "'20170603'"}
2017-06-03 09:10:11 [scrapy.core.scraper] WARNING: Dropped: This Page Does Not Exist
{'zl_update_time': "'20170603'"}
2017-06-03 09:10:12 [scrapy.core.scraper] WARNING: Dropped: This Page Does Not Exist
{'zl_update_time': "'20170603'"}
2017-06-03 09:10:12 [scrapy.core.scraper] WARNING: Dropped: This Page Does Not Exist
{'zl_update_time': "'20170603'"}
2017-06-03 09:10:13 [scrapy.core.scraper] WARNING: Dropped: This Page Does Not Exist
{'zl_update_time': "'20170603'"}
2017-06-03 09:10:15 [scrapy.core.scraper] WARNING: Dropped: This Page Does Not Exist
{'zl_update_time': "'20170603'"}
2017-06-03 09:10:15 [scrapy.core.scraper] WARNING: Dropped: This Page Does Not Exist
{'zl_update_time': "'20170603'"}
2017-06-03 09:10:16 [scrapy.core.scraper] WARNING: Dropped: This Page Does Not Exist
{'zl_update_time': "'20170603'"}
2017-06-03 09:10:16 [scrapy.core.scraper] WARNING: Dropped: This Page Does Not Exist
{'zl_update_time': "'20170603'"}
2017-06-03 09:10:16 [scrapy.core.scraper] WARNING: Dropped: This Page Does Not Exist
{'zl_update_time': "'20170603'"}
2017-06-03 09:10:16 [scrapy.core.scraper] WARNING: Dropped: This Page Does Not Exist
{'zl_update_time': "'20170603'"}
2017-06-03 09:10:18 [scrapy.core.scraper] WARNING: Dropped: This Page Does Not Exist
{'zl_update_time': "'20170603'"}
2017-06-03 09:10:18 [scrapy.core.scraper] WARNING: Dropped: This Page Does Not Exist
{'zl_update_time': "'20170603'"}
2017-06-03 09:10:19 [scrapy.core.scraper] WARNING: Dropped: This Page Does Not Exist
{'zl_update_time': "'20170603'"}
2017-06-03 09:10:20 [scrapy.core.scraper] WARNING: Dropped: This Page Does Not Exist
{'zl_update_time': "'20170603'"}
2017-06-03 09:10:21 [scrapy.core.scraper] WARNING: Dropped: This Page Does Not Exist
{'zl_update_time': "'20170603'"}
2017-06-03 09:10:22 [scrapy.core.scraper] WARNING: Dropped: This Page Does Not Exist
{'zl_update_time': "'20170603'"}
2017-06-03 09:10:22 [scrapy.core.scraper] WARNING: Dropped: This Page Does Not Exist
{'zl_update_time': "'20170603'"}
2017-06-03 09:10:24 [scrapy.core.scraper] WARNING: Dropped: This Page Does Not Exist
{'zl_update_time': "'20170603'"}
2017-06-03 09:10:25 [scrapy.core.scraper] WARNING: Dropped: This Page Does Not Exist
{'zl_update_time': "'20170603'"}
2017-06-03 09:10:25 [scrapy.core.scraper] WARNING: Dropped: This Page Does Not Exist
{'zl_update_time': "'20170603'"}
2017-06-03 09:10:27 [scrapy.core.scraper] WARNING: Dropped: This Page Does Not Exist
{'zl_update_time': "'20170603'"}
2017-06-03 09:10:27 [scrapy.core.scraper] WARNING: Dropped: This Page Does Not Exist
{'zl_update_time': "'20170603'"}
2017-06-03 09:10:29 [scrapy.core.scraper] WARNING: Dropped: This Page Does Not Exist
{'zl_update_time': "'20170603'"}
2017-06-03 09:10:30 [scrapy.core.scraper] WARNING: Dropped: This Page Does Not Exist
{'zl_update_time': "'20170603'"}
2017-06-03 09:10:31 [scrapy.core.scraper] WARNING: Dropped: This Page Does Not Exist
{'zl_update_time': "'20170603'"}
2017-06-03 09:10:31 [scrapy.core.scraper] WARNING: Dropped: This Page Does Not Exist
{'zl_update_time': "'20170603'"}
2017-06-03 09:10:31 [scrapy.core.scraper] WARNING: Dropped: This Page Does Not Exist
{'zl_update_time': "'20170603'"}
2017-06-03 09:10:31 [scrapy.core.scraper] WARNING: Dropped: This Page Does Not Exist
{'zl_update_time': "'20170603'"}
2017-06-03 09:10:32 [scrapy.core.scraper] WARNING: Dropped: This Page Does Not Exist
{'zl_update_time': "'20170603'"}
2017-06-03 09:10:32 [scrapy.core.scraper] WARNING: Dropped: This Page Does Not Exist
{'zl_update_time': "'20170603'"}
2017-06-03 09:10:33 [scrapy.core.scraper] WARNING: Dropped: This Page Does Not Exist
{'zl_update_time': "'20170603'"}
2017-06-03 09:10:34 [scrapy.core.scraper] WARNING: Dropped: This Page Does Not Exist
{'zl_update_time': "'20170603'"}
2017-06-03 09:10:34 [scrapy.core.scraper] WARNING: Dropped: This Page Does Not Exist
{'zl_update_time': "'20170603'"}
2017-06-03 09:10:35 [scrapy.core.scraper] WARNING: Dropped: This Page Does Not Exist
{'zl_update_time': "'20170603'"}
2017-06-03 09:10:35 [scrapy.core.scraper] WARNING: Dropped: This Page Does Not Exist
{'zl_update_time': "'20170603'"}
2017-06-03 09:10:35 [scrapy.core.scraper] WARNING: Dropped: This Page Does Not Exist
{'zl_update_time': "'20170603'"}
2017-06-03 09:10:36 [scrapy.core.scraper] WARNING: Dropped: This Page Does Not Exist
{'zl_update_time': "'20170603'"}
2017-06-03 09:10:39 [scrapy.core.scraper] WARNING: Dropped: This Page Does Not Exist
{'zl_update_time': "'20170603'"}
2017-06-03 09:10:39 [scrapy.core.scraper] WARNING: Dropped: This Page Does Not Exist
{'zl_update_time': "'20170603'"}
2017-06-03 09:10:40 [scrapy.core.scraper] WARNING: Dropped: This Page Does Not Exist
{'zl_update_time': "'20170603'"}
2017-06-03 09:10:40 [scrapy.core.scraper] WARNING: Dropped: This Page Does Not Exist
{'zl_update_time': "'20170603'"}
2017-06-03 09:10:41 [scrapy.core.scraper] WARNING: Dropped: This Page Does Not Exist
{'zl_update_time': "'20170603'"}
2017-06-03 09:10:42 [scrapy.core.scraper] WARNING: Dropped: This Page Does Not Exist
{'zl_update_time': "'20170603'"}
2017-06-03 09:10:42 [scrapy.core.scraper] WARNING: Dropped: This Page Does Not Exist
{'zl_update_time': "'20170603'"}
2017-06-03 09:10:42 [scrapy.core.scraper] WARNING: Dropped: This Page Does Not Exist
{'zl_update_time': "'20170603'"}
2017-06-03 09:10:43 [scrapy.core.scraper] WARNING: Dropped: This Page Does Not Exist
{'zl_update_time': "'20170603'"}
2017-06-03 09:10:43 [scrapy.core.scraper] WARNING: Dropped: This Page Does Not Exist
{'zl_update_time': "'20170603'"}
2017-06-03 09:10:45 [scrapy.core.scraper] WARNING: Dropped: This Page Does Not Exist
{'zl_update_time': "'20170603'"}
2017-06-03 09:10:46 [scrapy.core.scraper] WARNING: Dropped: This Page Does Not Exist
{'zl_update_time': "'20170603'"}
2017-06-03 09:10:47 [scrapy.core.scraper] WARNING: Dropped: This Page Does Not Exist
{'zl_update_time': "'20170603'"}
2017-06-03 09:10:47 [scrapy.core.scraper] WARNING: Dropped: This Page Does Not Exist
{'zl_update_time': "'20170603'"}
2017-06-03 09:10:49 [scrapy.core.scraper] WARNING: Dropped: This Page Does Not Exist
{'zl_update_time': "'20170603'"}
2017-06-03 09:10:50 [scrapy.core.scraper] WARNING: Dropped: This Page Does Not Exist
{'zl_update_time': "'20170603'"}
2017-06-03 09:10:51 [scrapy.core.scraper] WARNING: Dropped: This Page Does Not Exist
{'zl_update_time': "'20170603'"}
2017-06-03 09:10:52 [scrapy.core.scraper] WARNING: Dropped: This Page Does Not Exist
{'zl_update_time': "'20170603'"}
2017-06-03 09:10:52 [scrapy.core.scraper] WARNING: Dropped: This Page Does Not Exist
{'zl_update_time': "'20170603'"}
2017-06-03 09:10:53 [scrapy.core.scraper] WARNING: Dropped: This Page Does Not Exist
{'zl_update_time': "'20170603'"}
2017-06-03 09:10:54 [scrapy.core.scraper] WARNING: Dropped: This Page Does Not Exist
{'zl_update_time': "'20170603'"}
2017-06-03 09:10:54 [scrapy.core.scraper] WARNING: Dropped: This Page Does Not Exist
{'zl_update_time': "'20170603'"}
2017-06-03 09:10:54 [scrapy.core.scraper] WARNING: Dropped: This Page Does Not Exist
{'zl_update_time': "'20170603'"}
2017-06-03 09:10:54 [scrapy.core.scraper] WARNING: Dropped: This Page Does Not Exist
{'zl_update_time': "'20170603'"}
2017-06-03 09:10:55 [scrapy.core.scraper] WARNING: Dropped: This Page Does Not Exist
{'zl_update_time': "'20170603'"}
2017-06-03 09:10:56 [scrapy.core.scraper] WARNING: Dropped: This Page Does Not Exist
{'zl_update_time': "'20170603'"}
2017-06-03 09:10:56 [scrapy.core.scraper] WARNING: Dropped: This Page Does Not Exist
{'zl_update_time': "'20170603'"}
2017-06-03 09:10:58 [scrapy.core.scraper] WARNING: Dropped: This Page Does Not Exist
{'zl_update_time': "'20170603'"}
2017-06-03 09:10:58 [scrapy.core.scraper] WARNING: Dropped: This Page Does Not Exist
{'zl_update_time': "'20170603'"}
2017-06-03 09:11:00 [scrapy.core.scraper] WARNING: Dropped: This Page Does Not Exist
{'zl_update_time': "'20170603'"}
2017-06-03 09:11:00 [scrapy.core.scraper] WARNING: Dropped: This Page Does Not Exist
{'zl_update_time': "'20170603'"}
2017-06-03 09:11:00 [scrapy.core.scraper] WARNING: Dropped: This Page Does Not Exist
{'zl_update_time': "'20170603'"}
2017-06-03 09:11:00 [scrapy.core.scraper] WARNING: Dropped: This Page Does Not Exist
{'zl_update_time': "'20170603'"}
2017-06-03 09:11:01 [scrapy.core.scraper] WARNING: Dropped: This Page Does Not Exist
{'zl_update_time': "'20170603'"}
2017-06-03 09:11:01 [scrapy.core.scraper] WARNING: Dropped: This Page Does Not Exist
{'zl_update_time': "'20170603'"}
2017-06-03 09:11:03 [scrapy.core.scraper] WARNING: Dropped: This Page Does Not Exist
{'zl_update_time': "'20170603'"}
2017-06-03 09:11:03 [scrapy.core.scraper] WARNING: Dropped: This Page Does Not Exist
{'zl_update_time': "'20170603'"}
2017-06-03 09:11:05 [scrapy.core.scraper] WARNING: Dropped: This Page Does Not Exist
{'zl_update_time': "'20170603'"}
2017-06-03 09:11:05 [scrapy.core.scraper] WARNING: Dropped: This Page Does Not Exist
{'zl_update_time': "'20170603'"}
2017-06-03 09:11:05 [scrapy.core.scraper] WARNING: Dropped: This Page Does Not Exist
{'zl_update_time': "'20170603'"}
2017-06-03 09:11:08 [scrapy.extensions.logstats] INFO: Crawled 424 pages (at 94 pages/min), scraped 38 items (at 11 items/min)
2017-06-03 09:11:09 [scrapy.core.scraper] WARNING: Dropped: This Page Does Not Exist
{'zl_update_time': "'20170603'"}
2017-06-03 09:11:09 [scrapy.core.scraper] WARNING: Dropped: This Page Does Not Exist
{'zl_update_time': "'20170603'"}
2017-06-03 09:11:10 [scrapy.core.scraper] WARNING: Dropped: This Page Does Not Exist
{'zl_update_time': "'20170603'"}
2017-06-03 09:11:11 [scrapy.core.scraper] WARNING: Dropped: This Page Does Not Exist
{'zl_update_time': "'20170603'"}
2017-06-03 09:11:11 [scrapy.core.scraper] WARNING: Dropped: This Page Does Not Exist
{'zl_update_time': "'20170603'"}
2017-06-03 09:11:11 [scrapy.core.scraper] WARNING: Dropped: This Page Does Not Exist
{'zl_update_time': "'20170603'"}
2017-06-03 09:11:11 [scrapy.core.scraper] WARNING: Dropped: This Page Does Not Exist
{'zl_update_time': "'20170603'"}
2017-06-03 09:11:11 [scrapy.core.scraper] WARNING: Dropped: This Page Does Not Exist
{'zl_update_time': "'20170603'"}
2017-06-03 09:11:13 [scrapy.core.scraper] WARNING: Dropped: This Page Does Not Exist
{'zl_update_time': "'20170603'"}
2017-06-03 09:11:14 [scrapy.core.scraper] WARNING: Dropped: This Page Does Not Exist
{'zl_update_time': "'20170603'"}
2017-06-03 09:11:15 [scrapy.core.scraper] WARNING: Dropped: This Page Does Not Exist
{'zl_update_time': "'20170603'"}
2017-06-03 09:11:17 [scrapy.core.scraper] WARNING: Dropped: This Page Does Not Exist
{'zl_update_time': "'20170603'"}
2017-06-03 09:11:19 [scrapy.core.scraper] WARNING: Dropped: This Page Does Not Exist
{'zl_update_time': "'20170603'"}
2017-06-03 09:11:20 [scrapy.core.scraper] WARNING: Dropped: This Page Does Not Exist
{'zl_update_time': "'20170603'"}
2017-06-03 09:11:20 [scrapy.core.scraper] WARNING: Dropped: This Page Does Not Exist
{'zl_update_time': "'20170603'"}
2017-06-03 09:11:20 [scrapy.core.scraper] WARNING: Dropped: This Page Does Not Exist
{'zl_update_time': "'20170603'"}
2017-06-03 09:11:21 [scrapy.core.scraper] WARNING: Dropped: This Page Does Not Exist
{'zl_update_time': "'20170603'"}
2017-06-03 09:11:21 [scrapy.core.scraper] WARNING: Dropped: This Page Does Not Exist
{'zl_update_time': "'20170603'"}
2017-06-03 09:11:22 [scrapy.core.scraper] WARNING: Dropped: This Page Does Not Exist
{'zl_update_time': "'20170603'"}
2017-06-03 09:11:23 [scrapy.core.scraper] WARNING: Dropped: This Page Does Not Exist
{'zl_update_time': "'20170603'"}
2017-06-03 09:11:23 [scrapy.core.scraper] WARNING: Dropped: This Page Does Not Exist
{'zl_update_time': "'20170603'"}
2017-06-03 09:11:25 [scrapy.core.scraper] WARNING: Dropped: This Page Does Not Exist
{'zl_update_time': "'20170603'"}
2017-06-03 09:11:26 [scrapy.core.scraper] WARNING: Dropped: This Page Does Not Exist
{'zl_update_time': "'20170603'"}
2017-06-03 09:11:27 [scrapy.core.scraper] WARNING: Dropped: This Page Does Not Exist
{'zl_update_time': "'20170603'"}
2017-06-03 09:11:30 [scrapy.core.scraper] WARNING: Dropped: This Page Does Not Exist
{'zl_update_time': "'20170603'"}
2017-06-03 09:11:30 [scrapy.core.scraper] WARNING: Dropped: This Page Does Not Exist
{'zl_update_time': "'20170603'"}
2017-06-03 09:11:31 [scrapy.core.scraper] WARNING: Dropped: This Page Does Not Exist
{'zl_update_time': "'20170603'"}
2017-06-03 09:11:32 [scrapy.core.scraper] WARNING: Dropped: This Page Does Not Exist
{'zl_update_time': "'20170603'"}
2017-06-03 09:11:33 [scrapy.core.scraper] WARNING: Dropped: This Page Does Not Exist
{'zl_update_time': "'20170603'"}
2017-06-03 09:11:35 [scrapy.core.scraper] WARNING: Dropped: This Page Does Not Exist
{'zl_update_time': "'20170603'"}
2017-06-03 09:11:36 [scrapy.core.scraper] WARNING: Dropped: This Page Does Not Exist
{'zl_update_time': "'20170603'"}
2017-06-03 09:11:36 [scrapy.core.scraper] WARNING: Dropped: This Page Does Not Exist
{'zl_update_time': "'20170603'"}
2017-06-03 09:11:37 [scrapy.core.scraper] WARNING: Dropped: This Page Does Not Exist
{'zl_update_time': "'20170603'"}
2017-06-03 09:11:37 [scrapy.core.scraper] WARNING: Dropped: This Page Does Not Exist
{'zl_update_time': "'20170603'"}
2017-06-03 09:11:38 [scrapy.core.scraper] WARNING: Dropped: This Page Does Not Exist
{'zl_update_time': "'20170603'"}
2017-06-03 09:11:38 [scrapy.core.scraper] WARNING: Dropped: This Page Does Not Exist
{'zl_update_time': "'20170603'"}
2017-06-03 09:11:39 [scrapy.core.scraper] WARNING: Dropped: This Page Does Not Exist
{'zl_update_time': "'20170603'"}
2017-06-03 09:11:39 [scrapy.core.scraper] WARNING: Dropped: This Page Does Not Exist
{'zl_update_time': "'20170603'"}
2017-06-03 09:11:41 [scrapy.core.scraper] WARNING: Dropped: This Page Does Not Exist
{'zl_update_time': "'20170603'"}
2017-06-03 09:11:41 [scrapy.core.scraper] WARNING: Dropped: This Page Does Not Exist
{'zl_update_time': "'20170603'"}
2017-06-03 09:11:45 [scrapy.core.scraper] WARNING: Dropped: This Page Does Not Exist
{'zl_update_time': "'20170603'"}
2017-06-03 09:11:46 [scrapy.core.scraper] WARNING: Dropped: This Page Does Not Exist
{'zl_update_time': "'20170603'"}
2017-06-03 09:11:47 [scrapy.core.scraper] WARNING: Dropped: This Page Does Not Exist
{'zl_update_time': "'20170603'"}
2017-06-03 09:11:48 [scrapy.core.scraper] WARNING: Dropped: This Page Does Not Exist
{'zl_update_time': "'20170603'"}
2017-06-03 09:12:08 [scrapy.extensions.logstats] INFO: Crawled 472 pages (at 48 pages/min), scraped 42 items (at 4 items/min)
2017-06-03 09:12:40 [scrapy.core.scraper] WARNING: Dropped: This Page Does Not Exist
{'zl_update_time': "'20170603'"}
2017-06-03 09:12:40 [scrapy.core.engine] INFO: Closing spider (finished)
2017-06-03 09:12:40 [scrapy.extensions.feedexport] INFO: Stored csv feed (42 items) in: /Users/Han/Desktop/Code/company_info_gleaner/zhilian_history/zhilian_20170602.txt
2017-06-03 09:12:40 [scrapy.statscollectors] INFO: Dumping Scrapy stats:
{'downloader/exception_count': 9,
 'downloader/exception_type_count/scrapy.core.downloader.handlers.http11.TunnelError': 1,
 'downloader/exception_type_count/twisted.internet.error.TimeoutError': 8,
 'downloader/request_bytes': 3782367,
 'downloader/request_count': 10026,
 'downloader/request_method_count/GET': 10026,
 'downloader/response_bytes': 7034437,
 'downloader/response_count': 10017,
 'downloader/response_status_count/200': 473,
 'downloader/response_status_count/301': 4,
 'downloader/response_status_count/302': 9540,
 'dupefilter/filtered': 9527,
 'finish_reason': 'finished',
 'finish_time': datetime.datetime(2017, 6, 3, 1, 12, 40, 658787),
 'item_dropped_count': 431,
 'item_dropped_reasons_count/DropItem': 431,
 'item_scraped_count': 42,
 'log_count/INFO': 16,
 'log_count/WARNING': 431,
 'response_received_count': 473,
 'scheduler/dequeued': 10026,
 'scheduler/dequeued/memory': 10026,
 'scheduler/enqueued': 10026,
 'scheduler/enqueued/memory': 10026,
 'start_time': datetime.datetime(2017, 6, 3, 1, 4, 8, 621757)}
2017-06-03 09:12:40 [scrapy.core.engine] INFO: Spider closed (finished)
